
 Performance counter stats for './mandelbrot_pth -2.5 1.5 -2.0 2.0 16 32' (10 runs):

              2,33 msec task-clock                #    1,130 CPUs utilized            ( +-  3,61% )
                24      context-switches          #    0,010 M/sec                    ( +- 17,80% )
                 3      cpu-migrations            #    0,001 M/sec                    ( +- 27,56% )
               151      page-faults               #    0,065 M/sec                    ( +-  0,20% )
         7.749.328      cycles                    #    3,329 GHz                      ( +-  3,55% )
         4.175.059      instructions              #    0,54  insn per cycle           ( +-  1,77% )
           828.362      branches                  #  355,866 M/sec                    ( +-  1,81% )
            24.100      branch-misses             #    2,91% of all branches          ( +-  2,09% )

          0,002061 +- 0,000133 seconds time elapsed  ( +-  6,44% )


 Performance counter stats for './mandelbrot_pth -2.5 1.5 -2.0 2.0 32 32' (10 runs):

              2,37 msec task-clock                #    0,642 CPUs utilized            ( +-  1,40% )
                16      context-switches          #    0,007 M/sec                    ( +- 10,80% )
                 3      cpu-migrations            #    0,001 M/sec                    ( +- 58,94% )
               159      page-faults               #    0,067 M/sec                    ( +-  0,42% )
         7.913.211      cycles                    #    3,342 GHz                      ( +-  1,43% )
         4.929.138      instructions              #    0,62  insn per cycle           ( +-  0,35% )
           904.093      branches                  #  381,881 M/sec                    ( +-  0,38% )
            23.360      branch-misses             #    2,58% of all branches          ( +-  1,68% )

          0,003689 +- 0,000802 seconds time elapsed  ( +- 21,73% )


 Performance counter stats for './mandelbrot_pth -2.5 1.5 -2.0 2.0 64 32' (10 runs):

              3,28 msec task-clock                #    1,276 CPUs utilized            ( +-  1,67% )
                31      context-switches          #    0,010 M/sec                    ( +-  7,30% )
                 2      cpu-migrations            #    0,640 K/sec                    ( +- 45,15% )
               189      page-faults               #    0,058 M/sec                    ( +-  0,28% )
        11.044.025      cycles                    #    3,365 GHz                      ( +-  1,67% )
         8.512.093      instructions              #    0,77  insn per cycle           ( +-  0,20% )
         1.324.656      branches                  #  403,564 M/sec                    ( +-  0,26% )
            26.398      branch-misses             #    1,99% of all branches          ( +-  1,63% )

          0,002573 +- 0,000294 seconds time elapsed  ( +- 11,43% )


 Performance counter stats for './mandelbrot_pth -2.5 1.5 -2.0 2.0 128 32' (10 runs):

              6,27 msec task-clock                #    1,833 CPUs utilized            ( +-  0,64% )
                35      context-switches          #    0,006 M/sec                    ( +-  4,96% )
                 3      cpu-migrations            #    0,511 K/sec                    ( +- 25,43% )
               308      page-faults               #    0,049 M/sec                    ( +-  0,21% )
        21.446.123      cycles                    #    3,423 GHz                      ( +-  0,63% )
        22.402.458      instructions              #    1,04  insn per cycle           ( +-  0,19% )
         2.920.285      branches                  #  466,112 M/sec                    ( +-  0,30% )
            32.025      branch-misses             #    1,10% of all branches          ( +-  1,27% )

         0,0034175 +- 0,0000587 seconds time elapsed  ( +-  1,72% )


 Performance counter stats for './mandelbrot_pth -2.5 1.5 -2.0 2.0 256 32' (10 runs):

             18,77 msec task-clock                #    1,871 CPUs utilized            ( +-  0,88% )
                47      context-switches          #    0,002 M/sec                    ( +-  7,56% )
                 7      cpu-migrations            #    0,394 K/sec                    ( +- 31,74% )
               791      page-faults               #    0,042 M/sec                    ( +-  0,09% )
        65.074.166      cycles                    #    3,467 GHz                      ( +-  0,88% )
        77.530.610      instructions              #    1,19  insn per cycle           ( +-  0,05% )
         9.215.009      branches                  #  490,959 M/sec                    ( +-  0,09% )
            47.454      branch-misses             #    0,51% of all branches          ( +-  2,04% )

          0,010031 +- 0,000385 seconds time elapsed  ( +-  3,84% )


 Performance counter stats for './mandelbrot_pth -2.5 1.5 -2.0 2.0 512 32' (10 runs):

             68,54 msec task-clock                #    1,921 CPUs utilized            ( +-  0,95% )
                67      context-switches          #    0,976 K/sec                    ( +-  3,66% )
                11      cpu-migrations            #    0,159 K/sec                    ( +- 13,22% )
             2.710      page-faults               #    0,040 M/sec                    ( +-  0,02% )
       234.735.946      cycles                    #    3,425 GHz                      ( +-  0,87% )
       297.614.907      instructions              #    1,27  insn per cycle           ( +-  0,01% )
        34.337.193      branches                  #  500,947 M/sec                    ( +-  0,02% )
           103.124      branch-misses             #    0,30% of all branches          ( +-  1,07% )

          0,035684 +- 0,000827 seconds time elapsed  ( +-  2,32% )


 Performance counter stats for './mandelbrot_pth -2.5 1.5 -2.0 2.0 1024 32' (10 runs):

            280,86 msec task-clock                #    2,098 CPUs utilized            ( +-  0,68% )
               177      context-switches          #    0,631 K/sec                    ( +-  4,65% )
                19      cpu-migrations            #    0,067 K/sec                    ( +-  6,23% )
            10.390      page-faults               #    0,037 M/sec                    ( +-  0,01% )
       930.005.988      cycles                    #    3,311 GHz                      ( +-  0,46% )
     1.178.812.088      instructions              #    1,27  insn per cycle           ( +-  0,02% )
       135.000.278      branches                  #  480,667 M/sec                    ( +-  0,03% )
           308.774      branch-misses             #    0,23% of all branches          ( +-  0,83% )

          0,133898 +- 0,000899 seconds time elapsed  ( +-  0,67% )


 Performance counter stats for './mandelbrot_pth -2.5 1.5 -2.0 2.0 2048 32' (10 runs):

          1.093,46 msec task-clock                #    2,108 CPUs utilized            ( +-  0,37% )
               489      context-switches          #    0,447 K/sec                    ( +-  3,14% )
                23      cpu-migrations            #    0,021 K/sec                    ( +-  9,83% )
            41.109      page-faults               #    0,038 M/sec                    ( +-  0,00% )
     3.700.912.600      cycles                    #    3,385 GHz                      ( +-  0,12% )
     4.699.937.117      instructions              #    1,27  insn per cycle           ( +-  0,01% )
       537.030.150      branches                  #  491,128 M/sec                    ( +-  0,02% )
         1.038.320      branch-misses             #    0,19% of all branches          ( +-  1,20% )

           0,51876 +- 0,00415 seconds time elapsed  ( +-  0,80% )


 Performance counter stats for './mandelbrot_pth -2.5 1.5 -2.0 2.0 4096 32' (10 runs):

          4.304,02 msec task-clock                #    2,116 CPUs utilized            ( +-  0,26% )
             1.623      context-switches          #    0,377 K/sec                    ( +-  4,80% )
                38      cpu-migrations            #    0,009 K/sec                    ( +-  4,83% )
           163.988      page-faults               #    0,038 M/sec                    ( +-  0,00% )
    14.781.783.128      cycles                    #    3,434 GHz                      ( +-  0,11% )
    18.788.121.112      instructions              #    1,27  insn per cycle           ( +-  0,01% )
     2.145.474.751      branches                  #  498,482 M/sec                    ( +-  0,02% )
         3.925.415      branch-misses             #    0,18% of all branches          ( +-  0,61% )

            2,0340 +- 0,0133 seconds time elapsed  ( +-  0,66% )


 Performance counter stats for './mandelbrot_pth -2.5 1.5 -2.0 2.0 8192 32' (10 runs):

         17.404,08 msec task-clock                #    2,166 CPUs utilized            ( +-  0,46% )
             5.657      context-switches          #    0,325 K/sec                    ( +-  2,22% )
               112      cpu-migrations            #    0,006 K/sec                    ( +-  5,18% )
           655.508      page-faults               #    0,038 M/sec                    ( +-  0,00% )
    59.056.989.711      cycles                    #    3,393 GHz                      ( +-  0,05% )
    75.188.207.973      instructions              #    1,27  insn per cycle           ( +-  0,01% )
     8.589.460.900      branches                  #  493,531 M/sec                    ( +-  0,03% )
        14.905.063      branch-misses             #    0,17% of all branches          ( +-  0,45% )

            8,0352 +- 0,0634 seconds time elapsed  ( +-  0,79% )

