
 Performance counter stats for './mandelbrot_pth -2.5 1.5 -2.0 2.0 16 4' (10 runs):

              0,80 msec task-clock                #    1,005 CPUs utilized            ( +- 10,45% )
                 6      context-switches          #    0,007 M/sec                    ( +-  5,26% )
                 2      cpu-migrations            #    0,002 M/sec                    ( +- 16,67% )
                90      page-faults               #    0,114 M/sec                    ( +-  0,66% )
         2.691.722      cycles                    #    3,383 GHz                      ( +- 10,78% )
         1.941.483      instructions              #    0,72  insn per cycle           ( +- 11,74% )
           361.968      branches                  #  454,929 M/sec                    ( +- 12,14% )
            15.242      branch-misses             #    4,21% of all branches          ( +-  7,26% )

         0,0007914 +- 0,0000784 seconds time elapsed  ( +-  9,90% )


 Performance counter stats for './mandelbrot_pth -2.5 1.5 -2.0 2.0 32 4' (10 runs):

              0,91 msec task-clock                #    1,215 CPUs utilized            ( +-  3,63% )
                 4      context-switches          #    0,004 M/sec                    ( +-  7,45% )
                 1      cpu-migrations            #    0,993 K/sec                    ( +- 34,94% )
               100      page-faults               #    0,110 M/sec                    ( +-  0,47% )
         3.090.333      cycles                    #    3,410 GHz                      ( +-  3,57% )
         2.515.602      instructions              #    0,81  insn per cycle           ( +-  2,57% )
           402.236      branches                  #  443,813 M/sec                    ( +-  3,12% )
            14.447      branch-misses             #    3,59% of all branches          ( +-  3,00% )

         0,0007462 +- 0,0000280 seconds time elapsed  ( +-  3,76% )


 Performance counter stats for './mandelbrot_pth -2.5 1.5 -2.0 2.0 64 4' (10 runs):

              1,52 msec task-clock                #    1,314 CPUs utilized            ( +-  3,36% )
                 4      context-switches          #    0,003 M/sec                    ( +-  6,75% )
                 0      cpu-migrations            #    0,197 K/sec                    ( +- 50,92% )
               128      page-faults               #    0,084 M/sec                    ( +-  0,44% )
         5.212.732      cycles                    #    3,419 GHz                      ( +-  2,92% )
         5.452.752      instructions              #    1,05  insn per cycle           ( +-  1,95% )
           691.433      branches                  #  453,478 M/sec                    ( +-  2,97% )
            16.004      branch-misses             #    2,31% of all branches          ( +-  3,65% )

         0,0011601 +- 0,0000370 seconds time elapsed  ( +-  3,19% )


 Performance counter stats for './mandelbrot_pth -2.5 1.5 -2.0 2.0 128 4' (10 runs):

              4,04 msec task-clock                #    1,576 CPUs utilized            ( +-  1,76% )
                 5      context-switches          #    0,001 M/sec                    ( +-  9,28% )
                 2      cpu-migrations            #    0,421 K/sec                    ( +- 26,38% )
               249      page-faults               #    0,062 M/sec                    ( +-  0,23% )
        14.013.114      cycles                    #    3,473 GHz                      ( +-  1,75% )
        17.190.914      instructions              #    1,23  insn per cycle           ( +-  0,92% )
         1.860.386      branches                  #  461,054 M/sec                    ( +-  1,65% )
            20.022      branch-misses             #    1,08% of all branches          ( +-  4,34% )

         0,0025602 +- 0,0000738 seconds time elapsed  ( +-  2,88% )


 Performance counter stats for './mandelbrot_pth -2.5 1.5 -2.0 2.0 256 4' (10 runs):

             14,01 msec task-clock                #    1,759 CPUs utilized            ( +-  1,77% )
                 6      context-switches          #    0,421 K/sec                    ( +-  7,34% )
                 1      cpu-migrations            #    0,100 K/sec                    ( +- 11,66% )
               729      page-faults               #    0,052 M/sec                    ( +-  0,08% )
        48.808.954      cycles                    #    3,483 GHz                      ( +-  1,77% )
        63.663.858      instructions              #    1,30  insn per cycle           ( +-  0,42% )
         6.437.386      branches                  #  459,391 M/sec                    ( +-  0,80% )
            31.094      branch-misses             #    0,48% of all branches          ( +-  4,14% )

          0,007967 +- 0,000193 seconds time elapsed  ( +-  2,42% )


 Performance counter stats for './mandelbrot_pth -2.5 1.5 -2.0 2.0 512 4' (10 runs):

             52,08 msec task-clock                #    1,816 CPUs utilized            ( +-  0,30% )
                 6      context-switches          #    0,125 K/sec                    ( +-  5,73% )
                 2      cpu-migrations            #    0,031 K/sec                    ( +- 13,82% )
             2.650      page-faults               #    0,051 M/sec                    ( +-  0,03% )
       181.429.373      cycles                    #    3,483 GHz                      ( +-  0,30% )
       248.926.277      instructions              #    1,37  insn per cycle           ( +-  0,05% )
        24.646.970      branches                  #  473,213 M/sec                    ( +-  0,10% )
            65.210      branch-misses             #    0,26% of all branches          ( +-  1,09% )

          0,028678 +- 0,000164 seconds time elapsed  ( +-  0,57% )


 Performance counter stats for './mandelbrot_pth -2.5 1.5 -2.0 2.0 1024 4' (10 runs):

            205,78 msec task-clock                #    1,853 CPUs utilized            ( +-  0,05% )
                13      context-switches          #    0,063 K/sec                    ( +-  9,06% )
                 1      cpu-migrations            #    0,007 K/sec                    ( +- 11,66% )
            10.330      page-faults               #    0,050 M/sec                    ( +-  0,00% )
       717.583.521      cycles                    #    3,487 GHz                      ( +-  0,04% )
       990.362.719      instructions              #    1,38  insn per cycle           ( +-  0,00% )
        97.575.026      branches                  #  474,181 M/sec                    ( +-  0,00% )
           193.773      branch-misses             #    0,20% of all branches          ( +-  0,27% )

         0,1110395 +- 0,0000965 seconds time elapsed  ( +-  0,09% )


 Performance counter stats for './mandelbrot_pth -2.5 1.5 -2.0 2.0 2048 4' (10 runs):

            828,75 msec task-clock                #    1,858 CPUs utilized            ( +-  0,17% )
                33      context-switches          #    0,040 K/sec                    ( +- 10,00% )
                 1      cpu-migrations            #    0,002 K/sec                    ( +- 16,42% )
            41.049      page-faults               #    0,050 M/sec                    ( +-  0,00% )
     2.849.678.502      cycles                    #    3,439 GHz                      ( +-  0,02% )
     3.956.779.613      instructions              #    1,39  insn per cycle           ( +-  0,00% )
       389.417.677      branches                  #  469,884 M/sec                    ( +-  0,00% )
           688.918      branch-misses             #    0,18% of all branches          ( +-  0,15% )

          0,446043 +- 0,000828 seconds time elapsed  ( +-  0,19% )


 Performance counter stats for './mandelbrot_pth -2.5 1.5 -2.0 2.0 4096 4' (10 runs):

          3.343,76 msec task-clock                #    1,850 CPUs utilized            ( +-  0,13% )
               115      context-switches          #    0,034 K/sec                    ( +- 12,08% )
                 2      cpu-migrations            #    0,001 K/sec                    ( +- 24,22% )
           163.929      page-faults               #    0,049 M/sec                    ( +-  0,00% )
    11.385.788.189      cycles                    #    3,405 GHz                      ( +-  0,07% )
    15.826.731.704      instructions              #    1,39  insn per cycle           ( +-  0,00% )
     1.557.336.186      branches                  #  465,744 M/sec                    ( +-  0,00% )
         2.563.810      branch-misses             #    0,16% of all branches          ( +-  0,18% )

           1,80742 +- 0,00277 seconds time elapsed  ( +-  0,15% )


 Performance counter stats for './mandelbrot_pth -2.5 1.5 -2.0 2.0 8192 4' (10 runs):

         13.335,43 msec task-clock                #    1,855 CPUs utilized            ( +-  0,14% )
               378      context-switches          #    0,028 K/sec                    ( +-  9,40% )
                 2      cpu-migrations            #    0,000 K/sec                    ( +- 19,38% )
           655.449      page-faults               #    0,049 M/sec                    ( +-  0,00% )
    45.416.184.270      cycles                    #    3,406 GHz                      ( +-  0,04% )
    63.316.939.688      instructions              #    1,39  insn per cycle           ( +-  0,01% )
     6.231.846.307      branches                  #  467,315 M/sec                    ( +-  0,02% )
         9.775.897      branch-misses             #    0,16% of all branches          ( +-  0,13% )

            7,1891 +- 0,0152 seconds time elapsed  ( +-  0,21% )

