
 Performance counter stats for './mandelbrot_pth -0.8 -0.7 0.05 0.15 16 4' (10 runs):

              0,95 msec task-clock                #    1,163 CPUs utilized            ( +-  1,64% )
                 6      context-switches          #    0,006 M/sec                    ( +-  6,78% )
                 2      cpu-migrations            #    0,002 M/sec                    ( +- 19,09% )
                91      page-faults               #    0,095 M/sec                    ( +-  0,78% )
         3.219.542      cycles                    #    3,394 GHz                      ( +-  1,29% )
         2.646.926      instructions              #    0,82  insn per cycle           ( +-  0,31% )
           386.212      branches                  #  407,089 M/sec                    ( +-  0,42% )
            13.827      branch-misses             #    3,58% of all branches          ( +-  1,60% )

         0,0008159 +- 0,0000171 seconds time elapsed  ( +-  2,09% )


 Performance counter stats for './mandelbrot_pth -0.8 -0.7 0.05 0.15 32 4' (10 runs):

              1,99 msec task-clock                #    1,593 CPUs utilized            ( +-  2,22% )
                 4      context-switches          #    0,002 M/sec                    ( +-  5,98% )
                 1      cpu-migrations            #    0,653 K/sec                    ( +- 20,03% )
                98      page-faults               #    0,049 M/sec                    ( +-  0,44% )
         6.886.649      cycles                    #    3,457 GHz                      ( +-  2,16% )
         6.357.549      instructions              #    0,92  insn per cycle           ( +-  1,80% )
           691.305      branches                  #  347,059 M/sec                    ( +-  3,21% )
            15.297      branch-misses             #    2,21% of all branches          ( +-  3,86% )

         0,0012502 +- 0,0000488 seconds time elapsed  ( +-  3,90% )


 Performance counter stats for './mandelbrot_pth -0.8 -0.7 0.05 0.15 64 4' (10 runs):

              5,84 msec task-clock                #    2,236 CPUs utilized            ( +-  0,96% )
                 2      context-switches          #    0,411 K/sec                    ( +- 11,11% )
                 1      cpu-migrations            #    0,223 K/sec                    ( +- 25,77% )
               128      page-faults               #    0,022 M/sec                    ( +-  0,43% )
        20.266.196      cycles                    #    3,470 GHz                      ( +-  0,99% )
        20.617.523      instructions              #    1,02  insn per cycle           ( +-  0,04% )
         1.803.307      branches                  #  308,801 M/sec                    ( +-  0,08% )
            17.891      branch-misses             #    0,99% of all branches          ( +-  1,19% )

          0,002612 +- 0,000113 seconds time elapsed  ( +-  4,34% )


 Performance counter stats for './mandelbrot_pth -0.8 -0.7 0.05 0.15 128 4' (10 runs):

             21,98 msec task-clock                #    2,915 CPUs utilized            ( +-  0,62% )
                 3      context-switches          #    0,146 K/sec                    ( +- 19,09% )
                 1      cpu-migrations            #    0,064 K/sec                    ( +- 11,66% )
               249      page-faults               #    0,011 M/sec                    ( +-  0,21% )
        76.545.048      cycles                    #    3,483 GHz                      ( +-  0,60% )
        78.160.063      instructions              #    1,02  insn per cycle           ( +-  0,02% )
         6.358.869      branches                  #  289,344 M/sec                    ( +-  0,05% )
            30.529      branch-misses             #    0,48% of all branches          ( +-  0,67% )

          0,007539 +- 0,000155 seconds time elapsed  ( +-  2,05% )


 Performance counter stats for './mandelbrot_pth -0.8 -0.7 0.05 0.15 256 4' (10 runs):

             87,84 msec task-clock                #    3,185 CPUs utilized            ( +-  0,21% )
                 8      context-switches          #    0,092 K/sec                    ( +-  5,95% )
                 1      cpu-migrations            #    0,011 K/sec                  
               729      page-faults               #    0,008 M/sec                    ( +-  0,07% )
       305.981.486      cycles                    #    3,483 GHz                      ( +-  0,21% )
       308.671.056      instructions              #    1,01  insn per cycle           ( +-  0,09% )
        24.623.715      branches                  #  280,327 M/sec                    ( +-  0,22% )
            79.386      branch-misses             #    0,32% of all branches          ( +-  1,74% )

         0,0275814 +- 0,0000244 seconds time elapsed  ( +-  0,09% )


 Performance counter stats for './mandelbrot_pth -0.8 -0.7 0.05 0.15 512 4' (10 runs):

            347,51 msec task-clock                #    3,200 CPUs utilized            ( +-  0,16% )
                41      context-switches          #    0,118 K/sec                    ( +-  2,67% )
                 1      cpu-migrations            #    0,003 K/sec                  
             2.648      page-faults               #    0,008 M/sec                    ( +-  0,02% )
     1.212.258.891      cycles                    #    3,488 GHz                      ( +-  0,15% )
     1.229.268.059      instructions              #    1,01  insn per cycle           ( +-  0,00% )
        97.446.186      branches                  #  280,414 M/sec                    ( +-  0,00% )
           262.627      branch-misses             #    0,27% of all branches          ( +-  0,34% )

          0,108591 +- 0,000212 seconds time elapsed  ( +-  0,20% )


 Performance counter stats for './mandelbrot_pth -0.8 -0.7 0.05 0.15 1024 4' (10 runs):

          1.382,38 msec task-clock                #    3,228 CPUs utilized            ( +-  0,14% )
               128      context-switches          #    0,093 K/sec                    ( +-  4,01% )
                 2      cpu-migrations            #    0,002 K/sec                    ( +- 13,19% )
            10.329      page-faults               #    0,007 M/sec                    ( +-  0,00% )
     4.825.024.023      cycles                    #    3,490 GHz                      ( +-  0,14% )
     4.911.164.307      instructions              #    1,02  insn per cycle           ( +-  0,00% )
       388.769.058      branches                  #  281,231 M/sec                    ( +-  0,00% )
           977.695      branch-misses             #    0,25% of all branches          ( +-  0,41% )

           0,42831 +- 0,00120 seconds time elapsed  ( +-  0,28% )


 Performance counter stats for './mandelbrot_pth -0.8 -0.7 0.05 0.15 2048 4' (10 runs):

          5.762,72 msec task-clock                #    3,262 CPUs utilized            ( +-  0,09% )
               533      context-switches          #    0,092 K/sec                    ( +-  2,67% )
                 2      cpu-migrations            #    0,000 K/sec                    ( +-  9,09% )
            41.049      page-faults               #    0,007 M/sec                    ( +-  0,00% )
    19.157.818.292      cycles                    #    3,324 GHz                      ( +-  0,05% )
    19.638.815.857      instructions              #    1,03  insn per cycle           ( +-  0,00% )
     1.554.164.897      branches                  #  269,693 M/sec                    ( +-  0,00% )
         3.785.140      branch-misses             #    0,24% of all branches          ( +-  0,14% )

           1,76671 +- 0,00251 seconds time elapsed  ( +-  0,14% )


 Performance counter stats for './mandelbrot_pth -0.8 -0.7 0.05 0.15 4096 4' (10 runs):

         23.243,23 msec task-clock                #    3,281 CPUs utilized            ( +-  0,19% )
             2.104      context-switches          #    0,091 K/sec                    ( +-  2,15% )
                 5      cpu-migrations            #    0,000 K/sec                    ( +- 20,03% )
           163.929      page-faults               #    0,007 M/sec                    ( +-  0,00% )
    76.410.049.685      cycles                    #    3,287 GHz                      ( +-  0,10% )
    78.558.801.407      instructions              #    1,03  insn per cycle           ( +-  0,01% )
     6.218.112.028      branches                  #  267,524 M/sec                    ( +-  0,03% )
        14.854.730      branch-misses             #    0,24% of all branches          ( +-  0,13% )

           7,08480 +- 0,00748 seconds time elapsed  ( +-  0,11% )


 Performance counter stats for './mandelbrot_pth -0.8 -0.7 0.05 0.15 8192 4' (10 runs):

         93.003,50 msec task-clock                #    3,248 CPUs utilized            ( +-  0,14% )
             9.046      context-switches          #    0,097 K/sec                    ( +-  4,16% )
                20      cpu-migrations            #    0,000 K/sec                    ( +- 32,40% )
           655.448      page-faults               #    0,007 M/sec                    ( +-  0,00% )
   305.633.573.607      cycles                    #    3,286 GHz                      ( +-  0,10% )
   314.248.755.454      instructions              #    1,03  insn per cycle           ( +-  0,00% )
    24.875.547.222      branches                  #  267,469 M/sec                    ( +-  0,01% )
        58.741.947      branch-misses             #    0,24% of all branches          ( +-  0,07% )

            28,636 +- 0,139 seconds time elapsed  ( +-  0,48% )

