
 Performance counter stats for './mandelbrot_omp 0.175 0.375 -0.1 0.1 16' (10 runs):

              2,66 msec task-clock                #    1,327 CPUs utilized            ( +-  2,25% )
               122      context-switches          #    0,046 M/sec                    ( +-  3,40% )
                12      cpu-migrations            #    0,005 M/sec                    ( +- 14,37% )
               150      page-faults               #    0,056 M/sec                    ( +-  1,04% )
         8.984.453      cycles                    #    3,375 GHz                      ( +-  2,24% )
         4.654.859      instructions              #    0,52  insn per cycle           ( +-  1,21% )
           864.407      branches                  #  324,730 M/sec                    ( +-  1,44% )
            24.448      branch-misses             #    2,83% of all branches          ( +-  3,07% )

          0,002005 +- 0,000156 seconds time elapsed  ( +-  7,76% )


 Performance counter stats for './mandelbrot_omp 0.175 0.375 -0.1 0.1 32' (10 runs):

              3,71 msec task-clock                #    1,465 CPUs utilized            ( +-  1,18% )
               130      context-switches          #    0,035 M/sec                    ( +-  3,75% )
                11      cpu-migrations            #    0,003 M/sec                    ( +- 13,48% )
               152      page-faults               #    0,041 M/sec                    ( +-  0,42% )
        12.629.130      cycles                    #    3,406 GHz                      ( +-  1,16% )
         8.020.282      instructions              #    0,64  insn per cycle           ( +-  0,56% )
         1.264.534      branches                  #  341,035 M/sec                    ( +-  0,82% )
            25.428      branch-misses             #    2,01% of all branches          ( +-  2,51% )

          0,002531 +- 0,000177 seconds time elapsed  ( +-  6,98% )


 Performance counter stats for './mandelbrot_omp 0.175 0.375 -0.1 0.1 64' (10 runs):

              7,75 msec task-clock                #    2,167 CPUs utilized            ( +-  1,03% )
               120      context-switches          #    0,016 M/sec                    ( +-  1,55% )
                13      cpu-migrations            #    0,002 M/sec                    ( +-  9,20% )
               189      page-faults               #    0,024 M/sec                    ( +-  0,69% )
        26.762.174      cycles                    #    3,453 GHz                      ( +-  1,05% )
        21.369.905      instructions              #    0,80  insn per cycle           ( +-  0,10% )
         2.843.343      branches                  #  366,888 M/sec                    ( +-  0,15% )
            29.013      branch-misses             #    1,02% of all branches          ( +-  1,50% )

          0,003577 +- 0,000170 seconds time elapsed  ( +-  4,75% )


 Performance counter stats for './mandelbrot_omp 0.175 0.375 -0.1 0.1 128' (10 runs):

             24,23 msec task-clock                #    2,734 CPUs utilized            ( +-  0,78% )
               139      context-switches          #    0,006 M/sec                    ( +-  6,50% )
                13      cpu-migrations            #    0,532 K/sec                    ( +- 11,47% )
               310      page-faults               #    0,013 M/sec                    ( +-  0,25% )
        84.210.903      cycles                    #    3,476 GHz                      ( +-  0,77% )
        74.784.806      instructions              #    0,89  insn per cycle           ( +-  0,09% )
         9.186.908      branches                  #  379,212 M/sec                    ( +-  0,16% )
            45.413      branch-misses             #    0,49% of all branches          ( +-  1,44% )

          0,008860 +- 0,000263 seconds time elapsed  ( +-  2,96% )


 Performance counter stats for './mandelbrot_omp 0.175 0.375 -0.1 0.1 256' (10 runs):

             89,58 msec task-clock                #    3,165 CPUs utilized            ( +-  0,61% )
               159      context-switches          #    0,002 M/sec                    ( +-  7,29% )
                20      cpu-migrations            #    0,218 K/sec                    ( +- 10,38% )
               788      page-faults               #    0,009 M/sec                    ( +-  0,14% )
       311.572.466      cycles                    #    3,478 GHz                      ( +-  0,60% )
       287.527.912      instructions              #    0,92  insn per cycle           ( +-  0,04% )
        34.382.314      branches                  #  383,806 M/sec                    ( +-  0,07% )
            99.048      branch-misses             #    0,29% of all branches          ( +-  0,72% )

          0,028307 +- 0,000776 seconds time elapsed  ( +-  2,74% )


 Performance counter stats for './mandelbrot_omp 0.175 0.375 -0.1 0.1 512' (10 runs):

            389,43 msec task-clock                #    3,585 CPUs utilized            ( +-  0,62% )
               418      context-switches          #    0,001 M/sec                    ( +- 14,62% )
                53      cpu-migrations            #    0,136 K/sec                    ( +- 16,64% )
             2.707      page-faults               #    0,007 M/sec                    ( +-  0,03% )
     1.251.940.705      cycles                    #    3,215 GHz                      ( +-  0,20% )
     1.142.319.118      instructions              #    0,91  insn per cycle           ( +-  0,06% )
       136.099.410      branches                  #  349,486 M/sec                    ( +-  0,10% )
           333.374      branch-misses             #    0,24% of all branches          ( +-  0,82% )

          0,108626 +- 0,000567 seconds time elapsed  ( +-  0,52% )


 Performance counter stats for './mandelbrot_omp 0.175 0.375 -0.1 0.1 1024' (10 runs):

          1.560,91 msec task-clock                #    3,702 CPUs utilized            ( +-  0,24% )
               972      context-switches          #    0,622 K/sec                    ( +-  7,31% )
                94      cpu-migrations            #    0,060 K/sec                    ( +- 12,03% )
            10.394      page-faults               #    0,007 M/sec                    ( +-  0,03% )
     5.019.374.306      cycles                    #    3,216 GHz                      ( +-  0,16% )
     4.556.727.017      instructions              #    0,91  insn per cycle           ( +-  0,02% )
       541.933.570      branches                  #  347,191 M/sec                    ( +-  0,03% )
         1.212.265      branch-misses             #    0,22% of all branches          ( +-  0,37% )

           0,42163 +- 0,00301 seconds time elapsed  ( +-  0,71% )


 Performance counter stats for './mandelbrot_omp 0.175 0.375 -0.1 0.1 2048' (10 runs):

          6.241,79 msec task-clock                #    3,800 CPUs utilized            ( +-  0,12% )
             2.708      context-switches          #    0,434 K/sec                    ( +-  2,37% )
               153      cpu-migrations            #    0,025 K/sec                    ( +-  6,80% )
            41.113      page-faults               #    0,007 M/sec                    ( +-  0,01% )
    20.125.337.653      cycles                    #    3,224 GHz                      ( +-  0,08% )
    18.203.147.129      instructions              #    0,90  insn per cycle           ( +-  0,01% )
     2.162.851.912      branches                  #  346,512 M/sec                    ( +-  0,02% )
         4.637.686      branch-misses             #    0,21% of all branches          ( +-  0,28% )

           1,64238 +- 0,00506 seconds time elapsed  ( +-  0,31% )


 Performance counter stats for './mandelbrot_omp 0.175 0.375 -0.1 0.1 4096' (10 runs):

         24.911,68 msec task-clock                #    3,836 CPUs utilized            ( +-  0,03% )
             8.788      context-switches          #    0,353 K/sec                    ( +-  0,66% )
               401      cpu-migrations            #    0,016 K/sec                    ( +-  3,09% )
           163.990      page-faults               #    0,007 M/sec                    ( +-  0,00% )
    80.459.506.066      cycles                    #    3,230 GHz                      ( +-  0,03% )
    72.775.641.923      instructions              #    0,90  insn per cycle           ( +-  0,01% )
     8.643.867.784      branches                  #  346,981 M/sec                    ( +-  0,02% )
        18.071.048      branch-misses             #    0,21% of all branches          ( +-  0,16% )

            6,4947 +- 0,0101 seconds time elapsed  ( +-  0,16% )


 Performance counter stats for './mandelbrot_omp 0.175 0.375 -0.1 0.1 8192' (10 runs):

         99.591,52 msec task-clock                #    3,844 CPUs utilized            ( +-  0,03% )
            33.661      context-switches          #    0,338 K/sec                    ( +-  0,38% )
             1.298      cpu-migrations            #    0,013 K/sec                    ( +-  1,88% )
           655.508      page-faults               #    0,007 M/sec                    ( +-  0,00% )
   321.985.537.463      cycles                    #    3,233 GHz                      ( +-  0,03% )
   291.189.770.620      instructions              #    0,90  insn per cycle           ( +-  0,00% )
    34.593.551.079      branches                  #  347,354 M/sec                    ( +-  0,01% )
        68.523.118      branch-misses             #    0,20% of all branches          ( +-  0,09% )

           25,9102 +- 0,0119 seconds time elapsed  ( +-  0,05% )

