
 Performance counter stats for './mandelbrot_omp -2.5 1.5 -2.0 2.0 16' (10 runs):

              2,22 msec task-clock                #    1,343 CPUs utilized            ( +-  1,82% )
               115      context-switches          #    0,052 M/sec                    ( +-  1,97% )
                 9      cpu-migrations            #    0,004 M/sec                    ( +- 12,63% )
               149      page-faults               #    0,067 M/sec                    ( +-  0,38% )
         7.482.422      cycles                    #    3,364 GHz                      ( +-  1,81% )
         3.720.885      instructions              #    0,50  insn per cycle           ( +-  0,97% )
           750.063      branches                  #  337,184 M/sec                    ( +-  0,95% )
            23.622      branch-misses             #    3,15% of all branches          ( +-  1,78% )

         0,0016566 +- 0,0000810 seconds time elapsed  ( +-  4,89% )


 Performance counter stats for './mandelbrot_omp -2.5 1.5 -2.0 2.0 32' (10 runs):

              2,39 msec task-clock                #    1,294 CPUs utilized            ( +-  2,19% )
               116      context-switches          #    0,049 M/sec                    ( +-  1,14% )
                10      cpu-migrations            #    0,004 M/sec                    ( +- 13,25% )
               149      page-faults               #    0,062 M/sec                    ( +-  0,23% )
         8.010.770      cycles                    #    3,354 GHz                      ( +-  1,80% )
         4.435.047      instructions              #    0,55  insn per cycle           ( +-  0,41% )
           838.321      branches                  #  351,000 M/sec                    ( +-  0,46% )
            23.291      branch-misses             #    2,78% of all branches          ( +-  2,78% )

          0,001845 +- 0,000128 seconds time elapsed  ( +-  6,96% )


 Performance counter stats for './mandelbrot_omp -2.5 1.5 -2.0 2.0 64' (10 runs):

              3,27 msec task-clock                #    1,552 CPUs utilized            ( +-  1,20% )
               116      context-switches          #    0,036 M/sec                    ( +-  1,31% )
                11      cpu-migrations            #    0,003 M/sec                    ( +-  7,86% )
               185      page-faults               #    0,057 M/sec                    ( +-  0,42% )
        11.140.342      cycles                    #    3,405 GHz                      ( +-  1,20% )
         7.457.070      instructions              #    0,67  insn per cycle           ( +-  0,21% )
         1.228.577      branches                  #  375,476 M/sec                    ( +-  0,25% )
            24.663      branch-misses             #    2,01% of all branches          ( +-  1,30% )

          0,002108 +- 0,000128 seconds time elapsed  ( +-  6,05% )


 Performance counter stats for './mandelbrot_omp -2.5 1.5 -2.0 2.0 128' (10 runs):

              6,52 msec task-clock                #    1,514 CPUs utilized            ( +-  2,08% )
               122      context-switches          #    0,019 M/sec                    ( +-  4,07% )
                 8      cpu-migrations            #    0,001 M/sec                    ( +- 16,03% )
               307      page-faults               #    0,047 M/sec                    ( +-  0,34% )
        22.450.684      cycles                    #    3,444 GHz                      ( +-  2,09% )
        19.199.724      instructions              #    0,86  insn per cycle           ( +-  0,21% )
         2.736.020      branches                  #  419,710 M/sec                    ( +-  0,32% )
            30.014      branch-misses             #    1,10% of all branches          ( +-  1,79% )

          0,004306 +- 0,000158 seconds time elapsed  ( +-  3,67% )


 Performance counter stats for './mandelbrot_omp -2.5 1.5 -2.0 2.0 256' (10 runs):

             19,34 msec task-clock                #    2,353 CPUs utilized            ( +-  1,09% )
               132      context-switches          #    0,007 M/sec                    ( +-  7,08% )
                16      cpu-migrations            #    0,817 K/sec                    ( +-  6,72% )
               788      page-faults               #    0,041 M/sec                    ( +-  0,23% )
        67.147.337      cycles                    #    3,473 GHz                      ( +-  1,09% )
        66.108.114      instructions              #    0,98  insn per cycle           ( +-  0,15% )
         8.759.715      branches                  #  453,018 M/sec                    ( +-  0,24% )
            46.965      branch-misses             #    0,54% of all branches          ( +-  2,04% )

          0,008216 +- 0,000173 seconds time elapsed  ( +-  2,11% )


 Performance counter stats for './mandelbrot_omp -2.5 1.5 -2.0 2.0 512' (10 runs):

             77,73 msec task-clock                #    2,750 CPUs utilized            ( +-  1,02% )
               314      context-switches          #    0,004 M/sec                    ( +- 21,91% )
                43      cpu-migrations            #    0,558 K/sec                    ( +- 22,42% )
             2.710      page-faults               #    0,035 M/sec                    ( +-  0,07% )
       257.840.981      cycles                    #    3,317 GHz                      ( +-  0,86% )
       257.691.955      instructions              #    1,00  insn per cycle           ( +-  0,28% )
        33.727.800      branches                  #  433,917 M/sec                    ( +-  0,47% )
           118.498      branch-misses             #    0,35% of all branches          ( +-  2,52% )

          0,028265 +- 0,000988 seconds time elapsed  ( +-  3,50% )


 Performance counter stats for './mandelbrot_omp -2.5 1.5 -2.0 2.0 1024' (10 runs):

            316,03 msec task-clock                #    3,097 CPUs utilized            ( +-  0,65% )
               514      context-switches          #    0,002 M/sec                    ( +- 16,02% )
                76      cpu-migrations            #    0,241 K/sec                    ( +- 15,39% )
            10.391      page-faults               #    0,033 M/sec                    ( +-  0,02% )
     1.025.244.221      cycles                    #    3,244 GHz                      ( +-  0,35% )
     1.019.944.889      instructions              #    0,99  insn per cycle           ( +-  0,09% )
       132.657.661      branches                  #  419,768 M/sec                    ( +-  0,14% )
           385.698      branch-misses             #    0,29% of all branches          ( +-  1,55% )

           0,10205 +- 0,00196 seconds time elapsed  ( +-  1,92% )


 Performance counter stats for './mandelbrot_omp -2.5 1.5 -2.0 2.0 2048' (10 runs):

          1.272,65 msec task-clock                #    3,225 CPUs utilized            ( +-  0,52% )
             1.049      context-switches          #    0,825 K/sec                    ( +-  5,37% )
               147      cpu-migrations            #    0,116 K/sec                    ( +-  5,07% )
            41.112      page-faults               #    0,032 M/sec                    ( +-  0,00% )
     4.085.115.157      cycles                    #    3,210 GHz                      ( +-  0,52% )
     4.062.274.776      instructions              #    0,99  insn per cycle           ( +-  0,03% )
       526.602.557      branches                  #  413,785 M/sec                    ( +-  0,06% )
         1.377.503      branch-misses             #    0,26% of all branches          ( +-  0,83% )

           0,39460 +- 0,00454 seconds time elapsed  ( +-  1,15% )


 Performance counter stats for './mandelbrot_omp -2.5 1.5 -2.0 2.0 4096' (10 runs):

          5.110,77 msec task-clock                #    3,386 CPUs utilized            ( +-  0,22% )
             2.987      context-switches          #    0,584 K/sec                    ( +-  2,97% )
               372      cpu-migrations            #    0,073 K/sec                    ( +-  3,27% )
           163.992      page-faults               #    0,032 M/sec                    ( +-  0,00% )
    16.355.176.606      cycles                    #    3,200 GHz                      ( +-  0,17% )
    16.227.025.636      instructions              #    0,99  insn per cycle           ( +-  0,01% )
     2.100.592.353      branches                  #  411,013 M/sec                    ( +-  0,02% )
         5.300.926      branch-misses             #    0,25% of all branches          ( +-  0,77% )

           1,50944 +- 0,00732 seconds time elapsed  ( +-  0,48% )


 Performance counter stats for './mandelbrot_omp -2.5 1.5 -2.0 2.0 8192' (10 runs):

         20.385,69 msec task-clock                #    3,416 CPUs utilized            ( +-  0,13% )
             9.742      context-switches          #    0,478 K/sec                    ( +-  1,15% )
             1.187      cpu-migrations            #    0,058 K/sec                    ( +-  1,03% )
           655.506      page-faults               #    0,032 M/sec                    ( +-  0,00% )
    65.224.119.601      cycles                    #    3,200 GHz                      ( +-  0,11% )
    64.929.235.597      instructions              #    1,00  insn per cycle           ( +-  0,01% )
     8.408.333.194      branches                  #  412,463 M/sec                    ( +-  0,03% )
        18.703.083      branch-misses             #    0,22% of all branches          ( +-  0,65% )

            5,9672 +- 0,0157 seconds time elapsed  ( +-  0,26% )

