
 Performance counter stats for './mandelbrot_omp -0.8 -0.7 0.05 0.15 16' (10 runs):

              2,59 msec task-clock                #    1,133 CPUs utilized            ( +-  1,17% )
               118      context-switches          #    0,045 M/sec                    ( +-  1,07% )
                10      cpu-migrations            #    0,004 M/sec                    ( +- 11,85% )
               149      page-faults               #    0,057 M/sec                    ( +-  0,49% )
         8.759.995      cycles                    #    3,377 GHz                      ( +-  1,15% )
         4.594.802      instructions              #    0,52  insn per cycle           ( +-  0,44% )
           849.726      branches                  #  327,538 M/sec                    ( +-  0,50% )
            23.392      branch-misses             #    2,75% of all branches          ( +-  1,63% )

          0,002289 +- 0,000297 seconds time elapsed  ( +- 12,97% )


 Performance counter stats for './mandelbrot_omp -0.8 -0.7 0.05 0.15 32' (10 runs):

              3,69 msec task-clock                #    1,628 CPUs utilized            ( +-  1,51% )
               124      context-switches          #    0,034 M/sec                    ( +-  3,43% )
                10      cpu-migrations            #    0,003 M/sec                    ( +-  7,59% )
               151      page-faults               #    0,041 M/sec                    ( +-  0,46% )
        12.511.749      cycles                    #    3,386 GHz                      ( +-  1,35% )
         8.203.236      instructions              #    0,66  insn per cycle           ( +-  0,49% )
         1.284.661      branches                  #  347,712 M/sec                    ( +-  0,70% )
            24.943      branch-misses             #    1,94% of all branches          ( +-  1,79% )

          0,002269 +- 0,000115 seconds time elapsed  ( +-  5,06% )


 Performance counter stats for './mandelbrot_omp -0.8 -0.7 0.05 0.15 64' (10 runs):

              8,00 msec task-clock                #    2,060 CPUs utilized            ( +-  0,62% )
               129      context-switches          #    0,016 M/sec                    ( +-  3,05% )
                12      cpu-migrations            #    0,001 M/sec                    ( +- 10,53% )
               187      page-faults               #    0,023 M/sec                    ( +-  0,46% )
        27.603.409      cycles                    #    3,450 GHz                      ( +-  0,63% )
        22.291.306      instructions              #    0,81  insn per cycle           ( +-  0,18% )
         2.956.996      branches                  #  369,563 M/sec                    ( +-  0,30% )
            29.501      branch-misses             #    1,00% of all branches          ( +-  1,18% )

          0,003884 +- 0,000197 seconds time elapsed  ( +-  5,06% )


 Performance counter stats for './mandelbrot_omp -0.8 -0.7 0.05 0.15 128' (10 runs):

             25,30 msec task-clock                #    2,685 CPUs utilized            ( +-  0,79% )
               136      context-switches          #    0,005 M/sec                    ( +-  6,72% )
                14      cpu-migrations            #    0,573 K/sec                    ( +-  8,24% )
               308      page-faults               #    0,012 M/sec                    ( +-  0,35% )
        87.918.938      cycles                    #    3,476 GHz                      ( +-  0,76% )
        78.341.701      instructions              #    0,89  insn per cycle           ( +-  0,12% )
         9.593.209      branches                  #  379,235 M/sec                    ( +-  0,21% )
            45.116      branch-misses             #    0,47% of all branches          ( +-  1,24% )

          0,009420 +- 0,000497 seconds time elapsed  ( +-  5,28% )


 Performance counter stats for './mandelbrot_omp -0.8 -0.7 0.05 0.15 256' (10 runs):

             95,28 msec task-clock                #    3,199 CPUs utilized            ( +-  0,38% )
               163      context-switches          #    0,002 M/sec                    ( +-  5,57% )
                20      cpu-migrations            #    0,206 K/sec                    ( +-  9,41% )
               787      page-faults               #    0,008 M/sec                    ( +-  0,12% )
       331.171.984      cycles                    #    3,476 GHz                      ( +-  0,37% )
       302.447.465      instructions              #    0,91  insn per cycle           ( +-  0,05% )
        36.113.783      branches                  #  379,039 M/sec                    ( +-  0,08% )
           103.076      branch-misses             #    0,29% of all branches          ( +-  1,21% )

          0,029780 +- 0,000879 seconds time elapsed  ( +-  2,95% )


 Performance counter stats for './mandelbrot_omp -0.8 -0.7 0.05 0.15 512' (10 runs):

            411,51 msec task-clock                #    3,632 CPUs utilized            ( +-  0,49% )
               384      context-switches          #    0,932 K/sec                    ( +- 10,92% )
                45      cpu-migrations            #    0,110 K/sec                    ( +- 14,29% )
             2.712      page-faults               #    0,007 M/sec                    ( +-  0,11% )
     1.323.911.383      cycles                    #    3,217 GHz                      ( +-  0,15% )
     1.201.984.085      instructions              #    0,91  insn per cycle           ( +-  0,05% )
       142.933.355      branches                  #  347,337 M/sec                    ( +-  0,09% )
           331.433      branch-misses             #    0,23% of all branches          ( +-  0,68% )

          0,113296 +- 0,000985 seconds time elapsed  ( +-  0,87% )


 Performance counter stats for './mandelbrot_omp -0.8 -0.7 0.05 0.15 1024' (10 runs):

          1.646,20 msec task-clock                #    3,769 CPUs utilized            ( +-  0,24% )
             1.009      context-switches          #    0,613 K/sec                    ( +-  6,20% )
                99      cpu-migrations            #    0,060 K/sec                    ( +-  8,93% )
            10.393      page-faults               #    0,006 M/sec                    ( +-  0,02% )
     5.312.226.451      cycles                    #    3,227 GHz                      ( +-  0,24% )
     4.798.523.212      instructions              #    0,90  insn per cycle           ( +-  0,02% )
       569.876.292      branches                  #  346,176 M/sec                    ( +-  0,03% )
         1.230.057      branch-misses             #    0,22% of all branches          ( +-  0,32% )

           0,43683 +- 0,00153 seconds time elapsed  ( +-  0,35% )


 Performance counter stats for './mandelbrot_omp -0.8 -0.7 0.05 0.15 2048' (10 runs):

          6.576,67 msec task-clock                #    3,776 CPUs utilized            ( +-  0,09% )
             2.649      context-switches          #    0,403 K/sec                    ( +-  1,63% )
               152      cpu-migrations            #    0,023 K/sec                    ( +-  4,88% )
            41.110      page-faults               #    0,006 M/sec                    ( +-  0,00% )
    21.180.838.165      cycles                    #    3,221 GHz                      ( +-  0,06% )
    19.170.691.197      instructions              #    0,91  insn per cycle           ( +-  0,00% )
     2.274.382.385      branches                  #  345,826 M/sec                    ( +-  0,01% )
         4.763.546      branch-misses             #    0,21% of all branches          ( +-  0,19% )

           1,74156 +- 0,00421 seconds time elapsed  ( +-  0,24% )


 Performance counter stats for './mandelbrot_omp -0.8 -0.7 0.05 0.15 4096' (10 runs):

         26.337,17 msec task-clock                #    3,855 CPUs utilized            ( +-  0,04% )
             9.465      context-switches          #    0,359 K/sec                    ( +-  2,11% )
               398      cpu-migrations            #    0,015 K/sec                    ( +-  3,18% )
           163.993      page-faults               #    0,006 M/sec                    ( +-  0,00% )
    85.006.029.325      cycles                    #    3,228 GHz                      ( +-  0,03% )
    76.668.865.698      instructions              #    0,90  insn per cycle           ( +-  0,01% )
     9.094.528.151      branches                  #  345,312 M/sec                    ( +-  0,02% )
        18.752.193      branch-misses             #    0,21% of all branches          ( +-  0,10% )

           6,83239 +- 0,00746 seconds time elapsed  ( +-  0,11% )


 Performance counter stats for './mandelbrot_omp -0.8 -0.7 0.05 0.15 8192' (10 runs):

        105.168,37 msec task-clock                #    3,861 CPUs utilized            ( +-  0,04% )
            35.696      context-switches          #    0,339 K/sec                    ( +-  0,94% )
             1.302      cpu-migrations            #    0,012 K/sec                    ( +-  1,86% )
           655.508      page-faults               #    0,006 M/sec                    ( +-  0,00% )
   339.786.460.578      cycles                    #    3,231 GHz                      ( +-  0,03% )
   306.691.494.751      instructions              #    0,90  insn per cycle           ( +-  0,01% )
    36.380.683.219      branches                  #  345,928 M/sec                    ( +-  0,01% )
        72.061.871      branch-misses             #    0,20% of all branches          ( +-  0,07% )

           27,2409 +- 0,0178 seconds time elapsed  ( +-  0,07% )

