
 Performance counter stats for './mandelbrot_pth 0.175 0.375 -0.1 0.1 16 6' (10 runs):

              1,09 msec task-clock                #    1,242 CPUs utilized            ( +-  1,71% )
                 8      context-switches          #    0,007 M/sec                    ( +-  3,73% )
                 2      cpu-migrations            #    0,002 M/sec                    ( +- 14,57% )
                96      page-faults               #    0,088 M/sec                    ( +-  0,72% )
         3.701.646      cycles                    #    3,407 GHz                      ( +-  1,60% )
         2.809.642      instructions              #    0,76  insn per cycle           ( +-  0,22% )
           422.613      branches                  #  388,968 M/sec                    ( +-  0,28% )
            15.105      branch-misses             #    3,57% of all branches          ( +-  1,64% )

         0,0008751 +- 0,0000638 seconds time elapsed  ( +-  7,29% )


 Performance counter stats for './mandelbrot_pth 0.175 0.375 -0.1 0.1 32 6' (10 runs):

              1,97 msec task-clock                #    1,557 CPUs utilized            ( +-  1,83% )
                 8      context-switches          #    0,004 M/sec                    ( +-  4,88% )
                 2      cpu-migrations            #    0,001 M/sec                    ( +- 19,84% )
               102      page-faults               #    0,052 M/sec                    ( +-  0,49% )
         6.739.957      cycles                    #    3,418 GHz                      ( +-  1,00% )
         6.233.365      instructions              #    0,92  insn per cycle           ( +-  0,13% )
           692.187      branches                  #  350,993 M/sec                    ( +-  0,22% )
            16.391      branch-misses             #    2,37% of all branches          ( +-  1,11% )

         0,0012665 +- 0,0000487 seconds time elapsed  ( +-  3,84% )


 Performance counter stats for './mandelbrot_pth 0.175 0.375 -0.1 0.1 64 6' (10 runs):

              5,59 msec task-clock                #    1,934 CPUs utilized            ( +-  0,59% )
                 7      context-switches          #    0,001 M/sec                    ( +-  9,45% )
                 3      cpu-migrations            #    0,501 K/sec                    ( +- 12,82% )
               132      page-faults               #    0,024 M/sec                    ( +-  0,51% )
        19.333.083      cycles                    #    3,461 GHz                      ( +-  0,51% )
        19.944.758      instructions              #    1,03  insn per cycle           ( +-  0,08% )
         1.782.485      branches                  #  319,069 M/sec                    ( +-  0,17% )
            19.524      branch-misses             #    1,10% of all branches          ( +-  0,75% )

         0,0028889 +- 0,0000545 seconds time elapsed  ( +-  1,89% )


 Performance counter stats for './mandelbrot_pth 0.175 0.375 -0.1 0.1 128 6' (10 runs):

             20,54 msec task-clock                #    2,511 CPUs utilized            ( +-  0,75% )
                 7      context-switches          #    0,331 K/sec                    ( +-  7,20% )
                 4      cpu-migrations            #    0,175 K/sec                    ( +- 11,11% )
               252      page-faults               #    0,012 M/sec                    ( +-  0,19% )
        71.532.873      cycles                    #    3,482 GHz                      ( +-  0,81% )
        74.600.459      instructions              #    1,04  insn per cycle           ( +-  0,02% )
         6.117.641      branches                  #  297,787 M/sec                    ( +-  0,05% )
            31.174      branch-misses             #    0,51% of all branches          ( +-  0,48% )

          0,008183 +- 0,000122 seconds time elapsed  ( +-  1,49% )


 Performance counter stats for './mandelbrot_pth 0.175 0.375 -0.1 0.1 256 6' (10 runs):

             81,39 msec task-clock                #    2,771 CPUs utilized            ( +-  0,63% )
                14      context-switches          #    0,167 K/sec                    ( +-  9,82% )
                 4      cpu-migrations            #    0,047 K/sec                    ( +-  6,56% )
               732      page-faults               #    0,009 M/sec                    ( +-  0,08% )
       283.450.242      cycles                    #    3,482 GHz                      ( +-  0,63% )
       293.273.271      instructions              #    1,03  insn per cycle           ( +-  0,00% )
        23.480.405      branches                  #  288,480 M/sec                    ( +-  0,01% )
            75.999      branch-misses             #    0,32% of all branches          ( +-  0,27% )

          0,029376 +- 0,000328 seconds time elapsed  ( +-  1,12% )


 Performance counter stats for './mandelbrot_pth 0.175 0.375 -0.1 0.1 512 6' (10 runs):

            336,39 msec task-clock                #    3,240 CPUs utilized            ( +-  0,49% )
                49      context-switches          #    0,146 K/sec                    ( +-  5,97% )
                 4      cpu-migrations            #    0,011 K/sec                    ( +-  5,26% )
             2.653      page-faults               #    0,008 M/sec                    ( +-  0,01% )
     1.140.308.453      cycles                    #    3,390 GHz                      ( +-  0,16% )
     1.167.047.949      instructions              #    1,02  insn per cycle           ( +-  0,01% )
        92.878.851      branches                  #  276,107 M/sec                    ( +-  0,03% )
           249.394      branch-misses             #    0,27% of all branches          ( +-  0,44% )

           0,10382 +- 0,00181 seconds time elapsed  ( +-  1,75% )


 Performance counter stats for './mandelbrot_pth 0.175 0.375 -0.1 0.1 1024 6' (10 runs):

          1.375,08 msec task-clock                #    3,354 CPUs utilized            ( +-  0,31% )
               176      context-switches          #    0,128 K/sec                    ( +-  5,91% )
                 7      cpu-migrations            #    0,005 K/sec                    ( +- 10,64% )
            10.333      page-faults               #    0,008 M/sec                    ( +-  0,00% )
     4.580.273.668      cycles                    #    3,331 GHz                      ( +-  0,19% )
     4.666.988.234      instructions              #    1,02  insn per cycle           ( +-  0,14% )
       372.366.963      branches                  #  270,797 M/sec                    ( +-  0,57% )
           921.936      branch-misses             #    0,25% of all branches          ( +-  0,20% )

           0,40995 +- 0,00491 seconds time elapsed  ( +-  1,20% )


 Performance counter stats for './mandelbrot_pth 0.175 0.375 -0.1 0.1 2048 6' (10 runs):

          5.585,49 msec task-clock                #    3,508 CPUs utilized            ( +-  0,20% )
               697      context-switches          #    0,125 K/sec                    ( +-  2,47% )
                24      cpu-migrations            #    0,004 K/sec                    ( +- 10,08% )
            41.053      page-faults               #    0,007 M/sec                    ( +-  0,00% )
    18.419.641.942      cycles                    #    3,298 GHz                      ( +-  0,17% )
    18.634.047.779      instructions              #    1,01  insn per cycle           ( +-  0,00% )
     1.479.826.660      branches                  #  264,941 M/sec                    ( +-  0,00% )
         3.608.853      branch-misses             #    0,24% of all branches          ( +-  0,28% )

            1,5922 +- 0,0155 seconds time elapsed  ( +-  0,97% )


 Performance counter stats for './mandelbrot_pth 0.175 0.375 -0.1 0.1 4096 6' (10 runs):

         22.399,29 msec task-clock                #    3,487 CPUs utilized            ( +-  0,12% )
             2.459      context-switches          #    0,110 K/sec                    ( +-  1,43% )
                98      cpu-migrations            #    0,004 K/sec                    ( +-  3,22% )
           163.934      page-faults               #    0,007 M/sec                    ( +-  0,00% )
    73.419.016.530      cycles                    #    3,278 GHz                      ( +-  0,12% )
    74.527.890.379      instructions              #    1,02  insn per cycle           ( +-  0,01% )
     5.919.641.280      branches                  #  264,278 M/sec                    ( +-  0,03% )
        14.125.685      branch-misses             #    0,24% of all branches          ( +-  0,08% )

            6,4237 +- 0,0483 seconds time elapsed  ( +-  0,75% )


 Performance counter stats for './mandelbrot_pth 0.175 0.375 -0.1 0.1 8192 6' (10 runs):

         90.009,80 msec task-clock                #    3,525 CPUs utilized            ( +-  0,09% )
             9.809      context-switches          #    0,109 K/sec                    ( +-  2,16% )
               400      cpu-migrations            #    0,004 K/sec                    ( +-  3,40% )
           655.452      page-faults               #    0,007 M/sec                    ( +-  0,00% )
   293.891.924.642      cycles                    #    3,265 GHz                      ( +-  0,07% )
   298.096.615.073      instructions              #    1,01  insn per cycle           ( +-  0,00% )
    23.675.975.465      branches                  #  263,038 M/sec                    ( +-  0,01% )
        55.760.399      branch-misses             #    0,24% of all branches          ( +-  0,04% )

           25,5367 +- 0,0743 seconds time elapsed  ( +-  0,29% )

