
 Performance counter stats for './mandelbrot_pth -2.5 1.5 -2.0 2.0 16 6' (10 runs):

              0,84 msec task-clock                #    1,081 CPUs utilized            ( +-  2,34% )
                 9      context-switches          #    0,011 M/sec                    ( +-  4,87% )
                 2      cpu-migrations            #    0,002 M/sec                    ( +- 19,09% )
                96      page-faults               #    0,115 M/sec                    ( +-  0,77% )
         2.810.578      cycles                    #    3,364 GHz                      ( +-  2,03% )
         1.905.034      instructions              #    0,68  insn per cycle           ( +-  0,41% )
           357.451      branches                  #  427,783 M/sec                    ( +-  0,39% )
            14.935      branch-misses             #    4,18% of all branches          ( +-  1,77% )

         0,0007729 +- 0,0000406 seconds time elapsed  ( +-  5,25% )


 Performance counter stats for './mandelbrot_pth -2.5 1.5 -2.0 2.0 32 6' (10 runs):

              1,05 msec task-clock                #    1,196 CPUs utilized            ( +-  7,05% )
                 6      context-switches          #    0,006 M/sec                    ( +-  5,25% )
                 2      cpu-migrations            #    0,002 M/sec                    ( +- 18,03% )
               103      page-faults               #    0,098 M/sec                    ( +-  0,68% )
         3.540.622      cycles                    #    3,376 GHz                      ( +-  7,00% )
         2.785.490      instructions              #    0,79  insn per cycle           ( +-  6,29% )
           456.893      branches                  #  435,589 M/sec                    ( +-  7,47% )
            16.023      branch-misses             #    3,51% of all branches          ( +-  5,86% )

         0,0008767 +- 0,0000689 seconds time elapsed  ( +-  7,86% )


 Performance counter stats for './mandelbrot_pth -2.5 1.5 -2.0 2.0 64 6' (10 runs):

              1,63 msec task-clock                #    1,344 CPUs utilized            ( +-  2,32% )
                 6      context-switches          #    0,004 M/sec                    ( +-  9,38% )
                 2      cpu-migrations            #    0,001 M/sec                    ( +- 16,67% )
               132      page-faults               #    0,081 M/sec                    ( +-  0,58% )
         5.561.928      cycles                    #    3,403 GHz                      ( +-  1,29% )
         5.531.232      instructions              #    0,99  insn per cycle           ( +-  0,20% )
           708.857      branches                  #  433,727 M/sec                    ( +-  0,30% )
            16.704      branch-misses             #    2,36% of all branches          ( +-  1,39% )

         0,0012161 +- 0,0000313 seconds time elapsed  ( +-  2,57% )


 Performance counter stats for './mandelbrot_pth -2.5 1.5 -2.0 2.0 128 6' (10 runs):

              4,19 msec task-clock                #    1,564 CPUs utilized            ( +-  1,42% )
                 7      context-switches          #    0,002 M/sec                    ( +-  6,45% )
                 3      cpu-migrations            #    0,645 K/sec                    ( +- 15,66% )
               253      page-faults               #    0,060 M/sec                    ( +-  0,16% )
        14.501.519      cycles                    #    3,463 GHz                      ( +-  1,40% )
        17.130.007      instructions              #    1,18  insn per cycle           ( +-  0,10% )
         1.851.144      branches                  #  442,086 M/sec                    ( +-  0,17% )
            19.984      branch-misses             #    1,08% of all branches          ( +-  1,49% )

         0,0026775 +- 0,0000400 seconds time elapsed  ( +-  1,49% )


 Performance counter stats for './mandelbrot_pth -2.5 1.5 -2.0 2.0 256 6' (10 runs):

             14,14 msec task-clock                #    1,734 CPUs utilized            ( +-  1,40% )
                 8      context-switches          #    0,537 K/sec                    ( +-  9,24% )
                 3      cpu-migrations            #    0,233 K/sec                    ( +- 10,15% )
               733      page-faults               #    0,052 M/sec                    ( +-  0,07% )
        49.252.508      cycles                    #    3,483 GHz                      ( +-  1,41% )
        63.535.977      instructions              #    1,29  insn per cycle           ( +-  0,02% )
         6.414.598      branches                  #  453,640 M/sec                    ( +-  0,03% )
            30.558      branch-misses             #    0,48% of all branches          ( +-  0,74% )

         0,0081538 +- 0,0000872 seconds time elapsed  ( +-  1,07% )


 Performance counter stats for './mandelbrot_pth -2.5 1.5 -2.0 2.0 512 6' (10 runs):

             58,02 msec task-clock                #    1,926 CPUs utilized            ( +-  1,73% )
                10      context-switches          #    0,167 K/sec                    ( +-  8,84% )
                 3      cpu-migrations            #    0,052 K/sec                    ( +-  4,97% )
             2.653      page-faults               #    0,046 M/sec                    ( +-  0,01% )
       202.035.952      cycles                    #    3,482 GHz                      ( +-  1,73% )
       248.987.740      instructions              #    1,23  insn per cycle           ( +-  0,01% )
        24.660.111      branches                  #  425,033 M/sec                    ( +-  0,01% )
            65.627      branch-misses             #    0,27% of all branches          ( +-  0,37% )

          0,030121 +- 0,000433 seconds time elapsed  ( +-  1,44% )


 Performance counter stats for './mandelbrot_pth -2.5 1.5 -2.0 2.0 1024 6' (10 runs):

            229,67 msec task-clock                #    1,945 CPUs utilized            ( +-  0,72% )
                22      context-switches          #    0,096 K/sec                    ( +-  4,34% )
                 4      cpu-migrations            #    0,017 K/sec                    ( +-  3,51% )
            10.333      page-faults               #    0,045 M/sec                    ( +-  0,00% )
       799.558.568      cycles                    #    3,481 GHz                      ( +-  0,73% )
       990.645.568      instructions              #    1,24  insn per cycle           ( +-  0,00% )
        97.632.857      branches                  #  425,102 M/sec                    ( +-  0,00% )
           195.789      branch-misses             #    0,20% of all branches          ( +-  0,35% )

           0,11810 +- 0,00100 seconds time elapsed  ( +-  0,85% )


 Performance counter stats for './mandelbrot_pth -2.5 1.5 -2.0 2.0 2048 6' (10 runs):

            848,49 msec task-clock                #    1,934 CPUs utilized            ( +-  0,32% )
                47      context-switches          #    0,055 K/sec                    ( +-  5,86% )
                 5      cpu-migrations            #    0,006 K/sec                    ( +-  4,17% )
            41.053      page-faults               #    0,048 M/sec                    ( +-  0,00% )
     2.941.612.768      cycles                    #    3,467 GHz                      ( +-  0,33% )
     3.957.141.478      instructions              #    1,35  insn per cycle           ( +-  0,00% )
       389.493.269      branches                  #  459,045 M/sec                    ( +-  0,00% )
           695.843      branch-misses             #    0,18% of all branches          ( +-  0,21% )

           0,43870 +- 0,00146 seconds time elapsed  ( +-  0,33% )


 Performance counter stats for './mandelbrot_pth -2.5 1.5 -2.0 2.0 4096 6' (10 runs):

          3.407,64 msec task-clock                #    1,943 CPUs utilized            ( +-  0,17% )
               166      context-switches          #    0,049 K/sec                    ( +-  3,06% )
                 8      cpu-migrations            #    0,002 K/sec                    ( +- 10,75% )
           163.933      page-faults               #    0,048 M/sec                    ( +-  0,00% )
    11.635.823.863      cycles                    #    3,415 GHz                      ( +-  0,14% )
    15.827.250.820      instructions              #    1,36  insn per cycle           ( +-  0,00% )
     1.557.442.627      branches                  #  457,044 M/sec                    ( +-  0,00% )
         2.563.962      branch-misses             #    0,16% of all branches          ( +-  0,20% )

           1,75416 +- 0,00474 seconds time elapsed  ( +-  0,27% )


 Performance counter stats for './mandelbrot_pth -2.5 1.5 -2.0 2.0 8192 6' (10 runs):

         13.647,73 msec task-clock                #    1,949 CPUs utilized            ( +-  0,19% )
               637      context-switches          #    0,047 K/sec                    ( +-  6,42% )
                16      cpu-migrations            #    0,001 K/sec                    ( +-  4,20% )
           655.452      page-faults               #    0,048 M/sec                    ( +-  0,00% )
    46.325.287.290      cycles                    #    3,394 GHz                      ( +-  0,10% )
    63.322.458.487      instructions              #    1,37  insn per cycle           ( +-  0,01% )
     6.233.590.865      branches                  #  456,749 M/sec                    ( +-  0,03% )
         9.791.840      branch-misses             #    0,16% of all branches          ( +-  0,15% )

            7,0031 +- 0,0133 seconds time elapsed  ( +-  0,19% )

