
 Performance counter stats for './mandelbrot_pth -0.8 -0.7 0.05 0.15 16 6' (10 runs):

              1,07 msec task-clock                #    1,275 CPUs utilized            ( +-  0,78% )
                 8      context-switches          #    0,007 M/sec                    ( +-  5,89% )
                 2      cpu-migrations            #    0,002 M/sec                    ( +- 14,57% )
                96      page-faults               #    0,089 M/sec                    ( +-  0,59% )
         3.662.791      cycles                    #    3,415 GHz                      ( +-  0,79% )
         2.834.462      instructions              #    0,77  insn per cycle           ( +-  0,30% )
           424.820      branches                  #  396,088 M/sec                    ( +-  0,41% )
            15.454      branch-misses             #    3,64% of all branches          ( +-  1,04% )

         0,0008413 +- 0,0000217 seconds time elapsed  ( +-  2,57% )


 Performance counter stats for './mandelbrot_pth -0.8 -0.7 0.05 0.15 32 6' (10 runs):

              2,01 msec task-clock                #    1,488 CPUs utilized            ( +-  1,00% )
                 7      context-switches          #    0,003 M/sec                    ( +-  4,80% )
                 3      cpu-migrations            #    0,001 M/sec                    ( +- 18,31% )
               103      page-faults               #    0,051 M/sec                    ( +-  0,59% )
         6.931.821      cycles                    #    3,444 GHz                      ( +-  1,12% )
         6.460.928      instructions              #    0,93  insn per cycle           ( +-  0,60% )
           714.001      branches                  #  354,757 M/sec                    ( +-  1,06% )
            16.616      branch-misses             #    2,33% of all branches          ( +-  1,71% )

         0,0013528 +- 0,0000394 seconds time elapsed  ( +-  2,91% )


 Performance counter stats for './mandelbrot_pth -0.8 -0.7 0.05 0.15 64 6' (10 runs):

              5,94 msec task-clock                #    2,109 CPUs utilized            ( +-  1,58% )
                 6      context-switches          #    0,976 K/sec                    ( +- 16,62% )
                 3      cpu-migrations            #    0,505 K/sec                    ( +- 20,49% )
               132      page-faults               #    0,022 M/sec                    ( +-  0,42% )
        20.605.810      cycles                    #    3,468 GHz                      ( +-  1,60% )
        20.942.594      instructions              #    1,02  insn per cycle           ( +-  0,68% )
         1.868.767      branches                  #  314,557 M/sec                    ( +-  1,46% )
            20.218      branch-misses             #    1,08% of all branches          ( +-  4,05% )

          0,002817 +- 0,000109 seconds time elapsed  ( +-  3,87% )


 Performance counter stats for './mandelbrot_pth -0.8 -0.7 0.05 0.15 128 6' (10 runs):

             22,01 msec task-clock                #    2,734 CPUs utilized            ( +-  0,62% )
                 6      context-switches          #    0,277 K/sec                    ( +- 14,96% )
                 3      cpu-migrations            #    0,150 K/sec                    ( +-  9,09% )
               251      page-faults               #    0,011 M/sec                    ( +-  0,21% )
        76.595.979      cycles                    #    3,479 GHz                      ( +-  0,58% )
        78.499.835      instructions              #    1,02  insn per cycle           ( +-  0,20% )
         6.425.615      branches                  #  291,892 M/sec                    ( +-  0,46% )
            32.975      branch-misses             #    0,51% of all branches          ( +-  2,33% )

          0,008053 +- 0,000110 seconds time elapsed  ( +-  1,36% )


 Performance counter stats for './mandelbrot_pth -0.8 -0.7 0.05 0.15 256 6' (10 runs):

             87,21 msec task-clock                #    3,139 CPUs utilized            ( +-  0,36% )
                15      context-switches          #    0,171 K/sec                    ( +-  4,95% )
                 4      cpu-migrations            #    0,044 K/sec                    ( +-  3,51% )
               733      page-faults               #    0,008 M/sec                    ( +-  0,04% )
       303.699.951      cycles                    #    3,482 GHz                      ( +-  0,36% )
       308.682.454      instructions              #    1,02  insn per cycle           ( +-  0,01% )
        24.626.172      branches                  #  282,384 M/sec                    ( +-  0,02% )
            80.370      branch-misses             #    0,33% of all branches          ( +-  0,38% )

          0,027779 +- 0,000345 seconds time elapsed  ( +-  1,24% )


 Performance counter stats for './mandelbrot_pth -0.8 -0.7 0.05 0.15 512 6' (10 runs):

            346,33 msec task-clock                #    3,281 CPUs utilized            ( +-  0,19% )
                49      context-switches          #    0,141 K/sec                    ( +-  5,31% )
                 4      cpu-migrations            #    0,010 K/sec                    ( +-  6,14% )
             2.652      page-faults               #    0,008 M/sec                    ( +-  0,02% )
     1.208.100.601      cycles                    #    3,488 GHz                      ( +-  0,18% )
     1.229.483.456      instructions              #    1,02  insn per cycle           ( +-  0,00% )
        97.489.217      branches                  #  281,493 M/sec                    ( +-  0,01% )
           264.421      branch-misses             #    0,27% of all branches          ( +-  0,22% )

          0,105543 +- 0,000932 seconds time elapsed  ( +-  0,88% )


 Performance counter stats for './mandelbrot_pth -0.8 -0.7 0.05 0.15 1024 6' (10 runs):

          1.444,35 msec task-clock                #    3,369 CPUs utilized            ( +-  0,73% )
               188      context-switches          #    0,130 K/sec                    ( +-  2,66% )
                 7      cpu-migrations            #    0,005 K/sec                    ( +- 12,20% )
            10.332      page-faults               #    0,007 M/sec                    ( +-  0,00% )
     4.865.059.163      cycles                    #    3,368 GHz                      ( +-  0,24% )
     4.911.695.242      instructions              #    1,01  insn per cycle           ( +-  0,00% )
       388.878.971      branches                  #  269,242 M/sec                    ( +-  0,00% )
           989.245      branch-misses             #    0,25% of all branches          ( +-  0,40% )

           0,42870 +- 0,00488 seconds time elapsed  ( +-  1,14% )


 Performance counter stats for './mandelbrot_pth -0.8 -0.7 0.05 0.15 2048 6' (10 runs):

          5.885,05 msec task-clock                #    3,491 CPUs utilized            ( +-  0,17% )
               686      context-switches          #    0,117 K/sec                    ( +-  2,37% )
                32      cpu-migrations            #    0,005 K/sec                    ( +-  6,15% )
            41.052      page-faults               #    0,007 M/sec                    ( +-  0,00% )
    19.438.067.082      cycles                    #    3,303 GHz                      ( +-  0,10% )
    19.640.005.996      instructions              #    1,01  insn per cycle           ( +-  0,00% )
     1.554.402.139      branches                  #  264,127 M/sec                    ( +-  0,00% )
         3.822.048      branch-misses             #    0,25% of all branches          ( +-  0,14% )

            1,6858 +- 0,0105 seconds time elapsed  ( +-  0,62% )


 Performance counter stats for './mandelbrot_pth -0.8 -0.7 0.05 0.15 4096 6' (10 runs):

         23.749,35 msec task-clock                #    3,509 CPUs utilized            ( +-  0,09% )
             2.709      context-switches          #    0,114 K/sec                    ( +-  2,46% )
               118      cpu-migrations            #    0,005 K/sec                    ( +-  5,55% )
           163.932      page-faults               #    0,007 M/sec                    ( +-  0,00% )
    77.782.194.483      cycles                    #    3,275 GHz                      ( +-  0,07% )
    78.560.962.208      instructions              #    1,01  insn per cycle           ( +-  0,01% )
     6.218.330.652      branches                  #  261,832 M/sec                    ( +-  0,02% )
        14.997.852      branch-misses             #    0,24% of all branches          ( +-  0,18% )

            6,7682 +- 0,0286 seconds time elapsed  ( +-  0,42% )


 Performance counter stats for './mandelbrot_pth -0.8 -0.7 0.05 0.15 8192 6' (10 runs):

         94.994,28 msec task-clock                #    3,482 CPUs utilized            ( +-  0,10% )
            10.786      context-switches          #    0,114 K/sec                    ( +-  4,32% )
               444      cpu-migrations            #    0,005 K/sec                    ( +-  4,32% )
           655.452      page-faults               #    0,007 M/sec                    ( +-  0,00% )
   310.405.991.205      cycles                    #    3,268 GHz                      ( +-  0,05% )
   314.250.263.931      instructions              #    1,01  insn per cycle           ( +-  0,00% )
    24.875.748.101      branches                  #  261,866 M/sec                    ( +-  0,01% )
        59.034.393      branch-misses             #    0,24% of all branches          ( +-  0,06% )

           27,2838 +- 0,0975 seconds time elapsed  ( +-  0,36% )

