
 Performance counter stats for './mandelbrot_pth -2.5 1.5 -2.0 2.0 16 16' (10 runs):

              1,24 msec task-clock                #    1,273 CPUs utilized            ( +-  2,41% )
                 9      context-switches          #    0,007 M/sec                    ( +- 13,44% )
                 1      cpu-migrations            #    0,001 M/sec                    ( +- 35,63% )
               116      page-faults               #    0,094 M/sec                    ( +-  0,45% )
         4.094.927      cycles                    #    3,313 GHz                      ( +-  1,93% )
         2.657.459      instructions              #    0,65  insn per cycle           ( +-  0,53% )
           515.850      branches                  #  417,357 M/sec                    ( +-  0,58% )
            17.619      branch-misses             #    3,42% of all branches          ( +-  1,21% )

         0,0009707 +- 0,0000455 seconds time elapsed  ( +-  4,68% )


 Performance counter stats for './mandelbrot_pth -2.5 1.5 -2.0 2.0 32 16' (10 runs):

              1,46 msec task-clock                #    1,442 CPUs utilized            ( +-  2,40% )
                12      context-switches          #    0,008 M/sec                    ( +- 11,19% )
                 2      cpu-migrations            #    0,001 M/sec                    ( +- 26,76% )
               124      page-faults               #    0,085 M/sec                    ( +-  0,48% )
         4.846.760      cycles                    #    3,329 GHz                      ( +-  1,78% )
         3.423.350      instructions              #    0,71  insn per cycle           ( +-  0,51% )
           592.303      branches                  #  406,809 M/sec                    ( +-  0,60% )
            18.200      branch-misses             #    3,07% of all branches          ( +-  1,30% )

         0,0010097 +- 0,0000391 seconds time elapsed  ( +-  3,87% )


 Performance counter stats for './mandelbrot_pth -2.5 1.5 -2.0 2.0 64 16' (10 runs):

              2,20 msec task-clock                #    1,617 CPUs utilized            ( +-  1,93% )
                19      context-switches          #    0,008 M/sec                    ( +-  4,55% )
                 1      cpu-migrations            #    0,545 K/sec                    ( +- 36,85% )
               153      page-faults               #    0,070 M/sec                    ( +-  0,34% )
         7.382.084      cycles                    #    3,353 GHz                      ( +-  0,90% )
         6.382.680      instructions              #    0,86  insn per cycle           ( +-  0,16% )
           886.964      branches                  #  402,819 M/sec                    ( +-  0,23% )
            20.084      branch-misses             #    2,26% of all branches          ( +-  1,18% )

         0,0013616 +- 0,0000859 seconds time elapsed  ( +-  6,31% )


 Performance counter stats for './mandelbrot_pth -2.5 1.5 -2.0 2.0 128 16' (10 runs):

              4,84 msec task-clock                #    1,855 CPUs utilized            ( +-  1,09% )
                22      context-switches          #    0,004 M/sec                    ( +-  3,60% )
                 3      cpu-migrations            #    0,619 K/sec                    ( +- 36,18% )
               275      page-faults               #    0,057 M/sec                    ( +-  0,30% )
        16.593.439      cycles                    #    3,426 GHz                      ( +-  0,81% )
        17.999.777      instructions              #    1,08  insn per cycle           ( +-  0,09% )
         2.034.258      branches                  #  419,995 M/sec                    ( +-  0,17% )
            24.120      branch-misses             #    1,19% of all branches          ( +-  0,85% )

         0,0026104 +- 0,0000544 seconds time elapsed  ( +-  2,08% )


 Performance counter stats for './mandelbrot_pth -2.5 1.5 -2.0 2.0 256 16' (10 runs):

             15,69 msec task-clock                #    2,166 CPUs utilized            ( +-  0,51% )
                26      context-switches          #    0,002 M/sec                    ( +-  4,31% )
                 7      cpu-migrations            #    0,421 K/sec                    ( +- 10,15% )
               758      page-faults               #    0,048 M/sec                    ( +-  0,17% )
        54.567.394      cycles                    #    3,478 GHz                      ( +-  0,52% )
        64.479.630      instructions              #    1,18  insn per cycle           ( +-  0,03% )
         6.612.411      branches                  #  421,471 M/sec                    ( +-  0,06% )
            35.360      branch-misses             #    0,53% of all branches          ( +-  0,55% )

          0,007244 +- 0,000137 seconds time elapsed  ( +-  1,89% )


 Performance counter stats for './mandelbrot_pth -2.5 1.5 -2.0 2.0 512 16' (10 runs):

             61,12 msec task-clock                #    2,360 CPUs utilized            ( +-  0,56% )
                30      context-switches          #    0,491 K/sec                    ( +-  5,75% )
                 7      cpu-migrations            #    0,121 K/sec                    ( +- 17,81% )
             2.675      page-faults               #    0,044 M/sec                    ( +-  0,01% )
       206.699.063      cycles                    #    3,382 GHz                      ( +-  0,56% )
       250.182.331      instructions              #    1,21  insn per cycle           ( +-  0,11% )
        24.905.463      branches                  #  407,511 M/sec                    ( +-  0,21% )
            71.738      branch-misses             #    0,29% of all branches          ( +-  2,07% )

          0,025893 +- 0,000456 seconds time elapsed  ( +-  1,76% )


 Performance counter stats for './mandelbrot_pth -2.5 1.5 -2.0 2.0 1024 16' (10 runs):

            240,86 msec task-clock                #    2,458 CPUs utilized            ( +-  0,29% )
                53      context-switches          #    0,220 K/sec                    ( +-  3,77% )
                 6      cpu-migrations            #    0,025 K/sec                    ( +- 13,38% )
            10.355      page-faults               #    0,043 M/sec                    ( +-  0,01% )
       815.094.547      cycles                    #    3,384 GHz                      ( +-  0,29% )
       991.603.986      instructions              #    1,22  insn per cycle           ( +-  0,00% )
        97.834.472      branches                  #  406,193 M/sec                    ( +-  0,00% )
           202.439      branch-misses             #    0,21% of all branches          ( +-  0,36% )

          0,097972 +- 0,000636 seconds time elapsed  ( +-  0,65% )


 Performance counter stats for './mandelbrot_pth -2.5 1.5 -2.0 2.0 2048 16' (10 runs):

            962,54 msec task-clock                #    2,493 CPUs utilized            ( +-  0,35% )
               154      context-switches          #    0,160 K/sec                    ( +-  3,53% )
                11      cpu-migrations            #    0,011 K/sec                    ( +-  8,37% )
            41.073      page-faults               #    0,043 M/sec                    ( +-  0,00% )
     3.254.935.687      cycles                    #    3,382 GHz                      ( +-  0,36% )
     3.958.594.337      instructions              #    1,22  insn per cycle           ( +-  0,00% )
       389.802.906      branches                  #  404,972 M/sec                    ( +-  0,00% )
           711.148      branch-misses             #    0,18% of all branches          ( +-  0,46% )

           0,38615 +- 0,00501 seconds time elapsed  ( +-  1,30% )


 Performance counter stats for './mandelbrot_pth -2.5 1.5 -2.0 2.0 4096 16' (10 runs):

          3.887,58 msec task-clock                #    2,586 CPUs utilized            ( +-  0,24% )
               491      context-switches          #    0,126 K/sec                    ( +-  1,46% )
                19      cpu-migrations            #    0,005 K/sec                    ( +-  5,46% )
           163.953      page-faults               #    0,042 M/sec                    ( +-  0,00% )
    12.936.437.763      cycles                    #    3,328 GHz                      ( +-  0,14% )
    15.830.384.878      instructions              #    1,22  insn per cycle           ( +-  0,00% )
     1.558.110.778      branches                  #  400,792 M/sec                    ( +-  0,00% )
         2.651.874      branch-misses             #    0,17% of all branches          ( +-  1,43% )

           1,50347 +- 0,00782 seconds time elapsed  ( +-  0,52% )


 Performance counter stats for './mandelbrot_pth -2.5 1.5 -2.0 2.0 8192 16' (10 runs):

         15.615,42 msec task-clock                #    2,631 CPUs utilized            ( +-  0,10% )
             1.831      context-switches          #    0,117 K/sec                    ( +-  2,62% )
                56      cpu-migrations            #    0,004 K/sec                    ( +-  5,11% )
           655.474      page-faults               #    0,042 M/sec                    ( +-  0,00% )
    51.597.926.890      cycles                    #    3,304 GHz                      ( +-  0,09% )
    63.329.995.026      instructions              #    1,23  insn per cycle           ( +-  0,01% )
     6.234.880.327      branches                  #  399,277 M/sec                    ( +-  0,03% )
         9.949.579      branch-misses             #    0,16% of all branches          ( +-  0,14% )

            5,9347 +- 0,0224 seconds time elapsed  ( +-  0,38% )

