
 Performance counter stats for './mandelbrot_pth -0.188 -0.012 0.554 0.754 16 16' (10 runs):

              1,66 msec task-clock                #    1,536 CPUs utilized            ( +-  0,80% )
                18      context-switches          #    0,011 M/sec                    ( +-  7,36% )
                 1      cpu-migrations            #    0,603 K/sec                    ( +- 14,91% )
               116      page-faults               #    0,070 M/sec                    ( +-  0,41% )
         5.556.402      cycles                    #    3,350 GHz                      ( +-  0,68% )
         3.853.739      instructions              #    0,69  insn per cycle           ( +-  0,40% )
           615.222      branches                  #  370,908 M/sec                    ( +-  0,48% )
            18.328      branch-misses             #    2,98% of all branches          ( +-  1,03% )

         0,0010800 +- 0,0000959 seconds time elapsed  ( +-  8,88% )


 Performance counter stats for './mandelbrot_pth -0.188 -0.012 0.554 0.754 32 16' (10 runs):

              2,73 msec task-clock                #    1,755 CPUs utilized            ( +-  0,61% )
                20      context-switches          #    0,007 M/sec                    ( +-  6,38% )
                 3      cpu-migrations            #    0,951 K/sec                    ( +- 30,45% )
               125      page-faults               #    0,046 M/sec                    ( +-  0,44% )
         9.346.119      cycles                    #    3,418 GHz                      ( +-  0,63% )
         7.907.302      instructions              #    0,85  insn per cycle           ( +-  0,17% )
           933.016      branches                  #  341,181 M/sec                    ( +-  0,29% )
            19.899      branch-misses             #    2,13% of all branches          ( +-  1,08% )

         0,0015586 +- 0,0000861 seconds time elapsed  ( +-  5,52% )


 Performance counter stats for './mandelbrot_pth -0.188 -0.012 0.554 0.754 64 16' (10 runs):

              7,17 msec task-clock                #    2,368 CPUs utilized            ( +-  0,70% )
                21      context-switches          #    0,003 M/sec                    ( +-  5,89% )
                 5      cpu-migrations            #    0,697 K/sec                    ( +- 13,66% )
               154      page-faults               #    0,021 M/sec                    ( +-  0,30% )
        24.753.162      cycles                    #    3,451 GHz                      ( +-  0,59% )
        24.271.600      instructions              #    0,98  insn per cycle           ( +-  0,19% )
         2.224.865      branches                  #  310,213 M/sec                    ( +-  0,40% )
            23.888      branch-misses             #    1,07% of all branches          ( +-  1,46% )

         0,0030283 +- 0,0000729 seconds time elapsed  ( +-  2,41% )


 Performance counter stats for './mandelbrot_pth -0.188 -0.012 0.554 0.754 128 16' (10 runs):

             25,56 msec task-clock                #    2,995 CPUs utilized            ( +-  0,49% )
                24      context-switches          #    0,919 K/sec                    ( +-  5,86% )
                 6      cpu-migrations            #    0,250 K/sec                    ( +- 17,31% )
               273      page-faults               #    0,011 M/sec                    ( +-  0,28% )
        88.826.551      cycles                    #    3,475 GHz                      ( +-  0,48% )
        89.439.764      instructions              #    1,01  insn per cycle           ( +-  0,11% )
         7.361.165      branches                  #  287,951 M/sec                    ( +-  0,25% )
            38.424      branch-misses             #    0,52% of all branches          ( +-  1,62% )

          0,008536 +- 0,000137 seconds time elapsed  ( +-  1,61% )


 Performance counter stats for './mandelbrot_pth -0.188 -0.012 0.554 0.754 256 16' (10 runs):

            103,70 msec task-clock                #    3,458 CPUs utilized            ( +-  0,56% )
                33      context-switches          #    0,320 K/sec                    ( +-  4,16% )
                11      cpu-migrations            #    0,104 K/sec                    ( +-  7,15% )
               754      page-faults               #    0,007 M/sec                    ( +-  0,08% )
       349.883.699      cycles                    #    3,374 GHz                      ( +-  0,15% )
       349.542.240      instructions              #    1,00  insn per cycle           ( +-  0,05% )
        27.806.225      branches                  #  268,144 M/sec                    ( +-  0,13% )
            91.107      branch-misses             #    0,33% of all branches          ( +-  1,14% )

          0,029990 +- 0,000227 seconds time elapsed  ( +-  0,76% )


 Performance counter stats for './mandelbrot_pth -0.188 -0.012 0.554 0.754 512 16' (10 runs):

            424,40 msec task-clock                #    3,601 CPUs utilized            ( +-  0,30% )
               103      context-switches          #    0,242 K/sec                    ( +-  3,25% )
                13      cpu-migrations            #    0,032 K/sec                    ( +-  5,12% )
             2.674      page-faults               #    0,006 M/sec                    ( +-  0,01% )
     1.390.829.898      cycles                    #    3,277 GHz                      ( +-  0,08% )
     1.389.706.508      instructions              #    1,00  insn per cycle           ( +-  0,01% )
       109.561.433      branches                  #  258,158 M/sec                    ( +-  0,03% )
           295.504      branch-misses             #    0,27% of all branches          ( +-  0,25% )

          0,117869 +- 0,000657 seconds time elapsed  ( +-  0,56% )


 Performance counter stats for './mandelbrot_pth -0.188 -0.012 0.554 0.754 1024 16' (10 runs):

          1.698,08 msec task-clock                #    3,602 CPUs utilized            ( +-  0,18% )
               356      context-switches          #    0,210 K/sec                    ( +-  1,82% )
                22      cpu-migrations            #    0,013 K/sec                    ( +-  4,06% )
            10.354      page-faults               #    0,006 M/sec                    ( +-  0,00% )
     5.550.533.702      cycles                    #    3,269 GHz                      ( +-  0,06% )
     5.549.587.902      instructions              #    1,00  insn per cycle           ( +-  0,00% )
       436.483.195      branches                  #  257,045 M/sec                    ( +-  0,00% )
         1.099.543      branch-misses             #    0,25% of all branches          ( +-  0,18% )

           0,47145 +- 0,00187 seconds time elapsed  ( +-  0,40% )


 Performance counter stats for './mandelbrot_pth -0.188 -0.012 0.554 0.754 2048 16' (10 runs):

          6.819,99 msec task-clock                #    3,660 CPUs utilized            ( +-  0,07% )
             1.405      context-switches          #    0,206 K/sec                    ( +-  0,69% )
                31      cpu-migrations            #    0,004 K/sec                    ( +-  6,91% )
            41.074      page-faults               #    0,006 M/sec                    ( +-  0,00% )
    22.223.155.298      cycles                    #    3,259 GHz                      ( +-  0,04% )
    22.190.608.696      instructions              #    1,00  insn per cycle           ( +-  0,00% )
     1.744.382.346      branches                  #  255,775 M/sec                    ( +-  0,00% )
         4.284.897      branch-misses             #    0,25% of all branches          ( +-  0,09% )

           1,86320 +- 0,00324 seconds time elapsed  ( +-  0,17% )


 Performance counter stats for './mandelbrot_pth -0.188 -0.012 0.554 0.754 4096 16' (10 runs):

         27.334,44 msec task-clock                #    3,679 CPUs utilized            ( +-  0,03% )
             5.356      context-switches          #    0,196 K/sec                    ( +-  1,29% )
                81      cpu-migrations            #    0,003 K/sec                    ( +-  9,42% )
           163.953      page-faults               #    0,006 M/sec                    ( +-  0,00% )
    88.808.333.182      cycles                    #    3,249 GHz                      ( +-  0,02% )
    88.759.088.516      instructions              #    1,00  insn per cycle           ( +-  0,01% )
     6.977.497.450      branches                  #  255,264 M/sec                    ( +-  0,02% )
        16.892.490      branch-misses             #    0,24% of all branches          ( +-  0,06% )

           7,43069 +- 0,00953 seconds time elapsed  ( +-  0,13% )


 Performance counter stats for './mandelbrot_pth -0.188 -0.012 0.554 0.754 8192 16' (10 runs):

        109.310,31 msec task-clock                #    3,695 CPUs utilized            ( +-  0,04% )
            21.304      context-switches          #    0,195 K/sec                    ( +-  1,51% )
               286      cpu-migrations            #    0,003 K/sec                    ( +-  9,04% )
           655.474      page-faults               #    0,006 M/sec                    ( +-  0,00% )
   355.347.725.470      cycles                    #    3,251 GHz                      ( +-  0,02% )
   355.045.158.337      instructions              #    1,00  insn per cycle           ( +-  0,00% )
    27.913.814.383      branches                  #  255,363 M/sec                    ( +-  0,01% )
        66.967.757      branch-misses             #    0,24% of all branches          ( +-  0,08% )

           29,5858 +- 0,0744 seconds time elapsed  ( +-  0,25% )

