
 Performance counter stats for './mandelbrot_omp -0.8 -0.7 0.05 0.15 16' (10 runs):

             24,99 msec task-clock                #    2,748 CPUs utilized            ( +- 62,82% )
                 6      context-switches          #    0,248 K/sec                    ( +- 75,07% )
                 0      cpu-migrations            #    0,012 K/sec                    ( +- 50,92% )
                94      page-faults               #    0,004 M/sec                    ( +-  0,39% )
        87.132.858      cycles                    #    3,486 GHz                      ( +- 62,85% )
         6.566.649      instructions              #    0,08  insn per cycle           ( +- 39,83% )
         1.554.177      branches                  #   62,183 M/sec                    ( +- 47,68% )
            14.805      branch-misses             #    0,95% of all branches          ( +-  6,53% )

           0,00909 +- 0,00550 seconds time elapsed  ( +- 60,42% )


 Performance counter stats for './mandelbrot_omp -0.8 -0.7 0.05 0.15 32' (10 runs):

              8,14 msec task-clock                #    2,547 CPUs utilized            ( +- 29,74% )
                 2      context-switches          #    0,295 K/sec                    ( +- 30,56% )
                 1      cpu-migrations            #    0,074 K/sec                    ( +- 27,22% )
               104      page-faults               #    0,013 M/sec                    ( +-  0,32% )
        28.377.298      cycles                    #    3,485 GHz                      ( +- 29,79% )
         7.146.565      instructions              #    0,25  insn per cycle           ( +-  5,71% )
         1.133.193      branches                  #  139,152 M/sec                    ( +- 10,21% )
            15.143      branch-misses             #    1,34% of all branches          ( +-  1,42% )

          0,003198 +- 0,000822 seconds time elapsed  ( +- 25,70% )


 Performance counter stats for './mandelbrot_omp -0.8 -0.7 0.05 0.15 64' (10 runs):

             15,03 msec task-clock                #    2,836 CPUs utilized            ( +- 28,42% )
                 6      context-switches          #    0,393 K/sec                    ( +- 45,44% )
                 0      cpu-migrations            #    0,027 K/sec                    ( +- 40,82% )
               132      page-faults               #    0,009 M/sec                    ( +-  0,23% )
        52.348.282      cycles                    #    3,483 GHz                      ( +- 28,49% )
        21.612.325      instructions              #    0,41  insn per cycle           ( +-  3,37% )
         2.918.047      branches                  #  194,143 M/sec                    ( +-  6,99% )
            19.397      branch-misses             #    0,66% of all branches          ( +-  3,30% )

           0,00530 +- 0,00155 seconds time elapsed  ( +- 29,16% )


 Performance counter stats for './mandelbrot_omp -0.8 -0.7 0.05 0.15 128' (10 runs):

             32,38 msec task-clock                #    3,361 CPUs utilized            ( +- 16,86% )
                15      context-switches          #    0,460 K/sec                    ( +- 29,75% )
                 1      cpu-migrations            #    0,025 K/sec                    ( +- 48,59% )
               252      page-faults               #    0,008 M/sec                    ( +-  0,14% )
       112.838.313      cycles                    #    3,484 GHz                      ( +- 16,89% )
        77.840.606      instructions              #    0,69  insn per cycle           ( +-  1,34% )
         9.600.048      branches                  #  296,450 M/sec                    ( +-  2,93% )
            34.781      branch-misses             #    0,36% of all branches          ( +-  4,01% )

           0,00963 +- 0,00202 seconds time elapsed  ( +- 20,92% )


 Performance counter stats for './mandelbrot_omp -0.8 -0.7 0.05 0.15 256' (10 runs):

            110,08 msec task-clock                #    3,680 CPUs utilized            ( +-  3,59% )
                50      context-switches          #    0,451 K/sec                    ( +- 10,92% )
                 1      cpu-migrations            #    0,006 K/sec                    ( +- 42,86% )
               732      page-faults               #    0,007 M/sec                    ( +-  0,03% )
       383.107.003      cycles                    #    3,480 GHz                      ( +-  3,62% )
       304.081.424      instructions              #    0,79  insn per cycle           ( +-  0,23% )
        36.717.821      branches                  #  333,542 M/sec                    ( +-  0,53% )
            91.174      branch-misses             #    0,25% of all branches          ( +-  1,07% )

           0,02992 +- 0,00164 seconds time elapsed  ( +-  5,49% )


 Performance counter stats for './mandelbrot_omp -0.8 -0.7 0.05 0.15 512' (10 runs):

            388,19 msec task-clock                #    3,653 CPUs utilized            ( +-  0,75% )
               119      context-switches          #    0,308 K/sec                    ( +-  6,82% )
                 2      cpu-migrations            #    0,005 K/sec                    ( +- 26,98% )
             2.653      page-faults               #    0,007 M/sec                    ( +-  0,01% )
     1.353.687.406      cycles                    #    3,487 GHz                      ( +-  0,76% )
     1.203.429.972      instructions              #    0,89  insn per cycle           ( +-  0,03% )
       143.655.707      branches                  #  370,070 M/sec                    ( +-  0,05% )
           312.444      branch-misses             #    0,22% of all branches          ( +-  0,51% )

          0,106261 +- 0,000945 seconds time elapsed  ( +-  0,89% )


 Performance counter stats for './mandelbrot_omp -0.8 -0.7 0.05 0.15 1024' (10 runs):

          1.573,61 msec task-clock                #    3,572 CPUs utilized            ( +-  0,36% )
               412      context-switches          #    0,262 K/sec                    ( +-  4,40% )
                 5      cpu-migrations            #    0,003 K/sec                    ( +- 24,58% )
            10.333      page-faults               #    0,007 M/sec                    ( +-  0,00% )
     5.097.365.556      cycles                    #    3,239 GHz                      ( +-  0,31% )
     4.791.608.720      instructions              #    0,94  insn per cycle           ( +-  0,01% )
       569.130.954      branches                  #  361,672 M/sec                    ( +-  0,02% )
         1.165.746      branch-misses             #    0,20% of all branches          ( +-  0,38% )

           0,44053 +- 0,00308 seconds time elapsed  ( +-  0,70% )


 Performance counter stats for './mandelbrot_omp -0.8 -0.7 0.05 0.15 2048' (10 runs):

          6.116,43 msec task-clock                #    3,505 CPUs utilized            ( +-  0,21% )
             1.634      context-switches          #    0,267 K/sec                    ( +-  3,25% )
                16      cpu-migrations            #    0,003 K/sec                    ( +- 17,32% )
            41.053      page-faults               #    0,007 M/sec                    ( +-  0,00% )
    19.827.315.375      cycles                    #    3,242 GHz                      ( +-  0,20% )
    19.140.938.187      instructions              #    0,97  insn per cycle           ( +-  0,04% )
     2.270.820.856      branches                  #  371,265 M/sec                    ( +-  0,10% )
         4.555.818      branch-misses             #    0,20% of all branches          ( +-  0,48% )

            1,7450 +- 0,0165 seconds time elapsed  ( +-  0,95% )


 Performance counter stats for './mandelbrot_omp -0.8 -0.7 0.05 0.15 4096' (10 runs):

         24.388,55 msec task-clock                #    3,528 CPUs utilized            ( +-  0,20% )
             5.819      context-switches          #    0,239 K/sec                    ( +-  1,99% )
                58      cpu-migrations            #    0,002 K/sec                    ( +-  9,22% )
           163.933      page-faults               #    0,007 M/sec                    ( +-  0,00% )
    78.908.976.521      cycles                    #    3,235 GHz                      ( +-  0,21% )
    76.497.982.747      instructions              #    0,97  insn per cycle           ( +-  0,01% )
     9.064.847.240      branches                  #  371,684 M/sec                    ( +-  0,02% )
        17.559.457      branch-misses             #    0,19% of all branches          ( +-  0,20% )

            6,9133 +- 0,0503 seconds time elapsed  ( +-  0,73% )


 Performance counter stats for './mandelbrot_omp -0.8 -0.7 0.05 0.15 8192' (10 runs):

         96.964,06 msec task-clock                #    3,518 CPUs utilized            ( +-  0,28% )
            22.816      context-switches          #    0,235 K/sec                    ( +-  2,93% )
               201      cpu-migrations            #    0,002 K/sec                    ( +-  7,78% )
           655.453      page-faults               #    0,007 M/sec                    ( +-  0,00% )
   313.798.309.789      cycles                    #    3,236 GHz                      ( +-  0,26% )
   305.957.933.215      instructions              #    0,98  insn per cycle           ( +-  0,00% )
    36.249.912.947      branches                  #  373,849 M/sec                    ( +-  0,01% )
        67.973.692      branch-misses             #    0,19% of all branches          ( +-  0,16% )

            27,560 +- 0,268 seconds time elapsed  ( +-  0,97% )

