
 Performance counter stats for './mandelbrot_omp 0.175 0.375 -0.1 0.1 16' (10 runs):

              2,63 msec task-clock                #    1,353 CPUs utilized            ( +-  2,36% )
               124      context-switches          #    0,047 M/sec                    ( +-  2,89% )
                12      cpu-migrations            #    0,004 M/sec                    ( +-  9,72% )
               153      page-faults               #    0,058 M/sec                    ( +-  0,93% )
         8.866.654      cycles                    #    3,368 GHz                      ( +-  2,32% )
         4.808.264      instructions              #    0,54  insn per cycle           ( +-  0,87% )
           895.528      branches                  #  340,212 M/sec                    ( +-  1,08% )
            25.665      branch-misses             #    2,87% of all branches          ( +-  1,63% )

          0,001946 +- 0,000124 seconds time elapsed  ( +-  6,40% )


 Performance counter stats for './mandelbrot_omp 0.175 0.375 -0.1 0.1 32' (10 runs):

              3,73 msec task-clock                #    1,533 CPUs utilized            ( +-  1,79% )
               128      context-switches          #    0,034 M/sec                    ( +-  3,93% )
                15      cpu-migrations            #    0,004 M/sec                    ( +- 11,82% )
               156      page-faults               #    0,042 M/sec                    ( +-  0,76% )
        12.611.884      cycles                    #    3,377 GHz                      ( +-  1,80% )
         8.322.517      instructions              #    0,66  insn per cycle           ( +-  0,66% )
         1.324.091      branches                  #  354,532 M/sec                    ( +-  0,96% )
            28.131      branch-misses             #    2,12% of all branches          ( +-  2,37% )

          0,002436 +- 0,000269 seconds time elapsed  ( +- 11,03% )


 Performance counter stats for './mandelbrot_omp 0.175 0.375 -0.1 0.1 64' (10 runs):

              7,85 msec task-clock                #    2,085 CPUs utilized            ( +-  1,46% )
               131      context-switches          #    0,017 M/sec                    ( +-  5,11% )
                13      cpu-migrations            #    0,002 M/sec                    ( +- 11,92% )
               189      page-faults               #    0,024 M/sec                    ( +-  0,49% )
        26.974.633      cycles                    #    3,434 GHz                      ( +-  1,38% )
        22.296.733      instructions              #    0,83  insn per cycle           ( +-  0,32% )
         3.028.804      branches                  #  385,620 M/sec                    ( +-  0,54% )
            30.497      branch-misses             #    1,01% of all branches          ( +-  2,10% )

          0,003768 +- 0,000119 seconds time elapsed  ( +-  3,16% )


 Performance counter stats for './mandelbrot_omp 0.175 0.375 -0.1 0.1 128' (10 runs):

             24,75 msec task-clock                #    2,785 CPUs utilized            ( +-  0,97% )
               137      context-switches          #    0,006 M/sec                    ( +-  7,08% )
                13      cpu-migrations            #    0,537 K/sec                    ( +- 14,83% )
               312      page-faults               #    0,013 M/sec                    ( +-  0,44% )
        85.870.959      cycles                    #    3,470 GHz                      ( +-  0,94% )
        77.925.758      instructions              #    0,91  insn per cycle           ( +-  0,16% )
         9.808.901      branches                  #  396,354 M/sec                    ( +-  0,27% )
            46.857      branch-misses             #    0,48% of all branches          ( +-  1,55% )

          0,008886 +- 0,000314 seconds time elapsed  ( +-  3,53% )


 Performance counter stats for './mandelbrot_omp 0.175 0.375 -0.1 0.1 256' (10 runs):

             91,47 msec task-clock                #    3,161 CPUs utilized            ( +-  0,20% )
               145      context-switches          #    0,002 M/sec                    ( +-  6,90% )
                21      cpu-migrations            #    0,234 K/sec                    ( +-  5,71% )
               789      page-faults               #    0,009 M/sec                    ( +-  0,16% )
       318.330.981      cycles                    #    3,480 GHz                      ( +-  0,20% )
       299.069.791      instructions              #    0,94  insn per cycle           ( +-  0,03% )
        36.672.744      branches                  #  400,941 M/sec                    ( +-  0,06% )
            96.680      branch-misses             #    0,26% of all branches          ( +-  0,61% )

          0,028940 +- 0,000573 seconds time elapsed  ( +-  1,98% )


 Performance counter stats for './mandelbrot_omp 0.175 0.375 -0.1 0.1 512' (10 runs):

            367,50 msec task-clock                #    3,504 CPUs utilized            ( +-  0,20% )
               313      context-switches          #    0,851 K/sec                    ( +- 18,04% )
                48      cpu-migrations            #    0,132 K/sec                    ( +- 16,59% )
             2.711      page-faults               #    0,007 M/sec                    ( +-  0,04% )
     1.281.512.461      cycles                    #    3,487 GHz                      ( +-  0,20% )
     1.187.583.218      instructions              #    0,93  insn per cycle           ( +-  0,06% )
       145.077.790      branches                  #  394,767 M/sec                    ( +-  0,10% )
           299.895      branch-misses             #    0,21% of all branches          ( +-  1,01% )

          0,104885 +- 0,000639 seconds time elapsed  ( +-  0,61% )


 Performance counter stats for './mandelbrot_omp 0.175 0.375 -0.1 0.1 1024' (10 runs):

          1.554,76 msec task-clock                #    3,653 CPUs utilized            ( +-  0,14% )
               578      context-switches          #    0,372 K/sec                    ( +- 12,87% )
                68      cpu-migrations            #    0,044 K/sec                    ( +- 15,55% )
            10.393      page-faults               #    0,007 M/sec                    ( +-  0,03% )
     5.132.368.969      cycles                    #    3,301 GHz                      ( +-  0,08% )
     4.737.662.434      instructions              #    0,92  insn per cycle           ( +-  0,02% )
       577.840.493      branches                  #  371,659 M/sec                    ( +-  0,04% )
         1.072.087      branch-misses             #    0,19% of all branches          ( +-  0,59% )

          0,425669 +- 0,000811 seconds time elapsed  ( +-  0,19% )


 Performance counter stats for './mandelbrot_omp 0.175 0.375 -0.1 0.1 2048' (10 runs):

          6.206,01 msec task-clock                #    3,630 CPUs utilized            ( +-  0,19% )
             1.532      context-switches          #    0,247 K/sec                    ( +-  3,85% )
               135      cpu-migrations            #    0,022 K/sec                    ( +-  8,05% )
            41.113      page-faults               #    0,007 M/sec                    ( +-  0,00% )
    20.499.158.902      cycles                    #    3,303 GHz                      ( +-  0,09% )
    18.930.746.148      instructions              #    0,92  insn per cycle           ( +-  0,00% )
     2.306.862.238      branches                  #  371,714 M/sec                    ( +-  0,01% )
         4.070.989      branch-misses             #    0,18% of all branches          ( +-  0,19% )

           1,70966 +- 0,00605 seconds time elapsed  ( +-  0,35% )


 Performance counter stats for './mandelbrot_omp 0.175 0.375 -0.1 0.1 4096' (10 runs):

         24.883,92 msec task-clock                #    3,666 CPUs utilized            ( +-  0,04% )
             4.634      context-switches          #    0,186 K/sec                    ( +-  1,65% )
               262      cpu-migrations            #    0,011 K/sec                    ( +-  4,24% )
           163.992      page-faults               #    0,007 M/sec                    ( +-  0,00% )
    82.079.112.216      cycles                    #    3,298 GHz                      ( +-  0,08% )
    75.710.581.069      instructions              #    0,92  insn per cycle           ( +-  0,02% )
     9.227.940.733      branches                  #  370,840 M/sec                    ( +-  0,06% )
        15.898.290      branch-misses             #    0,17% of all branches          ( +-  0,12% )

            6,7875 +- 0,0223 seconds time elapsed  ( +-  0,33% )


 Performance counter stats for './mandelbrot_omp 0.175 0.375 -0.1 0.1 8192' (10 runs):

         99.689,85 msec task-clock                #    3,669 CPUs utilized            ( +-  0,10% )
            17.393      context-switches          #    0,174 K/sec                    ( +-  0,47% )
               817      cpu-migrations            #    0,008 K/sec                    ( +-  1,89% )
           655.513      page-faults               #    0,007 M/sec                    ( +-  0,00% )
   328.443.147.913      cycles                    #    3,295 GHz                      ( +-  0,10% )
   302.840.956.242      instructions              #    0,92  insn per cycle           ( +-  0,02% )
    36.909.144.791      branches                  #  370,240 M/sec                    ( +-  0,04% )
        62.520.439      branch-misses             #    0,17% of all branches          ( +-  0,06% )

           27,1745 +- 0,0426 seconds time elapsed  ( +-  0,16% )

