
 Performance counter stats for './mandelbrot_omp -2.5 1.5 -2.0 2.0 16' (10 runs):

              2,38 msec task-clock                #    0,913 CPUs utilized            ( +-  2,28% )
               120      context-switches          #    0,050 M/sec                    ( +-  0,68% )
                12      cpu-migrations            #    0,005 M/sec                    ( +- 13,18% )
               151      page-faults               #    0,064 M/sec                    ( +-  0,48% )
         7.985.464      cycles                    #    3,360 GHz                      ( +-  2,38% )
         3.931.445      instructions              #    0,49  insn per cycle           ( +-  1,70% )
           792.837      branches                  #  333,618 M/sec                    ( +-  1,64% )
            25.773      branch-misses             #    3,25% of all branches          ( +-  2,10% )

          0,002603 +- 0,000496 seconds time elapsed  ( +- 19,06% )


 Performance counter stats for './mandelbrot_omp -2.5 1.5 -2.0 2.0 32' (10 runs):

              2,61 msec task-clock                #    1,453 CPUs utilized            ( +-  1,85% )
               123      context-switches          #    0,047 M/sec                    ( +-  2,48% )
                12      cpu-migrations            #    0,005 M/sec                    ( +-  7,93% )
               155      page-faults               #    0,060 M/sec                    ( +-  0,40% )
         8.763.299      cycles                    #    3,358 GHz                      ( +-  1,71% )
         4.825.746      instructions              #    0,55  insn per cycle           ( +-  0,72% )
           917.628      branches                  #  351,677 M/sec                    ( +-  0,85% )
            26.295      branch-misses             #    2,87% of all branches          ( +-  1,37% )

         0,0017953 +- 0,0000746 seconds time elapsed  ( +-  4,15% )


 Performance counter stats for './mandelbrot_omp -2.5 1.5 -2.0 2.0 64' (10 runs):

              3,53 msec task-clock                #    1,636 CPUs utilized            ( +-  1,51% )
               127      context-switches          #    0,036 M/sec                    ( +-  4,08% )
                12      cpu-migrations            #    0,003 M/sec                    ( +-  8,58% )
               192      page-faults               #    0,054 M/sec                    ( +-  0,51% )
        11.979.543      cycles                    #    3,398 GHz                      ( +-  1,44% )
         8.409.049      instructions              #    0,70  insn per cycle           ( +-  0,62% )
         1.420.046      branches                  #  402,773 M/sec                    ( +-  0,85% )
            28.834      branch-misses             #    2,03% of all branches          ( +-  1,38% )

         0,0021546 +- 0,0000612 seconds time elapsed  ( +-  2,84% )


 Performance counter stats for './mandelbrot_omp -2.5 1.5 -2.0 2.0 128' (10 runs):

              7,22 msec task-clock                #    1,910 CPUs utilized            ( +-  1,69% )
               130      context-switches          #    0,018 M/sec                    ( +-  7,17% )
                15      cpu-migrations            #    0,002 M/sec                    ( +- 11,73% )
               315      page-faults               #    0,044 M/sec                    ( +-  0,24% )
        24.849.182      cycles                    #    3,443 GHz                      ( +-  1,65% )
        22.368.011      instructions              #    0,90  insn per cycle           ( +-  0,37% )
         3.366.683      branches                  #  466,491 M/sec                    ( +-  0,55% )
            33.198      branch-misses             #    0,99% of all branches          ( +-  2,06% )

         0,0037784 +- 0,0000975 seconds time elapsed  ( +-  2,58% )


 Performance counter stats for './mandelbrot_omp -2.5 1.5 -2.0 2.0 256' (10 runs):

             21,13 msec task-clock                #    2,121 CPUs utilized            ( +-  1,03% )
               148      context-switches          #    0,007 M/sec                    ( +- 11,87% )
                20      cpu-migrations            #    0,923 K/sec                    ( +- 12,26% )
               792      page-faults               #    0,037 M/sec                    ( +-  0,23% )
        73.187.680      cycles                    #    3,463 GHz                      ( +-  1,08% )
        78.039.513      instructions              #    1,07  insn per cycle           ( +-  0,21% )
        11.128.196      branches                  #  526,614 M/sec                    ( +-  0,33% )
            49.470      branch-misses             #    0,44% of all branches          ( +-  1,64% )

          0,009963 +- 0,000237 seconds time elapsed  ( +-  2,38% )


 Performance counter stats for './mandelbrot_omp -2.5 1.5 -2.0 2.0 512' (10 runs):

             82,71 msec task-clock                #    2,546 CPUs utilized            ( +-  0,72% )
               422      context-switches          #    0,005 M/sec                    ( +- 16,93% )
                66      cpu-migrations            #    0,796 K/sec                    ( +- 15,86% )
             2.715      page-faults               #    0,033 M/sec                    ( +-  0,08% )
       287.345.970      cycles                    #    3,474 GHz                      ( +-  0,69% )
       305.650.276      instructions              #    1,06  insn per cycle           ( +-  0,26% )
        43.274.075      branches                  #  523,179 M/sec                    ( +-  0,40% )
           119.717      branch-misses             #    0,28% of all branches          ( +-  2,87% )

          0,032487 +- 0,000853 seconds time elapsed  ( +-  2,63% )


 Performance counter stats for './mandelbrot_omp -2.5 1.5 -2.0 2.0 1024' (10 runs):

            336,66 msec task-clock                #    2,718 CPUs utilized            ( +-  0,59% )
               390      context-switches          #    0,001 M/sec                    ( +- 10,78% )
                73      cpu-migrations            #    0,217 K/sec                    ( +- 10,27% )
            10.392      page-faults               #    0,031 M/sec                    ( +-  0,02% )
     1.126.455.840      cycles                    #    3,346 GHz                      ( +-  0,37% )
     1.204.083.409      instructions              #    1,07  insn per cycle           ( +-  0,04% )
       169.203.727      branches                  #  502,594 M/sec                    ( +-  0,06% )
           329.691      branch-misses             #    0,19% of all branches          ( +-  0,54% )

           0,12387 +- 0,00117 seconds time elapsed  ( +-  0,95% )


 Performance counter stats for './mandelbrot_omp -2.5 1.5 -2.0 2.0 2048' (10 runs):

          1.340,54 msec task-clock                #    2,637 CPUs utilized            ( +-  0,68% )
               645      context-switches          #    0,481 K/sec                    ( +-  7,83% )
               116      cpu-migrations            #    0,087 K/sec                    ( +-  6,76% )
            41.111      page-faults               #    0,031 M/sec                    ( +-  0,00% )
     4.500.601.861      cycles                    #    3,357 GHz                      ( +-  0,51% )
     4.800.305.308      instructions              #    1,07  insn per cycle           ( +-  0,04% )
       672.917.740      branches                  #  501,977 M/sec                    ( +-  0,06% )
         1.123.520      branch-misses             #    0,17% of all branches          ( +-  0,22% )

           0,50830 +- 0,00968 seconds time elapsed  ( +-  1,90% )


 Performance counter stats for './mandelbrot_omp -2.5 1.5 -2.0 2.0 4096' (10 runs):

          5.350,79 msec task-clock                #    2,757 CPUs utilized            ( +-  0,47% )
             1.384      context-switches          #    0,259 K/sec                    ( +-  3,45% )
               232      cpu-migrations            #    0,043 K/sec                    ( +-  3,07% )
           163.992      page-faults               #    0,031 M/sec                    ( +-  0,00% )
    17.941.211.562      cycles                    #    3,353 GHz                      ( +-  0,22% )
    19.170.569.240      instructions              #    1,07  insn per cycle           ( +-  0,01% )
     2.684.099.681      branches                  #  501,627 M/sec                    ( +-  0,03% )
         4.209.247      branch-misses             #    0,16% of all branches          ( +-  0,32% )

           1,94090 +- 0,00828 seconds time elapsed  ( +-  0,43% )


 Performance counter stats for './mandelbrot_omp -2.5 1.5 -2.0 2.0 8192' (10 runs):

         21.495,49 msec task-clock                #    2,708 CPUs utilized            ( +-  0,70% )
             4.402      context-switches          #    0,205 K/sec                    ( +-  2,13% )
               680      cpu-migrations            #    0,032 K/sec                    ( +-  2,83% )
           655.514      page-faults               #    0,030 M/sec                    ( +-  0,00% )
    72.345.513.030      cycles                    #    3,366 GHz                      ( +-  0,38% )
    76.749.159.547      instructions              #    1,06  insn per cycle           ( +-  0,03% )
    10.755.530.864      branches                  #  500,362 M/sec                    ( +-  0,06% )
        16.062.119      branch-misses             #    0,15% of all branches          ( +-  0,16% )

             7,938 +- 0,186 seconds time elapsed  ( +-  2,34% )

