
 Performance counter stats for './mandelbrot_omp -0.8 -0.7 0.05 0.15 16' (10 runs):

              4,30 msec task-clock                #    1,038 CPUs utilized            ( +-  1,39% )
               249      context-switches          #    0,058 M/sec                    ( +-  0,40% )
                18      cpu-migrations            #    0,004 M/sec                    ( +- 11,66% )
               202      page-faults               #    0,047 M/sec                    ( +-  0,33% )
        14.433.550      cycles                    #    3,357 GHz                      ( +-  1,39% )
         7.161.720      instructions              #    0,50  insn per cycle           ( +-  0,34% )
         1.386.999      branches                  #  322,606 M/sec                    ( +-  0,33% )
            32.402      branch-misses             #    2,34% of all branches          ( +-  1,93% )

          0,004142 +- 0,000576 seconds time elapsed  ( +- 13,90% )


 Performance counter stats for './mandelbrot_omp -0.8 -0.7 0.05 0.15 32' (10 runs):

              5,33 msec task-clock                #    1,456 CPUs utilized            ( +-  0,97% )
               249      context-switches          #    0,047 M/sec                    ( +-  0,35% )
                18      cpu-migrations            #    0,003 M/sec                    ( +-  7,10% )
               222      page-faults               #    0,042 M/sec                    ( +-  0,29% )
        18.047.734      cycles                    #    3,386 GHz                      ( +-  0,98% )
        10.896.502      instructions              #    0,60  insn per cycle           ( +-  0,17% )
         1.846.770      branches                  #  346,520 M/sec                    ( +-  0,20% )
            34.999      branch-misses             #    1,90% of all branches          ( +-  1,57% )

          0,003660 +- 0,000432 seconds time elapsed  ( +- 11,80% )


 Performance counter stats for './mandelbrot_omp -0.8 -0.7 0.05 0.15 64' (10 runs):

              9,94 msec task-clock                #    1,980 CPUs utilized            ( +-  1,75% )
               255      context-switches          #    0,026 M/sec                    ( +-  1,83% )
                19      cpu-migrations            #    0,002 M/sec                    ( +-  9,57% )
               259      page-faults               #    0,026 M/sec                    ( +-  0,28% )
        34.153.843      cycles                    #    3,434 GHz                      ( +-  1,77% )
        26.091.444      instructions              #    0,76  insn per cycle           ( +-  1,38% )
         3.736.316      branches                  #  375,707 M/sec                    ( +-  1,87% )
            42.132      branch-misses             #    1,13% of all branches          ( +-  4,07% )

          0,005023 +- 0,000165 seconds time elapsed  ( +-  3,29% )


 Performance counter stats for './mandelbrot_omp -0.8 -0.7 0.05 0.15 128' (10 runs):

             27,53 msec task-clock                #    2,628 CPUs utilized            ( +-  1,03% )
               270      context-switches          #    0,010 M/sec                    ( +-  3,62% )
                25      cpu-migrations            #    0,901 K/sec                    ( +-  8,26% )
               378      page-faults               #    0,014 M/sec                    ( +-  0,55% )
        95.367.186      cycles                    #    3,464 GHz                      ( +-  1,02% )
        84.192.135      instructions              #    0,88  insn per cycle           ( +-  0,31% )
        10.784.633      branches                  #  391,750 M/sec                    ( +-  0,49% )
            56.790      branch-misses             #    0,53% of all branches          ( +-  2,43% )

          0,010474 +- 0,000221 seconds time elapsed  ( +-  2,11% )


 Performance counter stats for './mandelbrot_omp -0.8 -0.7 0.05 0.15 256' (10 runs):

             99,17 msec task-clock                #    3,141 CPUs utilized            ( +-  0,44% )
               280      context-switches          #    0,003 M/sec                    ( +-  3,27% )
                32      cpu-migrations            #    0,328 K/sec                    ( +-  6,79% )
               855      page-faults               #    0,009 M/sec                    ( +-  0,06% )
       344.796.621      cycles                    #    3,477 GHz                      ( +-  0,44% )
       316.362.359      instructions              #    0,92  insn per cycle           ( +-  0,03% )
        38.900.002      branches                  #  392,258 M/sec                    ( +-  0,05% )
           108.567      branch-misses             #    0,28% of all branches          ( +-  0,47% )

          0,031569 +- 0,000316 seconds time elapsed  ( +-  1,00% )


 Performance counter stats for './mandelbrot_omp -0.8 -0.7 0.05 0.15 512' (10 runs):

            392,45 msec task-clock                #    3,481 CPUs utilized            ( +-  0,20% )
               574      context-switches          #    0,001 M/sec                    ( +- 20,65% )
                73      cpu-migrations            #    0,186 K/sec                    ( +- 14,71% )
             2.785      page-faults               #    0,007 M/sec                    ( +-  0,23% )
     1.366.646.164      cycles                    #    3,482 GHz                      ( +-  0,26% )
     1.250.156.760      instructions              #    0,91  insn per cycle           ( +-  0,10% )
       152.543.856      branches                  #  388,693 M/sec                    ( +-  0,18% )
           326.512      branch-misses             #    0,21% of all branches          ( +-  1,53% )

          0,112753 +- 0,000706 seconds time elapsed  ( +-  0,63% )


 Performance counter stats for './mandelbrot_omp -0.8 -0.7 0.05 0.15 1024' (10 runs):

          1.688,33 msec task-clock                #    3,623 CPUs utilized            ( +-  0,19% )
             1.346      context-switches          #    0,797 K/sec                    ( +-  8,65% )
               133      cpu-migrations            #    0,079 K/sec                    ( +-  8,95% )
            10.477      page-faults               #    0,006 M/sec                    ( +-  0,09% )
     5.475.032.976      cycles                    #    3,243 GHz                      ( +-  0,06% )
     4.986.968.567      instructions              #    0,91  insn per cycle           ( +-  0,02% )
       607.372.727      branches                  #  359,747 M/sec                    ( +-  0,04% )
         1.163.689      branch-misses             #    0,19% of all branches          ( +-  0,31% )

          0,466019 +- 0,000764 seconds time elapsed  ( +-  0,16% )


 Performance counter stats for './mandelbrot_omp -0.8 -0.7 0.05 0.15 2048' (10 runs):

          6.743,46 msec task-clock                #    3,607 CPUs utilized            ( +-  0,22% )
             2.936      context-switches          #    0,435 K/sec                    ( +-  4,05% )
               221      cpu-migrations            #    0,033 K/sec                    ( +-  7,61% )
            41.195      page-faults               #    0,006 M/sec                    ( +-  0,02% )
    21.874.470.644      cycles                    #    3,244 GHz                      ( +-  0,24% )
    19.920.001.486      instructions              #    0,91  insn per cycle           ( +-  0,03% )
     2.423.458.592      branches                  #  359,379 M/sec                    ( +-  0,06% )
         4.439.494      branch-misses             #    0,18% of all branches          ( +-  0,18% )

           1,86948 +- 0,00420 seconds time elapsed  ( +-  0,22% )


 Performance counter stats for './mandelbrot_omp -0.8 -0.7 0.05 0.15 4096' (10 runs):

         26.934,74 msec task-clock                #    3,612 CPUs utilized            ( +-  0,03% )
             8.814      context-switches          #    0,327 K/sec                    ( +-  1,05% )
               469      cpu-migrations            #    0,017 K/sec                    ( +-  7,47% )
           164.058      page-faults               #    0,006 M/sec                    ( +-  0,00% )
    87.291.263.496      cycles                    #    3,241 GHz                      ( +-  0,03% )
    79.616.890.056      instructions              #    0,91  insn per cycle           ( +-  0,01% )
     9.679.069.433      branches                  #  359,353 M/sec                    ( +-  0,02% )
        17.297.107      branch-misses             #    0,18% of all branches          ( +-  0,18% )

            7,4571 +- 0,0124 seconds time elapsed  ( +-  0,17% )


 Performance counter stats for './mandelbrot_omp -0.8 -0.7 0.05 0.15 8192' (10 runs):

        107.985,69 msec task-clock                #    3,649 CPUs utilized            ( +-  0,10% )
            33.639      context-switches          #    0,312 K/sec                    ( +-  0,93% )
             1.277      cpu-migrations            #    0,012 K/sec                    ( +-  8,00% )
           655.587      page-faults               #    0,006 M/sec                    ( +-  0,00% )
   350.023.459.478      cycles                    #    3,241 GHz                      ( +-  0,06% )
   318.484.747.894      instructions              #    0,91  insn per cycle           ( +-  0,01% )
    38.720.662.962      branches                  #  358,572 M/sec                    ( +-  0,02% )
        68.710.066      branch-misses             #    0,18% of all branches          ( +-  0,15% )

           29,5923 +- 0,0941 seconds time elapsed  ( +-  0,32% )

