
 Performance counter stats for './mandelbrot_pth 0.175 0.375 -0.1 0.1 16 8' (10 runs):

              1,37 msec task-clock                #    0,740 CPUs utilized            ( +-  2,03% )
                13      context-switches          #    0,009 M/sec                    ( +-  5,68% )
                 2      cpu-migrations            #    0,002 M/sec                    ( +- 16,06% )
               101      page-faults               #    0,074 M/sec                    ( +-  0,53% )
         4.650.700      cycles                    #    3,405 GHz                      ( +-  2,04% )
         3.172.610      instructions              #    0,68  insn per cycle           ( +-  0,42% )
           495.545      branches                  #  362,796 M/sec                    ( +-  0,48% )
            18.591      branch-misses             #    3,75% of all branches          ( +-  1,70% )

          0,001847 +- 0,000686 seconds time elapsed  ( +- 37,13% )


 Performance counter stats for './mandelbrot_pth 0.175 0.375 -0.1 0.1 32 8' (10 runs):

              2,39 msec task-clock                #    0,672 CPUs utilized            ( +-  1,78% )
                10      context-switches          #    0,004 M/sec                    ( +-  5,99% )
                 2      cpu-migrations            #    0,670 K/sec                    ( +- 19,09% )
               108      page-faults               #    0,045 M/sec                    ( +-  0,50% )
         8.220.029      cycles                    #    3,440 GHz                      ( +-  1,74% )
         6.678.518      instructions              #    0,81  insn per cycle           ( +-  0,12% )
           781.493      branches                  #  327,008 M/sec                    ( +-  0,21% )
            19.255      branch-misses             #    2,46% of all branches          ( +-  1,80% )

           0,00356 +- 0,00109 seconds time elapsed  ( +- 30,74% )


 Performance counter stats for './mandelbrot_pth 0.175 0.375 -0.1 0.1 64 8' (10 runs):

              6,22 msec task-clock                #    1,700 CPUs utilized            ( +-  0,89% )
                11      context-switches          #    0,002 M/sec                    ( +-  8,07% )
                 2      cpu-migrations            #    0,241 K/sec                    ( +- 24,85% )
               138      page-faults               #    0,022 M/sec                    ( +-  0,34% )
        21.615.186      cycles                    #    3,473 GHz                      ( +-  0,89% )
        20.929.651      instructions              #    0,97  insn per cycle           ( +-  0,04% )
         1.980.239      branches                  #  318,154 M/sec                    ( +-  0,08% )
            22.776      branch-misses             #    1,15% of all branches          ( +-  0,82% )

          0,003661 +- 0,000235 seconds time elapsed  ( +-  6,43% )


 Performance counter stats for './mandelbrot_pth 0.175 0.375 -0.1 0.1 128 8' (10 runs):

             21,56 msec task-clock                #    2,593 CPUs utilized            ( +-  0,56% )
                13      context-switches          #    0,612 K/sec                    ( +-  7,73% )
                 4      cpu-migrations            #    0,195 K/sec                    ( +-  6,92% )
               259      page-faults               #    0,012 M/sec                    ( +-  0,15% )
        74.993.960      cycles                    #    3,478 GHz                      ( +-  0,56% )
        77.805.665      instructions              #    1,04  insn per cycle           ( +-  0,02% )
         6.755.498      branches                  #  313,263 M/sec                    ( +-  0,05% )
            35.479      branch-misses             #    0,53% of all branches          ( +-  0,82% )

          0,008318 +- 0,000254 seconds time elapsed  ( +-  3,06% )


 Performance counter stats for './mandelbrot_pth 0.175 0.375 -0.1 0.1 256 8' (10 runs):

             84,74 msec task-clock                #    2,811 CPUs utilized            ( +-  0,53% )
                30      context-switches          #    0,354 K/sec                    ( +- 10,86% )
                 5      cpu-migrations            #    0,058 K/sec                    ( +-  8,84% )
               740      page-faults               #    0,009 M/sec                    ( +-  0,09% )
       294.969.780      cycles                    #    3,481 GHz                      ( +-  0,51% )
       305.204.551      instructions              #    1,03  insn per cycle           ( +-  0,01% )
        25.851.366      branches                  #  305,082 M/sec                    ( +-  0,01% )
            85.440      branch-misses             #    0,33% of all branches          ( +-  0,68% )

          0,030143 +- 0,000977 seconds time elapsed  ( +-  3,24% )


 Performance counter stats for './mandelbrot_pth 0.175 0.375 -0.1 0.1 512 8' (10 runs):

            346,37 msec task-clock                #    3,054 CPUs utilized            ( +-  1,00% )
               117      context-switches          #    0,338 K/sec                    ( +-  4,37% )
                 8      cpu-migrations            #    0,024 K/sec                    ( +-  5,67% )
             2.659      page-faults               #    0,008 M/sec                    ( +-  0,02% )
     1.182.630.613      cycles                    #    3,414 GHz                      ( +-  0,23% )
     1.213.907.963      instructions              #    1,03  insn per cycle           ( +-  0,00% )
       102.183.765      branches                  #  295,016 M/sec                    ( +-  0,01% )
           280.424      branch-misses             #    0,27% of all branches          ( +-  0,48% )

           0,11343 +- 0,00175 seconds time elapsed  ( +-  1,55% )


 Performance counter stats for './mandelbrot_pth 0.175 0.375 -0.1 0.1 1024 8' (10 runs):

          1.435,50 msec task-clock                #    3,229 CPUs utilized            ( +-  0,17% )
               351      context-switches          #    0,245 K/sec                    ( +-  6,37% )
                10      cpu-migrations            #    0,007 K/sec                    ( +- 14,18% )
            10.339      page-faults               #    0,007 M/sec                    ( +-  0,01% )
     4.703.116.836      cycles                    #    3,276 GHz                      ( +-  0,21% )
     4.847.459.531      instructions              #    1,03  insn per cycle           ( +-  0,00% )
       407.336.804      branches                  #  283,759 M/sec                    ( +-  0,01% )
         1.029.634      branch-misses             #    0,25% of all branches          ( +-  0,30% )

           0,44462 +- 0,00292 seconds time elapsed  ( +-  0,66% )


 Performance counter stats for './mandelbrot_pth 0.175 0.375 -0.1 0.1 2048 8' (10 runs):

          5.730,59 msec task-clock                #    3,317 CPUs utilized            ( +-  0,11% )
             1.126      context-switches          #    0,197 K/sec                    ( +-  2,05% )
                13      cpu-migrations            #    0,002 K/sec                    ( +- 11,54% )
            41.060      page-faults               #    0,007 M/sec                    ( +-  0,00% )
    18.875.708.042      cycles                    #    3,294 GHz                      ( +-  0,09% )
    19.376.005.964      instructions              #    1,03  insn per cycle           ( +-  0,00% )
     1.627.164.230      branches                  #  283,944 M/sec                    ( +-  0,00% )
         3.939.875      branch-misses             #    0,24% of all branches          ( +-  0,37% )

           1,72746 +- 0,00496 seconds time elapsed  ( +-  0,29% )


 Performance counter stats for './mandelbrot_pth 0.175 0.375 -0.1 0.1 4096 8' (10 runs):

         23.027,04 msec task-clock                #    3,375 CPUs utilized            ( +-  0,09% )
             4.348      context-switches          #    0,189 K/sec                    ( +-  1,77% )
                34      cpu-migrations            #    0,001 K/sec                    ( +- 11,91% )
           163.940      page-faults               #    0,007 M/sec                    ( +-  0,00% )
    75.553.734.635      cycles                    #    3,281 GHz                      ( +-  0,02% )
    77.492.090.991      instructions              #    1,03  insn per cycle           ( +-  0,01% )
     6.508.271.042      branches                  #  282,636 M/sec                    ( +-  0,03% )
        15.736.974      branch-misses             #    0,24% of all branches          ( +-  0,25% )

            6,8229 +- 0,0127 seconds time elapsed  ( +-  0,19% )


 Performance counter stats for './mandelbrot_pth 0.175 0.375 -0.1 0.1 8192 8' (10 runs):

         91.745,73 msec task-clock                #    3,354 CPUs utilized            ( +-  0,14% )
            16.007      context-switches          #    0,174 K/sec                    ( +-  3,17% )
               110      cpu-migrations            #    0,001 K/sec                    ( +-  4,35% )
           655.460      page-faults               #    0,007 M/sec                    ( +-  0,00% )
   301.946.904.110      cycles                    #    3,291 GHz                      ( +-  0,03% )
   309.997.057.452      instructions              #    1,03  insn per cycle           ( +-  0,00% )
    26.039.581.356      branches                  #  283,823 M/sec                    ( +-  0,01% )
        61.662.535      branch-misses             #    0,24% of all branches          ( +-  0,29% )

            27,353 +- 0,119 seconds time elapsed  ( +-  0,44% )

