
 Performance counter stats for './mandelbrot_pth -0.8 -0.7 0.05 0.15 16 8' (10 runs):

              1,45 msec task-clock                #    0,367 CPUs utilized            ( +-  1,95% )
                10      context-switches          #    0,007 M/sec                    ( +-  8,44% )
                 3      cpu-migrations            #    0,002 M/sec                    ( +- 15,38% )
               103      page-faults               #    0,071 M/sec                    ( +-  0,62% )
         4.952.792      cycles                    #    3,415 GHz                      ( +-  1,98% )
         3.118.816      instructions              #    0,63  insn per cycle           ( +-  0,40% )
           483.451      branches                  #  333,350 M/sec                    ( +-  0,51% )
            18.281      branch-misses             #    3,78% of all branches          ( +-  1,33% )

           0,00395 +- 0,00107 seconds time elapsed  ( +- 27,01% )


 Performance counter stats for './mandelbrot_pth -0.8 -0.7 0.05 0.15 32 8' (10 runs):

              3,35 msec task-clock                #    1,121 CPUs utilized            ( +-  9,62% )
                12      context-switches          #    0,004 M/sec                    ( +- 10,71% )
                 4      cpu-migrations            #    0,001 M/sec                    ( +- 17,17% )
               110      page-faults               #    0,033 M/sec                    ( +-  0,61% )
         8.276.067      cycles                    #    2,468 GHz                      ( +-  1,62% )
         6.932.646      instructions              #    0,84  insn per cycle           ( +-  0,65% )
           808.847      branches                  #  241,166 M/sec                    ( +-  1,07% )
            19.647      branch-misses             #    2,43% of all branches          ( +-  1,57% )

          0,002992 +- 0,000313 seconds time elapsed  ( +- 10,47% )


 Performance counter stats for './mandelbrot_pth -0.8 -0.7 0.05 0.15 64 8' (10 runs):

              6,14 msec task-clock                #    1,880 CPUs utilized            ( +-  0,97% )
                 8      context-switches          #    0,001 M/sec                    ( +-  7,42% )
                 1      cpu-migrations            #    0,147 K/sec                    ( +- 34,94% )
               139      page-faults               #    0,023 M/sec                    ( +-  0,31% )
        21.331.893      cycles                    #    3,474 GHz                      ( +-  0,97% )
        21.800.082      instructions              #    1,02  insn per cycle           ( +-  0,05% )
         2.041.688      branches                  #  332,471 M/sec                    ( +-  0,11% )
            22.455      branch-misses             #    1,10% of all branches          ( +-  0,90% )

         0,0032657 +- 0,0000959 seconds time elapsed  ( +-  2,94% )


 Performance counter stats for './mandelbrot_pth -0.8 -0.7 0.05 0.15 128 8' (10 runs):

             22,76 msec task-clock                #    2,706 CPUs utilized            ( +-  0,63% )
                13      context-switches          #    0,558 K/sec                    ( +- 15,66% )
                 4      cpu-migrations            #    0,158 K/sec                    ( +- 11,11% )
               259      page-faults               #    0,011 M/sec                    ( +-  0,14% )
        79.102.779      cycles                    #    3,475 GHz                      ( +-  0,55% )
        81.523.314      instructions              #    1,03  insn per cycle           ( +-  0,02% )
         7.028.611      branches                  #  308,756 M/sec                    ( +-  0,05% )
            36.258      branch-misses             #    0,52% of all branches          ( +-  1,11% )

          0,008413 +- 0,000234 seconds time elapsed  ( +-  2,78% )


 Performance counter stats for './mandelbrot_pth -0.8 -0.7 0.05 0.15 256 8' (10 runs):

             88,98 msec task-clock                #    2,788 CPUs utilized            ( +-  0,51% )
                38      context-switches          #    0,433 K/sec                    ( +-  8,51% )
                 5      cpu-migrations            #    0,057 K/sec                    ( +-  8,50% )
               739      page-faults               #    0,008 M/sec                    ( +-  0,05% )
       309.749.685      cycles                    #    3,481 GHz                      ( +-  0,51% )
       320.879.600      instructions              #    1,04  insn per cycle           ( +-  0,08% )
        27.048.669      branches                  #  303,995 M/sec                    ( +-  0,18% )
            91.412      branch-misses             #    0,34% of all branches          ( +-  1,74% )

          0,031909 +- 0,000877 seconds time elapsed  ( +-  2,75% )


 Performance counter stats for './mandelbrot_pth -0.8 -0.7 0.05 0.15 512 8' (10 runs):

            356,50 msec task-clock                #    3,083 CPUs utilized            ( +-  0,33% )
               111      context-switches          #    0,312 K/sec                    ( +-  3,34% )
                 7      cpu-migrations            #    0,020 K/sec                    ( +-  3,57% )
             2.659      page-faults               #    0,007 M/sec                    ( +-  0,01% )
     1.242.194.386      cycles                    #    3,484 GHz                      ( +-  0,33% )
     1.276.681.109      instructions              #    1,03  insn per cycle           ( +-  0,02% )
       106.858.806      branches                  #  299,744 M/sec                    ( +-  0,05% )
           297.088      branch-misses             #    0,28% of all branches          ( +-  0,64% )

           0,11563 +- 0,00152 seconds time elapsed  ( +-  1,32% )


 Performance counter stats for './mandelbrot_pth -0.8 -0.7 0.05 0.15 1024 8' (10 runs):

          1.514,82 msec task-clock                #    3,225 CPUs utilized            ( +-  0,26% )
               414      context-switches          #    0,274 K/sec                    ( +-  7,09% )
                 9      cpu-migrations            #    0,006 K/sec                    ( +-  6,79% )
            10.340      page-faults               #    0,007 M/sec                    ( +-  0,01% )
     4.966.545.982      cycles                    #    3,279 GHz                      ( +-  0,14% )
     5.100.866.196      instructions              #    1,03  insn per cycle           ( +-  0,04% )
       426.698.134      branches                  #  281,683 M/sec                    ( +-  0,16% )
         1.104.131      branch-misses             #    0,26% of all branches          ( +-  0,45% )

           0,46975 +- 0,00384 seconds time elapsed  ( +-  0,82% )


 Performance counter stats for './mandelbrot_pth -0.8 -0.7 0.05 0.15 2048 8' (10 runs):

          6.054,16 msec task-clock                #    3,330 CPUs utilized            ( +-  0,22% )
             1.200      context-switches          #    0,198 K/sec                    ( +-  0,97% )
                14      cpu-migrations            #    0,002 K/sec                    ( +-  9,67% )
            41.059      page-faults               #    0,007 M/sec                    ( +-  0,00% )
    19.935.848.738      cycles                    #    3,293 GHz                      ( +-  0,08% )
    20.382.774.230      instructions              #    1,02  insn per cycle           ( +-  0,00% )
     1.701.903.700      branches                  #  281,113 M/sec                    ( +-  0,00% )
         4.287.364      branch-misses             #    0,25% of all branches          ( +-  0,72% )

           1,81833 +- 0,00988 seconds time elapsed  ( +-  0,54% )


 Performance counter stats for './mandelbrot_pth -0.8 -0.7 0.05 0.15 4096 8' (10 runs):

         24.140,33 msec task-clock                #    3,384 CPUs utilized            ( +-  0,22% )
             4.081      context-switches          #    0,169 K/sec                    ( +-  1,88% )
                33      cpu-migrations            #    0,001 K/sec                    ( +- 12,61% )
           163.940      page-faults               #    0,007 M/sec                    ( +-  0,00% )
    79.731.256.639      cycles                    #    3,303 GHz                      ( +-  0,06% )
    81.525.823.438      instructions              #    1,02  insn per cycle           ( +-  0,01% )
     6.807.276.409      branches                  #  281,988 M/sec                    ( +-  0,03% )
        16.723.951      branch-misses             #    0,25% of all branches          ( +-  0,27% )

            7,1328 +- 0,0261 seconds time elapsed  ( +-  0,37% )


 Performance counter stats for './mandelbrot_pth -0.8 -0.7 0.05 0.15 8192 8' (10 runs):

         97.158,44 msec task-clock                #    3,388 CPUs utilized            ( +-  0,05% )
            17.617      context-switches          #    0,181 K/sec                    ( +-  1,87% )
               113      cpu-migrations            #    0,001 K/sec                    ( +-  4,43% )
           655.459      page-faults               #    0,007 M/sec                    ( +-  0,00% )
   318.652.160.168      cycles                    #    3,280 GHz                      ( +-  0,04% )
   326.157.089.665      instructions              #    1,02  insn per cycle           ( +-  0,00% )
    27.240.668.728      branches                  #  280,374 M/sec                    ( +-  0,01% )
        66.077.592      branch-misses             #    0,24% of all branches          ( +-  0,31% )

           28,6731 +- 0,0628 seconds time elapsed  ( +-  0,22% )

