
 Performance counter stats for './mandelbrot_pth -0.188 -0.012 0.554 0.754 16 8' (10 runs):

              1,39 msec task-clock                #    0,704 CPUs utilized            ( +-  2,80% )
                11      context-switches          #    0,008 M/sec                    ( +-  7,65% )
                 2      cpu-migrations            #    0,002 M/sec                    ( +- 15,94% )
               103      page-faults               #    0,074 M/sec                    ( +-  0,46% )
         4.735.833      cycles                    #    3,410 GHz                      ( +-  2,85% )
         3.317.179      instructions              #    0,70  insn per cycle           ( +-  0,27% )
           501.312      branches                  #  360,966 M/sec                    ( +-  0,35% )
            18.023      branch-misses             #    3,60% of all branches          ( +-  0,99% )

          0,001974 +- 0,000364 seconds time elapsed  ( +- 18,44% )


 Performance counter stats for './mandelbrot_pth -0.188 -0.012 0.554 0.754 32 8' (10 runs):

              3,53 msec task-clock                #    1,505 CPUs utilized            ( +- 11,67% )
                11      context-switches          #    0,003 M/sec                    ( +-  6,21% )
                 2      cpu-migrations            #    0,510 K/sec                    ( +- 25,93% )
               109      page-faults               #    0,031 M/sec                    ( +-  0,66% )
         8.485.034      cycles                    #    2,403 GHz                      ( +-  1,94% )
         7.494.968      instructions              #    0,88  insn per cycle           ( +-  0,20% )
           843.368      branches                  #  238,876 M/sec                    ( +-  0,34% )
            18.368      branch-misses             #    2,18% of all branches          ( +-  1,59% )

          0,002346 +- 0,000225 seconds time elapsed  ( +-  9,60% )


 Performance counter stats for './mandelbrot_pth -0.188 -0.012 0.554 0.754 64 8' (10 runs):

              7,17 msec task-clock                #    1,663 CPUs utilized            ( +-  0,93% )
                13      context-switches          #    0,002 M/sec                    ( +-  9,70% )
                 3      cpu-migrations            #    0,433 K/sec                    ( +- 15,54% )
               139      page-faults               #    0,019 M/sec                    ( +-  0,42% )
        24.898.583      cycles                    #    3,475 GHz                      ( +-  0,93% )
        24.564.052      instructions              #    0,99  insn per cycle           ( +-  0,53% )
         2.274.624      branches                  #  317,449 M/sec                    ( +-  1,13% )
            24.647      branch-misses             #    1,08% of all branches          ( +-  2,76% )

          0,004309 +- 0,000484 seconds time elapsed  ( +- 11,23% )


 Performance counter stats for './mandelbrot_pth -0.188 -0.012 0.554 0.754 128 8' (10 runs):

             25,63 msec task-clock                #    2,508 CPUs utilized            ( +-  0,67% )
                14      context-switches          #    0,554 K/sec                    ( +- 14,08% )
                 4      cpu-migrations            #    0,148 K/sec                    ( +- 11,64% )
               259      page-faults               #    0,010 M/sec                    ( +-  0,28% )
        89.289.294      cycles                    #    3,484 GHz                      ( +-  0,67% )
        91.695.333      instructions              #    1,03  insn per cycle           ( +-  0,09% )
         7.800.910      branches                  #  304,354 M/sec                    ( +-  0,20% )
            38.053      branch-misses             #    0,49% of all branches          ( +-  1,31% )

          0,010220 +- 0,000409 seconds time elapsed  ( +-  4,00% )


 Performance counter stats for './mandelbrot_pth -0.188 -0.012 0.554 0.754 256 8' (10 runs):

            101,71 msec task-clock                #    2,965 CPUs utilized            ( +-  0,35% )
                40      context-switches          #    0,394 K/sec                    ( +-  6,11% )
                 7      cpu-migrations            #    0,065 K/sec                    ( +- 10,40% )
               739      page-faults               #    0,007 M/sec                    ( +-  0,05% )
       353.853.964      cycles                    #    3,479 GHz                      ( +-  0,36% )
       360.423.660      instructions              #    1,02  insn per cycle           ( +-  0,01% )
        29.960.264      branches                  #  294,578 M/sec                    ( +-  0,02% )
            94.176      branch-misses             #    0,31% of all branches          ( +-  0,66% )

          0,034305 +- 0,000896 seconds time elapsed  ( +-  2,61% )


 Performance counter stats for './mandelbrot_pth -0.188 -0.012 0.554 0.754 512 8' (10 runs):

            431,40 msec task-clock                #    3,111 CPUs utilized            ( +-  0,21% )
               130      context-switches          #    0,300 K/sec                    ( +-  4,01% )
                 8      cpu-migrations            #    0,018 K/sec                    ( +-  5,95% )
             2.659      page-faults               #    0,006 M/sec                    ( +-  0,01% )
     1.405.135.691      cycles                    #    3,257 GHz                      ( +-  0,21% )
     1.435.629.083      instructions              #    1,02  insn per cycle           ( +-  0,00% )
       118.666.015      branches                  #  275,074 M/sec                    ( +-  0,01% )
           315.859      branch-misses             #    0,27% of all branches          ( +-  0,40% )

           0,13866 +- 0,00251 seconds time elapsed  ( +-  1,81% )


 Performance counter stats for './mandelbrot_pth -0.188 -0.012 0.554 0.754 1024 8' (10 runs):

          1.724,30 msec task-clock                #    3,353 CPUs utilized            ( +-  0,22% )
               436      context-switches          #    0,253 K/sec                    ( +-  3,59% )
                10      cpu-migrations            #    0,006 K/sec                    ( +-  8,19% )
            10.340      page-faults               #    0,006 M/sec                    ( +-  0,00% )
     5.638.503.118      cycles                    #    3,270 GHz                      ( +-  0,14% )
     5.735.068.407      instructions              #    1,02  insn per cycle           ( +-  0,00% )
       473.292.898      branches                  #  274,484 M/sec                    ( +-  0,00% )
         1.183.139      branch-misses             #    0,25% of all branches          ( +-  0,27% )

           0,51421 +- 0,00185 seconds time elapsed  ( +-  0,36% )


 Performance counter stats for './mandelbrot_pth -0.188 -0.012 0.554 0.754 2048 8' (10 runs):

          6.884,88 msec task-clock                #    3,449 CPUs utilized            ( +-  0,10% )
             1.362      context-switches          #    0,198 K/sec                    ( +-  2,82% )
                15      cpu-migrations            #    0,002 K/sec                    ( +-  9,46% )
            41.059      page-faults               #    0,006 M/sec                    ( +-  0,00% )
    22.610.535.417      cycles                    #    3,284 GHz                      ( +-  0,05% )
    22.936.663.965      instructions              #    1,01  insn per cycle           ( +-  0,03% )
     1.893.246.676      branches                  #  274,986 M/sec                    ( +-  0,10% )
         4.550.211      branch-misses             #    0,24% of all branches          ( +-  0,23% )

           1,99623 +- 0,00473 seconds time elapsed  ( +-  0,24% )


 Performance counter stats for './mandelbrot_pth -0.188 -0.012 0.554 0.754 4096 8' (10 runs):

         27.649,35 msec task-clock                #    3,425 CPUs utilized            ( +-  0,12% )
             5.610      context-switches          #    0,203 K/sec                    ( +-  5,65% )
                44      cpu-migrations            #    0,002 K/sec                    ( +- 20,07% )
           163.939      page-faults               #    0,006 M/sec                    ( +-  0,00% )
    90.368.319.548      cycles                    #    3,268 GHz                      ( +-  0,05% )
    91.729.767.425      instructions              #    1,02  insn per cycle           ( +-  0,01% )
     7.568.098.234      branches                  #  273,717 M/sec                    ( +-  0,04% )
        18.181.463      branch-misses             #    0,24% of all branches          ( +-  0,31% )

            8,0727 +- 0,0672 seconds time elapsed  ( +-  0,83% )


 Performance counter stats for './mandelbrot_pth -0.188 -0.012 0.554 0.754 8192 8' (10 runs):

        110.451,76 msec task-clock                #    3,470 CPUs utilized            ( +-  0,04% )
            20.293      context-switches          #    0,184 K/sec                    ( +-  1,96% )
               125      cpu-migrations            #    0,001 K/sec                    ( +-  6,94% )
           655.459      page-faults               #    0,006 M/sec                    ( +-  0,00% )
   361.456.851.227      cycles                    #    3,273 GHz                      ( +-  0,02% )
   366.917.218.834      instructions              #    1,02  insn per cycle           ( +-  0,00% )
    30.270.504.293      branches                  #  274,061 M/sec                    ( +-  0,01% )
        71.860.907      branch-misses             #    0,24% of all branches          ( +-  0,14% )

           31,8311 +- 0,0421 seconds time elapsed  ( +-  0,13% )

