
 Performance counter stats for './mandelbrot_omp -2.5 1.5 -2.0 2.0 16' (10 runs):

              3,87 msec task-clock                #    1,435 CPUs utilized            ( +-  2,12% )
               246      context-switches          #    0,064 M/sec                    ( +-  1,68% )
                19      cpu-migrations            #    0,005 M/sec                    ( +-  7,48% )
               203      page-faults               #    0,052 M/sec                    ( +-  0,40% )
        12.917.067      cycles                    #    3,340 GHz                      ( +-  2,14% )
         6.140.687      instructions              #    0,48  insn per cycle           ( +-  0,93% )
         1.263.476      branches                  #  326,735 M/sec                    ( +-  1,03% )
            32.415      branch-misses             #    2,57% of all branches          ( +-  1,10% )

          0,002694 +- 0,000127 seconds time elapsed  ( +-  4,73% )


 Performance counter stats for './mandelbrot_omp -2.5 1.5 -2.0 2.0 32' (10 runs):

              4,46 msec task-clock                #    1,146 CPUs utilized            ( +-  3,51% )
               249      context-switches          #    0,056 M/sec                    ( +-  3,63% )
                20      cpu-migrations            #    0,005 M/sec                    ( +- 22,86% )
               221      page-faults               #    0,050 M/sec                    ( +-  1,09% )
        14.975.730      cycles                    #    3,360 GHz                      ( +-  3,50% )
         7.003.046      instructions              #    0,47  insn per cycle           ( +-  1,79% )
         1.384.537      branches                  #  310,609 M/sec                    ( +-  2,17% )
            32.548      branch-misses             #    2,35% of all branches          ( +-  2,61% )

          0,003890 +- 0,000470 seconds time elapsed  ( +- 12,09% )


 Performance counter stats for './mandelbrot_omp -2.5 1.5 -2.0 2.0 64' (10 runs):

              4,98 msec task-clock                #    1,530 CPUs utilized            ( +-  1,41% )
               241      context-switches          #    0,048 M/sec                    ( +-  1,33% )
                14      cpu-migrations            #    0,003 M/sec                    ( +- 10,21% )
               256      page-faults               #    0,051 M/sec                    ( +-  0,30% )
        16.830.255      cycles                    #    3,377 GHz                      ( +-  1,44% )
         9.899.806      instructions              #    0,59  insn per cycle           ( +-  0,31% )
         1.744.397      branches                  #  350,040 M/sec                    ( +-  0,37% )
            34.221      branch-misses             #    1,96% of all branches          ( +-  1,87% )

          0,003257 +- 0,000196 seconds time elapsed  ( +-  6,01% )


 Performance counter stats for './mandelbrot_omp -2.5 1.5 -2.0 2.0 128' (10 runs):

              8,29 msec task-clock                #    1,781 CPUs utilized            ( +-  0,60% )
               248      context-switches          #    0,030 M/sec                    ( +-  1,34% )
                17      cpu-migrations            #    0,002 M/sec                    ( +- 12,43% )
               376      page-faults               #    0,045 M/sec                    ( +-  0,30% )
        28.380.169      cycles                    #    3,424 GHz                      ( +-  0,60% )
        21.712.785      instructions              #    0,77  insn per cycle           ( +-  0,19% )
         3.266.000      branches                  #  394,046 M/sec                    ( +-  0,25% )
            38.790      branch-misses             #    1,19% of all branches          ( +-  0,94% )

          0,004653 +- 0,000184 seconds time elapsed  ( +-  3,94% )


 Performance counter stats for './mandelbrot_omp -2.5 1.5 -2.0 2.0 256' (10 runs):

             21,40 msec task-clock                #    2,035 CPUs utilized            ( +-  1,54% )
               259      context-switches          #    0,012 M/sec                    ( +-  4,86% )
                28      cpu-migrations            #    0,001 M/sec                    ( +-  9,78% )
               856      page-faults               #    0,040 M/sec                    ( +-  0,27% )
        74.032.987      cycles                    #    3,459 GHz                      ( +-  1,49% )
        68.704.908      instructions              #    0,93  insn per cycle           ( +-  0,38% )
         9.300.338      branches                  #  434,548 M/sec                    ( +-  0,61% )
            56.116      branch-misses             #    0,60% of all branches          ( +-  2,75% )

          0,010518 +- 0,000396 seconds time elapsed  ( +-  3,77% )


 Performance counter stats for './mandelbrot_omp -2.5 1.5 -2.0 2.0 512' (10 runs):

             80,28 msec task-clock                #    2,814 CPUs utilized            ( +-  1,02% )
               399      context-switches          #    0,005 M/sec                    ( +- 13,15% )
                55      cpu-migrations            #    0,690 K/sec                    ( +- 14,53% )
             2.775      page-faults               #    0,035 M/sec                    ( +-  0,05% )
       262.971.168      cycles                    #    3,276 GHz                      ( +-  0,98% )
       258.903.435      instructions              #    0,98  insn per cycle           ( +-  0,29% )
        33.972.825      branches                  #  423,178 M/sec                    ( +-  0,48% )
           127.774      branch-misses             #    0,38% of all branches          ( +-  3,25% )

          0,028528 +- 0,000803 seconds time elapsed  ( +-  2,81% )


 Performance counter stats for './mandelbrot_omp -2.5 1.5 -2.0 2.0 1024' (10 runs):

            328,53 msec task-clock                #    3,315 CPUs utilized            ( +-  0,62% )
               881      context-switches          #    0,003 M/sec                    ( +- 14,23% )
               110      cpu-migrations            #    0,333 K/sec                    ( +-  9,47% )
            10.461      page-faults               #    0,032 M/sec                    ( +-  0,03% )
     1.053.509.937      cycles                    #    3,207 GHz                      ( +-  0,51% )
     1.025.447.598      instructions              #    0,97  insn per cycle           ( +-  0,11% )
       133.860.728      branches                  #  407,450 M/sec                    ( +-  0,20% )
           390.205      branch-misses             #    0,29% of all branches          ( +-  1,31% )

           0,09911 +- 0,00153 seconds time elapsed  ( +-  1,54% )


 Performance counter stats for './mandelbrot_omp -2.5 1.5 -2.0 2.0 2048' (10 runs):

          1.300,90 msec task-clock                #    3,463 CPUs utilized            ( +-  0,15% )
             1.624      context-switches          #    0,001 M/sec                    ( +-  6,39% )
               211      cpu-migrations            #    0,162 K/sec                    ( +-  5,01% )
            41.192      page-faults               #    0,032 M/sec                    ( +-  0,01% )
     4.167.236.649      cycles                    #    3,203 GHz                      ( +-  0,18% )
     4.073.369.541      instructions              #    0,98  insn per cycle           ( +-  0,02% )
       529.081.244      branches                  #  406,706 M/sec                    ( +-  0,04% )
         1.401.723      branch-misses             #    0,26% of all branches          ( +-  0,89% )

           0,37567 +- 0,00232 seconds time elapsed  ( +-  0,62% )


 Performance counter stats for './mandelbrot_omp -2.5 1.5 -2.0 2.0 4096' (10 runs):

          5.267,21 msec task-clock                #    3,621 CPUs utilized            ( +-  0,13% )
             3.426      context-switches          #    0,650 K/sec                    ( +-  3,42% )
               443      cpu-migrations            #    0,084 K/sec                    ( +-  3,27% )
           164.061      page-faults               #    0,031 M/sec                    ( +-  0,00% )
    16.769.313.996      cycles                    #    3,184 GHz                      ( +-  0,13% )
    16.250.401.486      instructions              #    0,97  insn per cycle           ( +-  0,02% )
     2.105.622.618      branches                  #  399,761 M/sec                    ( +-  0,03% )
         5.485.940      branch-misses             #    0,26% of all branches          ( +-  0,71% )

           1,45465 +- 0,00313 seconds time elapsed  ( +-  0,22% )


 Performance counter stats for './mandelbrot_omp -2.5 1.5 -2.0 2.0 8192' (10 runs):

         21.108,06 msec task-clock                #    3,664 CPUs utilized            ( +-  0,12% )
            10.648      context-switches          #    0,504 K/sec                    ( +-  0,95% )
             1.371      cpu-migrations            #    0,065 K/sec                    ( +-  1,22% )
           655.579      page-faults               #    0,031 M/sec                    ( +-  0,00% )
    67.301.338.814      cycles                    #    3,188 GHz                      ( +-  0,12% )
    65.076.230.904      instructions              #    0,97  insn per cycle           ( +-  0,02% )
     8.437.081.907      branches                  #  399,709 M/sec                    ( +-  0,04% )
        21.820.006      branch-misses             #    0,26% of all branches          ( +-  0,54% )

            5,7617 +- 0,0128 seconds time elapsed  ( +-  0,22% )

