
 Performance counter stats for './mandelbrot_omp -0.8 -0.7 0.05 0.15 16' (10 runs):

              4,36 msec task-clock                #    1,136 CPUs utilized            ( +-  3,34% )
               245      context-switches          #    0,056 M/sec                    ( +-  3,27% )
                18      cpu-migrations            #    0,004 M/sec                    ( +- 16,41% )
               201      page-faults               #    0,046 M/sec                    ( +-  1,23% )
        14.620.490      cycles                    #    3,350 GHz                      ( +-  3,41% )
         7.093.963      instructions              #    0,49  insn per cycle           ( +-  2,38% )
         1.377.589      branches                  #  315,667 M/sec                    ( +-  2,77% )
            32.078      branch-misses             #    2,33% of all branches          ( +-  2,83% )

          0,003843 +- 0,000520 seconds time elapsed  ( +- 13,52% )


 Performance counter stats for './mandelbrot_omp -0.8 -0.7 0.05 0.15 32' (10 runs):

              5,64 msec task-clock                #    1,758 CPUs utilized            ( +-  3,96% )
               264      context-switches          #    0,047 M/sec                    ( +-  3,59% )
                21      cpu-migrations            #    0,004 M/sec                    ( +- 13,21% )
               224      page-faults               #    0,040 M/sec                    ( +-  1,15% )
        19.091.323      cycles                    #    3,384 GHz                      ( +-  4,01% )
        10.948.532      instructions              #    0,57  insn per cycle           ( +-  1,89% )
         1.869.904      branches                  #  331,405 M/sec                    ( +-  2,48% )
            35.234      branch-misses             #    1,88% of all branches          ( +-  2,18% )

          0,003209 +- 0,000150 seconds time elapsed  ( +-  4,68% )


 Performance counter stats for './mandelbrot_omp -0.8 -0.7 0.05 0.15 64' (10 runs):

              9,40 msec task-clock                #    1,727 CPUs utilized            ( +-  1,25% )
               245      context-switches          #    0,026 M/sec                    ( +-  0,54% )
                22      cpu-migrations            #    0,002 M/sec                    ( +-  7,69% )
               255      page-faults               #    0,027 M/sec                    ( +-  0,25% )
        32.281.692      cycles                    #    3,433 GHz                      ( +-  1,26% )
        24.656.339      instructions              #    0,76  insn per cycle           ( +-  0,08% )
         3.451.975      branches                  #  367,092 M/sec                    ( +-  0,12% )
            38.390      branch-misses             #    1,11% of all branches          ( +-  1,17% )

          0,005444 +- 0,000318 seconds time elapsed  ( +-  5,84% )


 Performance counter stats for './mandelbrot_omp -0.8 -0.7 0.05 0.15 128' (10 runs):

             27,26 msec task-clock                #    2,444 CPUs utilized            ( +-  1,10% )
               270      context-switches          #    0,010 M/sec                    ( +-  4,96% )
                24      cpu-migrations            #    0,870 K/sec                    ( +- 15,73% )
               378      page-faults               #    0,014 M/sec                    ( +-  0,46% )
        94.245.937      cycles                    #    3,458 GHz                      ( +-  1,11% )
        81.056.670      instructions              #    0,86  insn per cycle           ( +-  0,28% )
        10.165.467      branches                  #  372,954 M/sec                    ( +-  0,49% )
            54.410      branch-misses             #    0,54% of all branches          ( +-  2,25% )

          0,011155 +- 0,000421 seconds time elapsed  ( +-  3,77% )


 Performance counter stats for './mandelbrot_omp -0.8 -0.7 0.05 0.15 256' (10 runs):

             97,12 msec task-clock                #    3,172 CPUs utilized            ( +-  0,58% )
               308      context-switches          #    0,003 M/sec                    ( +-  7,31% )
                30      cpu-migrations            #    0,311 K/sec                    ( +- 10,97% )
               862      page-faults               #    0,009 M/sec                    ( +-  0,72% )
       337.864.993      cycles                    #    3,479 GHz                      ( +-  0,57% )
       305.110.331      instructions              #    0,90  insn per cycle           ( +-  0,08% )
        36.673.677      branches                  #  377,605 M/sec                    ( +-  0,16% )
           110.414      branch-misses             #    0,30% of all branches          ( +-  1,68% )

          0,030623 +- 0,000911 seconds time elapsed  ( +-  2,98% )


 Performance counter stats for './mandelbrot_omp -0.8 -0.7 0.05 0.15 512' (10 runs):

            416,66 msec task-clock                #    3,645 CPUs utilized            ( +-  0,58% )
               545      context-switches          #    0,001 M/sec                    ( +- 14,24% )
                59      cpu-migrations            #    0,143 K/sec                    ( +- 13,74% )
             2.774      page-faults               #    0,007 M/sec                    ( +-  0,07% )
     1.342.209.471      cycles                    #    3,221 GHz                      ( +-  0,18% )
     1.203.632.672      instructions              #    0,90  insn per cycle           ( +-  0,07% )
       143.276.883      branches                  #  343,872 M/sec                    ( +-  0,13% )
           341.526      branch-misses             #    0,24% of all branches          ( +-  0,89% )

          0,114315 +- 0,000709 seconds time elapsed  ( +-  0,62% )


 Performance counter stats for './mandelbrot_omp -0.8 -0.7 0.05 0.15 1024' (10 runs):

          1.673,72 msec task-clock                #    3,804 CPUs utilized            ( +-  0,06% )
             1.642      context-switches          #    0,981 K/sec                    ( +-  5,90% )
               137      cpu-migrations            #    0,082 K/sec                    ( +-  7,06% )
            10.482      page-faults               #    0,006 M/sec                    ( +-  0,09% )
     5.390.723.381      cycles                    #    3,221 GHz                      ( +-  0,05% )
     4.805.213.427      instructions              #    0,89  insn per cycle           ( +-  0,02% )
       571.338.762      branches                  #  341,358 M/sec                    ( +-  0,04% )
         1.268.374      branch-misses             #    0,22% of all branches          ( +-  0,59% )

          0,440005 +- 0,000997 seconds time elapsed  ( +-  0,23% )


 Performance counter stats for './mandelbrot_omp -0.8 -0.7 0.05 0.15 2048' (10 runs):

          6.664,44 msec task-clock                #    3,851 CPUs utilized            ( +-  0,07% )
             3.592      context-switches          #    0,539 K/sec                    ( +-  3,55% )
               212      cpu-migrations            #    0,032 K/sec                    ( +-  6,19% )
            41.194      page-faults               #    0,006 M/sec                    ( +-  0,02% )
    21.511.399.030      cycles                    #    3,228 GHz                      ( +-  0,04% )
    19.182.336.406      instructions              #    0,89  insn per cycle           ( +-  0,01% )
     2.276.978.013      branches                  #  341,661 M/sec                    ( +-  0,01% )
         4.829.719      branch-misses             #    0,21% of all branches          ( +-  0,18% )

           1,73059 +- 0,00178 seconds time elapsed  ( +-  0,10% )


 Performance counter stats for './mandelbrot_omp -0.8 -0.7 0.05 0.15 4096' (10 runs):

         26.653,62 msec task-clock                #    3,854 CPUs utilized            ( +-  0,04% )
            11.764      context-switches          #    0,441 K/sec                    ( +-  1,01% )
               536      cpu-migrations            #    0,020 K/sec                    ( +-  6,23% )
           164.062      page-faults               #    0,006 M/sec                    ( +-  0,00% )
    86.095.010.964      cycles                    #    3,230 GHz                      ( +-  0,08% )
    76.696.921.077      instructions              #    0,89  insn per cycle           ( +-  0,01% )
     9.100.415.770      branches                  #  341,433 M/sec                    ( +-  0,02% )
        18.958.951      branch-misses             #    0,21% of all branches          ( +-  0,11% )

            6,9165 +- 0,0377 seconds time elapsed  ( +-  0,55% )


 Performance counter stats for './mandelbrot_omp -0.8 -0.7 0.05 0.15 8192' (10 runs):

        106.637,03 msec task-clock                #    3,878 CPUs utilized            ( +-  0,03% )
            44.628      context-switches          #    0,419 K/sec                    ( +-  0,74% )
             1.543      cpu-migrations            #    0,014 K/sec                    ( +-  3,46% )
           655.591      page-faults               #    0,006 M/sec                    ( +-  0,00% )
   344.708.314.952      cycles                    #    3,233 GHz                      ( +-  0,03% )
   306.867.475.616      instructions              #    0,89  insn per cycle           ( +-  0,00% )
    36.415.866.425      branches                  #  341,494 M/sec                    ( +-  0,01% )
        75.521.993      branch-misses             #    0,21% of all branches          ( +-  0,06% )

           27,4967 +- 0,0155 seconds time elapsed  ( +-  0,06% )

