
 Performance counter stats for './mandelbrot_pth 0.175 0.375 -0.1 0.1 16 6' (10 runs):

              1,27 msec task-clock                #    0,768 CPUs utilized            ( +-  3,83% )
                 9      context-switches          #    0,007 M/sec                    ( +-  9,99% )
                 2      cpu-migrations            #    0,002 M/sec                    ( +- 11,34% )
                98      page-faults               #    0,077 M/sec                    ( +-  0,61% )
         4.272.385      cycles                    #    3,357 GHz                      ( +-  3,15% )
         3.061.159      instructions              #    0,72  insn per cycle           ( +-  2,98% )
           472.090      branches                  #  370,937 M/sec                    ( +-  3,73% )
            17.797      branch-misses             #    3,77% of all branches          ( +-  2,84% )

          0,001657 +- 0,000590 seconds time elapsed  ( +- 35,59% )


 Performance counter stats for './mandelbrot_pth 0.175 0.375 -0.1 0.1 32 6' (10 runs):

              2,21 msec task-clock                #    0,844 CPUs utilized            ( +-  1,66% )
                 7      context-switches          #    0,003 M/sec                    ( +-  7,69% )
                 1      cpu-migrations            #    0,589 K/sec                    ( +- 25,77% )
               105      page-faults               #    0,048 M/sec                    ( +-  0,57% )
         7.600.293      cycles                    #    3,444 GHz                      ( +-  1,74% )
         6.501.532      instructions              #    0,86  insn per cycle           ( +-  0,15% )
           745.102      branches                  #  337,645 M/sec                    ( +-  0,25% )
            17.878      branch-misses             #    2,40% of all branches          ( +-  0,98% )

          0,002615 +- 0,000438 seconds time elapsed  ( +- 16,74% )


 Performance counter stats for './mandelbrot_pth 0.175 0.375 -0.1 0.1 64 6' (10 runs):

              5,87 msec task-clock                #    1,733 CPUs utilized            ( +-  1,25% )
                 6      context-switches          #    0,001 M/sec                    ( +- 18,49% )
                 2      cpu-migrations            #    0,255 K/sec                    ( +- 31,82% )
               134      page-faults               #    0,023 M/sec                    ( +-  0,34% )
        20.374.434      cycles                    #    3,469 GHz                      ( +-  1,19% )
        20.713.633      instructions              #    1,02  insn per cycle           ( +-  0,06% )
         1.936.178      branches                  #  329,703 M/sec                    ( +-  0,12% )
            21.246      branch-misses             #    1,10% of all branches          ( +-  1,67% )

          0,003389 +- 0,000138 seconds time elapsed  ( +-  4,07% )


 Performance counter stats for './mandelbrot_pth 0.175 0.375 -0.1 0.1 128 6' (10 runs):

             21,51 msec task-clock                #    2,374 CPUs utilized            ( +-  0,97% )
                11      context-switches          #    0,511 K/sec                    ( +- 11,97% )
                 4      cpu-migrations            #    0,167 K/sec                    ( +-  9,44% )
               255      page-faults               #    0,012 M/sec                    ( +-  0,18% )
        74.999.487      cycles                    #    3,487 GHz                      ( +-  0,97% )
        77.656.035      instructions              #    1,04  insn per cycle           ( +-  0,07% )
         6.724.537      branches                  #  312,616 M/sec                    ( +-  0,16% )
            35.017      branch-misses             #    0,52% of all branches          ( +-  1,03% )

          0,009062 +- 0,000349 seconds time elapsed  ( +-  3,85% )


 Performance counter stats for './mandelbrot_pth 0.175 0.375 -0.1 0.1 256 6' (10 runs):

             83,86 msec task-clock                #    2,583 CPUs utilized            ( +-  0,37% )
                24      context-switches          #    0,285 K/sec                    ( +-  5,80% )
                 4      cpu-migrations            #    0,052 K/sec                    ( +- 10,28% )
               735      page-faults               #    0,009 M/sec                    ( +-  0,08% )
       291.820.823      cycles                    #    3,480 GHz                      ( +-  0,36% )
       305.029.938      instructions              #    1,05  insn per cycle           ( +-  0,01% )
        25.812.576      branches                  #  307,805 M/sec                    ( +-  0,01% )
            84.158      branch-misses             #    0,33% of all branches          ( +-  0,60% )

          0,032472 +- 0,000867 seconds time elapsed  ( +-  2,67% )


 Performance counter stats for './mandelbrot_pth 0.175 0.375 -0.1 0.1 512 6' (10 runs):

            352,76 msec task-clock                #    3,044 CPUs utilized            ( +-  1,09% )
                91      context-switches          #    0,258 K/sec                    ( +-  5,67% )
                 5      cpu-migrations            #    0,014 K/sec                    ( +- 10,72% )
             2.656      page-faults               #    0,008 M/sec                    ( +-  0,01% )
     1.175.842.503      cycles                    #    3,333 GHz                      ( +-  0,39% )
     1.213.535.876      instructions              #    1,03  insn per cycle           ( +-  0,00% )
       102.106.298      branches                  #  289,446 M/sec                    ( +-  0,01% )
           276.508      branch-misses             #    0,27% of all branches          ( +-  0,66% )

           0,11588 +- 0,00109 seconds time elapsed  ( +-  0,94% )


 Performance counter stats for './mandelbrot_pth 0.175 0.375 -0.1 0.1 1024 6' (10 runs):

          1.414,89 msec task-clock                #    3,019 CPUs utilized            ( +-  0,29% )
               309      context-switches          #    0,218 K/sec                    ( +-  4,28% )
                 7      cpu-migrations            #    0,005 K/sec                    ( +-  9,49% )
            10.335      page-faults               #    0,007 M/sec                    ( +-  0,00% )
     4.662.486.459      cycles                    #    3,295 GHz                      ( +-  0,10% )
     4.847.073.121      instructions              #    1,04  insn per cycle           ( +-  0,00% )
       407.254.159      branches                  #  287,834 M/sec                    ( +-  0,01% )
         1.021.407      branch-misses             #    0,25% of all branches          ( +-  0,50% )

           0,46860 +- 0,00448 seconds time elapsed  ( +-  0,96% )


 Performance counter stats for './mandelbrot_pth 0.175 0.375 -0.1 0.1 2048 6' (10 runs):

          5.712,33 msec task-clock                #    3,239 CPUs utilized            ( +-  0,19% )
               959      context-switches          #    0,168 K/sec                    ( +-  2,22% )
                22      cpu-migrations            #    0,004 K/sec                    ( +-  7,76% )
            41.055      page-faults               #    0,007 M/sec                    ( +-  0,00% )
    18.809.607.791      cycles                    #    3,293 GHz                      ( +-  0,12% )
    19.375.182.968      instructions              #    1,03  insn per cycle           ( +-  0,00% )
     1.626.989.525      branches                  #  284,821 M/sec                    ( +-  0,00% )
         3.956.457      branch-misses             #    0,24% of all branches          ( +-  0,29% )

            1,7635 +- 0,0161 seconds time elapsed  ( +-  0,91% )


 Performance counter stats for './mandelbrot_pth 0.175 0.375 -0.1 0.1 4096 6' (10 runs):

         22.791,60 msec task-clock                #    3,254 CPUs utilized            ( +-  0,09% )
             3.640      context-switches          #    0,160 K/sec                    ( +-  1,63% )
               102      cpu-migrations            #    0,004 K/sec                    ( +-  3,66% )
           163.935      page-faults               #    0,007 M/sec                    ( +-  0,00% )
    75.195.792.717      cycles                    #    3,299 GHz                      ( +-  0,09% )
    77.490.732.807      instructions              #    1,03  insn per cycle           ( +-  0,01% )
     6.507.848.664      branches                  #  285,537 M/sec                    ( +-  0,03% )
        15.672.590      branch-misses             #    0,24% of all branches          ( +-  0,20% )

            7,0038 +- 0,0317 seconds time elapsed  ( +-  0,45% )


 Performance counter stats for './mandelbrot_pth 0.175 0.375 -0.1 0.1 8192 6' (10 runs):

         91.306,43 msec task-clock                #    3,296 CPUs utilized            ( +-  0,06% )
            13.617      context-switches          #    0,149 K/sec                    ( +-  0,63% )
               405      cpu-migrations            #    0,004 K/sec                    ( +-  2,37% )
           655.456      page-faults               #    0,007 M/sec                    ( +-  0,00% )
   300.200.071.485      cycles                    #    3,288 GHz                      ( +-  0,05% )
   309.992.006.771      instructions              #    1,03  insn per cycle           ( +-  0,00% )
    26.038.226.488      branches                  #  285,174 M/sec                    ( +-  0,01% )
        61.537.057      branch-misses             #    0,24% of all branches          ( +-  0,17% )

           27,7035 +- 0,0678 seconds time elapsed  ( +-  0,24% )

