
 Performance counter stats for './mandelbrot_pth -2.5 1.5 -2.0 2.0 16 6' (10 runs):

              0,97 msec task-clock                #    0,957 CPUs utilized            ( +-  3,61% )
                 8      context-switches          #    0,008 M/sec                    ( +-  9,45% )
                 2      cpu-migrations            #    0,002 M/sec                    ( +- 33,85% )
                98      page-faults               #    0,101 M/sec                    ( +-  0,54% )
         3.256.433      cycles                    #    3,361 GHz                      ( +-  3,25% )
         2.024.832      instructions              #    0,62  insn per cycle           ( +-  0,53% )
           381.357      branches                  #  393,616 M/sec                    ( +-  0,55% )
            16.754      branch-misses             #    4,39% of all branches          ( +-  1,08% )

         0,0010122 +- 0,0000840 seconds time elapsed  ( +-  8,30% )


 Performance counter stats for './mandelbrot_pth -2.5 1.5 -2.0 2.0 32 6' (10 runs):

              1,15 msec task-clock                #    0,790 CPUs utilized            ( +-  4,74% )
                 7      context-switches          #    0,006 M/sec                    ( +-  6,28% )
                 2      cpu-migrations            #    0,001 M/sec                    ( +- 20,49% )
               106      page-faults               #    0,092 M/sec                    ( +-  0,58% )
         3.945.760      cycles                    #    3,418 GHz                      ( +-  4,80% )
         3.004.273      instructions              #    0,76  insn per cycle           ( +-  3,73% )
           500.004      branches                  #  433,135 M/sec                    ( +-  4,35% )
            17.289      branch-misses             #    3,46% of all branches          ( +-  4,32% )

          0,001462 +- 0,000383 seconds time elapsed  ( +- 26,21% )


 Performance counter stats for './mandelbrot_pth -2.5 1.5 -2.0 2.0 64 6' (10 runs):

              1,86 msec task-clock                #    1,256 CPUs utilized            ( +-  1,12% )
                 8      context-switches          #    0,004 M/sec                    ( +-  7,60% )
                 2      cpu-migrations            #    0,001 M/sec                    ( +- 17,21% )
               135      page-faults               #    0,073 M/sec                    ( +-  0,51% )
         6.384.109      cycles                    #    3,438 GHz                      ( +-  0,94% )
         6.375.482      instructions              #    1,00  insn per cycle           ( +-  0,21% )
           876.154      branches                  #  471,877 M/sec                    ( +-  0,26% )
            19.041      branch-misses             #    2,17% of all branches          ( +-  1,06% )

         0,0014781 +- 0,0000605 seconds time elapsed  ( +-  4,09% )


 Performance counter stats for './mandelbrot_pth -2.5 1.5 -2.0 2.0 128 6' (10 runs):

              4,64 msec task-clock                #    1,450 CPUs utilized            ( +-  1,22% )
                 6      context-switches          #    0,001 M/sec                    ( +- 10,14% )
                 2      cpu-migrations            #    0,474 K/sec                    ( +- 16,32% )
               256      page-faults               #    0,055 M/sec                    ( +-  0,17% )
        16.085.966      cycles                    #    3,467 GHz                      ( +-  1,14% )
        20.109.339      instructions              #    1,25  insn per cycle           ( +-  0,08% )
         2.442.482      branches                  #  526,396 M/sec                    ( +-  0,13% )
            22.395      branch-misses             #    0,92% of all branches          ( +-  0,74% )

         0,0032011 +- 0,0000681 seconds time elapsed  ( +-  2,13% )


 Performance counter stats for './mandelbrot_pth -2.5 1.5 -2.0 2.0 256 6' (10 runs):

             16,46 msec task-clock                #    1,558 CPUs utilized            ( +-  1,38% )
                 9      context-switches          #    0,523 K/sec                    ( +-  6,53% )
                 3      cpu-migrations            #    0,182 K/sec                    ( +- 14,05% )
               735      page-faults               #    0,045 M/sec                    ( +-  0,07% )
        57.359.520      cycles                    #    3,485 GHz                      ( +-  1,38% )
        75.194.076      instructions              #    1,31  insn per cycle           ( +-  0,02% )
         8.727.907      branches                  #  530,357 M/sec                    ( +-  0,03% )
            35.213      branch-misses             #    0,40% of all branches          ( +-  0,71% )

          0,010565 +- 0,000282 seconds time elapsed  ( +-  2,67% )


 Performance counter stats for './mandelbrot_pth -2.5 1.5 -2.0 2.0 512 6' (10 runs):

             62,89 msec task-clock                #    1,669 CPUs utilized            ( +-  1,63% )
                12      context-switches          #    0,194 K/sec                    ( +- 10,64% )
                 3      cpu-migrations            #    0,045 K/sec                    ( +- 12,82% )
             2.656      page-faults               #    0,042 M/sec                    ( +-  0,02% )
       219.132.275      cycles                    #    3,484 GHz                      ( +-  1,64% )
       295.330.671      instructions              #    1,35  insn per cycle           ( +-  0,01% )
        33.856.443      branches                  #  538,327 M/sec                    ( +-  0,02% )
            79.465      branch-misses             #    0,23% of all branches          ( +-  1,04% )

          0,037678 +- 0,000514 seconds time elapsed  ( +-  1,36% )


 Performance counter stats for './mandelbrot_pth -2.5 1.5 -2.0 2.0 1024 6' (10 runs):

            268,34 msec task-clock                #    1,678 CPUs utilized            ( +-  4,90% )
                31      context-switches          #    0,116 K/sec                    ( +-  8,25% )
                 5      cpu-migrations            #    0,018 K/sec                    ( +- 12,34% )
            10.336      page-faults               #    0,039 M/sec                    ( +-  0,00% )
       875.559.422      cycles                    #    3,263 GHz                      ( +-  1,51% )
     1.175.901.246      instructions              #    1,34  insn per cycle           ( +-  0,01% )
       134.388.553      branches                  #  500,823 M/sec                    ( +-  0,02% )
           247.484      branch-misses             #    0,18% of all branches          ( +-  1,84% )

           0,15991 +- 0,00612 seconds time elapsed  ( +-  3,83% )


 Performance counter stats for './mandelbrot_pth -2.5 1.5 -2.0 2.0 2048 6' (10 runs):

            970,02 msec task-clock                #    1,615 CPUs utilized            ( +-  0,35% )
                95      context-switches          #    0,098 K/sec                    ( +-  5,01% )
                 6      cpu-migrations            #    0,006 K/sec                    ( +-  5,46% )
            41.056      page-faults               #    0,042 M/sec                    ( +-  0,00% )
     3.372.005.524      cycles                    #    3,476 GHz                      ( +-  0,39% )
     4.695.531.806      instructions              #    1,39  insn per cycle           ( +-  0,01% )
       536.105.353      branches                  #  552,674 M/sec                    ( +-  0,02% )
           877.314      branch-misses             #    0,16% of all branches          ( +-  1,02% )

           0,60066 +- 0,00426 seconds time elapsed  ( +-  0,71% )


 Performance counter stats for './mandelbrot_pth -2.5 1.5 -2.0 2.0 4096 6' (10 runs):

          3.828,94 msec task-clock                #    1,648 CPUs utilized            ( +-  0,18% )
               295      context-switches          #    0,077 K/sec                    ( +-  7,15% )
                 7      cpu-migrations            #    0,002 K/sec                    ( +-  7,59% )
           163.935      page-faults               #    0,043 M/sec                    ( +-  0,00% )
    13.249.254.743      cycles                    #    3,460 GHz                      ( +-  0,11% )
    18.779.036.359      instructions              #    1,42  insn per cycle           ( +-  0,01% )
     2.143.491.753      branches                  #  559,814 M/sec                    ( +-  0,02% )
         3.290.196      branch-misses             #    0,15% of all branches          ( +-  0,90% )

            2,3227 +- 0,0178 seconds time elapsed  ( +-  0,76% )


 Performance counter stats for './mandelbrot_pth -2.5 1.5 -2.0 2.0 8192 6' (10 runs):

         15.190,19 msec task-clock                #    1,671 CPUs utilized            ( +-  0,12% )
               941      context-switches          #    0,062 K/sec                    ( +-  4,76% )
                20      cpu-migrations            #    0,001 K/sec                    ( +-  7,48% )
           655.455      page-faults               #    0,043 M/sec                    ( +-  0,00% )
    52.725.183.518      cycles                    #    3,471 GHz                      ( +-  0,07% )
    75.157.336.788      instructions              #    1,43  insn per cycle           ( +-  0,01% )
     8.582.367.352      branches                  #  564,994 M/sec                    ( +-  0,03% )
        12.720.354      branch-misses             #    0,15% of all branches          ( +-  0,64% )

            9,0884 +- 0,0181 seconds time elapsed  ( +-  0,20% )

