
 Performance counter stats for './mandelbrot_omp -0.188 -0.012 0.554 0.754 16' (10 runs):

              0,86 msec task-clock                #    0,815 CPUs utilized            ( +-  1,98% )
                 0      context-switches          #    0,232 K/sec                    ( +-100,00% )
                 0      cpu-migrations            #    0,000 K/sec                  
                85      page-faults               #    0,099 M/sec                    ( +-  0,48% )
         2.987.187      cycles                    #    3,470 GHz                      ( +-  1,90% )
         2.589.314      instructions              #    0,87  insn per cycle           ( +-  0,19% )
           410.132      branches                  #  476,373 M/sec                    ( +-  0,21% )
            11.418      branch-misses             #    2,78% of all branches          ( +-  1,55% )

         0,0010561 +- 0,0000344 seconds time elapsed  ( +-  3,25% )


 Performance counter stats for './mandelbrot_omp -0.188 -0.012 0.554 0.754 32' (10 runs):

              1,87 msec task-clock                #    0,920 CPUs utilized            ( +-  0,81% )
                 0      context-switches          #    0,053 K/sec                    ( +-100,00% )
                 0      cpu-migrations            #    0,000 K/sec                  
                91      page-faults               #    0,049 M/sec                    ( +-  0,27% )
         6.506.719      cycles                    #    3,478 GHz                      ( +-  0,82% )
         6.663.653      instructions              #    1,02  insn per cycle           ( +-  0,06% )
           897.464      branches                  #  479,660 M/sec                    ( +-  0,08% )
            12.586      branch-misses             #    1,40% of all branches          ( +-  1,03% )

         0,0020327 +- 0,0000222 seconds time elapsed  ( +-  1,09% )


 Performance counter stats for './mandelbrot_omp -0.188 -0.012 0.554 0.754 64' (10 runs):

              5,90 msec task-clock                #    0,928 CPUs utilized            ( +-  0,25% )
                 0      context-switches          #    0,034 K/sec                    ( +- 66,67% )
                 0      cpu-migrations            #    0,000 K/sec                  
               121      page-faults               #    0,021 M/sec                    ( +-  0,28% )
        20.477.795      cycles                    #    3,473 GHz                      ( +-  0,18% )
        22.992.843      instructions              #    1,12  insn per cycle           ( +-  0,03% )
         2.853.150      branches                  #  483,932 M/sec                    ( +-  0,04% )
            16.738      branch-misses             #    0,59% of all branches          ( +-  0,86% )

          0,006355 +- 0,000271 seconds time elapsed  ( +-  4,27% )


 Performance counter stats for './mandelbrot_omp -0.188 -0.012 0.554 0.754 128' (10 runs):

             21,84 msec task-clock                #    0,990 CPUs utilized            ( +-  0,16% )
                 0      context-switches          #    0,009 K/sec                    ( +- 66,67% )
                 0      cpu-migrations            #    0,000 K/sec                  
               241      page-faults               #    0,011 M/sec                    ( +-  0,12% )
        76.013.224      cycles                    #    3,480 GHz                      ( +-  0,15% )
        87.922.855      instructions              #    1,16  insn per cycle           ( +-  0,01% )
        10.619.147      branches                  #  486,148 M/sec                    ( +-  0,01% )
            30.502      branch-misses             #    0,29% of all branches          ( +-  0,34% )

         0,0220737 +- 0,0000319 seconds time elapsed  ( +-  0,14% )


 Performance counter stats for './mandelbrot_omp -0.188 -0.012 0.554 0.754 256' (10 runs):

             84,92 msec task-clock                #    0,994 CPUs utilized            ( +-  0,06% )
                 4      context-switches          #    0,045 K/sec                    ( +- 22,81% )
                 0      cpu-migrations            #    0,000 K/sec                  
               722      page-faults               #    0,009 M/sec                    ( +-  0,05% )
       296.076.011      cycles                    #    3,487 GHz                      ( +-  0,04% )
       347.455.372      instructions              #    1,17  insn per cycle           ( +-  0,00% )
        41.660.524      branches                  #  490,601 M/sec                    ( +-  0,01% )
            84.546      branch-misses             #    0,20% of all branches          ( +-  0,34% )

         0,0854370 +- 0,0000873 seconds time elapsed  ( +-  0,10% )


 Performance counter stats for './mandelbrot_omp -0.188 -0.012 0.554 0.754 512' (10 runs):

            336,71 msec task-clock                #    0,998 CPUs utilized            ( +-  0,03% )
                 4      context-switches          #    0,012 K/sec                    ( +- 56,40% )
                 0      cpu-migrations            #    0,000 K/sec                    ( +-100,00% )
             2.641      page-faults               #    0,008 M/sec                    ( +-  0,01% )
     1.175.131.003      cycles                    #    3,490 GHz                      ( +-  0,03% )
     1.384.942.200      instructions              #    1,18  insn per cycle           ( +-  0,00% )
       165.714.184      branches                  #  492,154 M/sec                    ( +-  0,01% )
           292.724      branch-misses             #    0,18% of all branches          ( +-  0,17% )

          0,337226 +- 0,000207 seconds time elapsed  ( +-  0,06% )


 Performance counter stats for './mandelbrot_omp -0.188 -0.012 0.554 0.754 1024' (10 runs):

          1.344,38 msec task-clock                #    0,999 CPUs utilized            ( +-  0,06% )
                 7      context-switches          #    0,006 K/sec                    ( +- 25,89% )
                 0      cpu-migrations            #    0,000 K/sec                    ( +-100,00% )
            10.322      page-faults               #    0,008 M/sec                    ( +-  0,00% )
     4.693.425.969      cycles                    #    3,491 GHz                      ( +-  0,06% )
     5.533.564.861      instructions              #    1,18  insn per cycle           ( +-  0,00% )
       661.745.604      branches                  #  492,231 M/sec                    ( +-  0,00% )
         1.113.286      branch-misses             #    0,17% of all branches          ( +-  0,13% )

          1,345305 +- 0,000726 seconds time elapsed  ( +-  0,05% )


 Performance counter stats for './mandelbrot_omp -0.188 -0.012 0.554 0.754 2048' (10 runs):

          5.369,80 msec task-clock                #    0,995 CPUs utilized            ( +-  0,03% )
                78      context-switches          #    0,015 K/sec                    ( +- 43,42% )
                 1      cpu-migrations            #    0,000 K/sec                    ( +- 47,86% )
            41.042      page-faults               #    0,008 M/sec                    ( +-  0,00% )
    18.743.508.639      cycles                    #    3,491 GHz                      ( +-  0,04% )
    22.126.884.871      instructions              #    1,18  insn per cycle           ( +-  0,01% )
     2.645.766.616      branches                  #  492,713 M/sec                    ( +-  0,01% )
         4.376.532      branch-misses             #    0,17% of all branches          ( +-  0,21% )

           5,39677 +- 0,00417 seconds time elapsed  ( +-  0,08% )


 Performance counter stats for './mandelbrot_omp -0.188 -0.012 0.554 0.754 4096' (10 runs):

         21.471,31 msec task-clock                #    0,995 CPUs utilized            ( +-  0,02% )
               156      context-switches          #    0,007 K/sec                    ( +- 21,14% )
                 2      cpu-migrations            #    0,000 K/sec                    ( +- 31,68% )
           163.922      page-faults               #    0,008 M/sec                    ( +-  0,00% )
    74.884.607.808      cycles                    #    3,488 GHz                      ( +-  0,02% )
    88.500.545.061      instructions              #    1,18  insn per cycle           ( +-  0,00% )
    10.582.167.415      branches                  #  492,851 M/sec                    ( +-  0,01% )
        17.253.246      branch-misses             #    0,16% of all branches          ( +-  0,05% )

          21,57162 +- 0,00587 seconds time elapsed  ( +-  0,03% )


 Performance counter stats for './mandelbrot_omp -0.188 -0.012 0.554 0.754 8192' (10 runs):

         85.884,95 msec task-clock                #    0,995 CPUs utilized            ( +-  0,02% )
               463      context-switches          #    0,005 K/sec                    ( +- 14,67% )
                10      cpu-migrations            #    0,000 K/sec                    ( +- 11,30% )
           655.442      page-faults               #    0,008 M/sec                    ( +-  0,00% )
   299.686.621.682      cycles                    #    3,489 GHz                      ( +-  0,02% )
   353.992.958.069      instructions              #    1,18  insn per cycle           ( +-  0,00% )
    42.328.138.837      branches                  #  492,847 M/sec                    ( +-  0,00% )
        68.511.068      branch-misses             #    0,16% of all branches          ( +-  0,02% )

           86,3167 +- 0,0190 seconds time elapsed  ( +-  0,02% )

