
 Performance counter stats for './mandelbrot_pth 0.175 0.375 -0.1 0.1 16 32' (10 runs):

              2,05 msec task-clock                #    1,291 CPUs utilized            ( +-  1,33% )
                11      context-switches          #    0,005 M/sec                    ( +- 10,88% )
                 2      cpu-migrations            #    0,880 K/sec                    ( +- 39,54% )
               149      page-faults               #    0,073 M/sec                    ( +-  0,50% )
         6.831.876      cycles                    #    3,339 GHz                      ( +-  1,26% )
         4.795.913      instructions              #    0,70  insn per cycle           ( +-  0,32% )
           838.447      branches                  #  409,831 M/sec                    ( +-  0,38% )
            21.136      branch-misses             #    2,52% of all branches          ( +-  0,78% )

         0,0015847 +- 0,0000486 seconds time elapsed  ( +-  3,07% )


 Performance counter stats for './mandelbrot_pth 0.175 0.375 -0.1 0.1 32 32' (10 runs):

              3,40 msec task-clock                #    2,103 CPUs utilized            ( +-  2,02% )
                34      context-switches          #    0,010 M/sec                    ( +-  6,65% )
                 3      cpu-migrations            #    0,941 K/sec                    ( +- 21,25% )
               158      page-faults               #    0,046 M/sec                    ( +-  0,46% )
        11.397.811      cycles                    #    3,353 GHz                      ( +-  2,10% )
         8.575.670      instructions              #    0,75  insn per cycle           ( +-  1,33% )
         1.180.391      branches                  #  347,280 M/sec                    ( +-  1,89% )
            24.853      branch-misses             #    2,11% of all branches          ( +-  3,02% )

         0,0016164 +- 0,0000408 seconds time elapsed  ( +-  2,52% )


 Performance counter stats for './mandelbrot_pth 0.175 0.375 -0.1 0.1 64 32' (10 runs):

              7,01 msec task-clock                #    2,433 CPUs utilized            ( +-  0,30% )
                38      context-switches          #    0,005 M/sec                    ( +-  3,06% )
                 4      cpu-migrations            #    0,642 K/sec                    ( +- 28,54% )
               188      page-faults               #    0,027 M/sec                    ( +-  0,40% )
        24.084.708      cycles                    #    3,435 GHz                      ( +-  0,31% )
        22.172.723      instructions              #    0,92  insn per cycle           ( +-  0,09% )
         2.249.974      branches                  #  320,918 M/sec                    ( +-  0,19% )
            27.869      branch-misses             #    1,24% of all branches          ( +-  0,82% )

         0,0028816 +- 0,0000717 seconds time elapsed  ( +-  2,49% )


 Performance counter stats for './mandelbrot_pth 0.175 0.375 -0.1 0.1 128 32' (10 runs):

             22,35 msec task-clock                #    2,975 CPUs utilized            ( +-  0,78% )
                42      context-switches          #    0,002 M/sec                    ( +-  5,31% )
                14      cpu-migrations            #    0,622 K/sec                    ( +- 13,24% )
               307      page-faults               #    0,014 M/sec                    ( +-  0,16% )
        77.317.121      cycles                    #    3,459 GHz                      ( +-  0,81% )
        77.093.594      instructions              #    1,00  insn per cycle           ( +-  0,19% )
         6.634.457      branches                  #  296,844 M/sec                    ( +-  0,42% )
            41.098      branch-misses             #    0,62% of all branches          ( +-  1,99% )

          0,007512 +- 0,000133 seconds time elapsed  ( +-  1,77% )


 Performance counter stats for './mandelbrot_pth 0.175 0.375 -0.1 0.1 256 32' (10 runs):

             84,84 msec task-clock                #    3,412 CPUs utilized            ( +-  0,30% )
                51      context-switches          #    0,602 K/sec                    ( +-  5,78% )
                16      cpu-migrations            #    0,194 K/sec                    ( +-  5,51% )
               787      page-faults               #    0,009 M/sec                    ( +-  0,09% )
       295.232.407      cycles                    #    3,480 GHz                      ( +-  0,26% )
       295.872.311      instructions              #    1,00  insn per cycle           ( +-  0,09% )
        24.019.546      branches                  #  283,128 M/sec                    ( +-  0,22% )
            86.929      branch-misses             #    0,36% of all branches          ( +-  1,68% )

          0,024863 +- 0,000186 seconds time elapsed  ( +-  0,75% )


 Performance counter stats for './mandelbrot_pth 0.175 0.375 -0.1 0.1 512 32' (10 runs):

            354,37 msec task-clock                #    3,599 CPUs utilized            ( +-  0,05% )
               142      context-switches          #    0,400 K/sec                    ( +-  3,35% )
                23      cpu-migrations            #    0,065 K/sec                    ( +-  6,27% )
             2.707      page-faults               #    0,008 M/sec                    ( +-  0,02% )
     1.164.862.858      cycles                    #    3,287 GHz                      ( +-  0,04% )
     1.169.414.339      instructions              #    1,00  insn per cycle           ( +-  0,00% )
        93.376.296      branches                  #  263,496 M/sec                    ( +-  0,01% )
           261.851      branch-misses             #    0,28% of all branches          ( +-  0,57% )

          0,098477 +- 0,000169 seconds time elapsed  ( +-  0,17% )


 Performance counter stats for './mandelbrot_pth 0.175 0.375 -0.1 0.1 1024 32' (10 runs):

          1.415,11 msec task-clock                #    3,652 CPUs utilized            ( +-  0,09% )
               415      context-switches          #    0,293 K/sec                    ( +-  3,35% )
                35      cpu-migrations            #    0,025 K/sec                    ( +-  5,76% )
            10.386      page-faults               #    0,007 M/sec                    ( +-  0,00% )
     4.650.986.637      cycles                    #    3,287 GHz                      ( +-  0,06% )
     4.665.790.386      instructions              #    1,00  insn per cycle           ( +-  0,05% )
       371.595.137      branches                  #  262,591 M/sec                    ( +-  0,19% )
           951.821      branch-misses             #    0,26% of all branches          ( +-  0,44% )

          0,387487 +- 0,000534 seconds time elapsed  ( +-  0,14% )


 Performance counter stats for './mandelbrot_pth 0.175 0.375 -0.1 0.1 2048 32' (10 runs):

          5.692,50 msec task-clock                #    3,670 CPUs utilized            ( +-  0,04% )
             1.555      context-switches          #    0,273 K/sec                    ( +-  1,20% )
                48      cpu-migrations            #    0,009 K/sec                    ( +-  4,46% )
            41.107      page-faults               #    0,007 M/sec                    ( +-  0,00% )
    18.551.125.494      cycles                    #    3,259 GHz                      ( +-  0,02% )
    18.639.951.301      instructions              #    1,00  insn per cycle           ( +-  0,00% )
     1.481.025.509      branches                  #  260,171 M/sec                    ( +-  0,00% )
         3.641.208      branch-misses             #    0,25% of all branches          ( +-  0,08% )

           1,55107 +- 0,00465 seconds time elapsed  ( +-  0,30% )


 Performance counter stats for './mandelbrot_pth 0.175 0.375 -0.1 0.1 4096 32' (10 runs):

         22.786,57 msec task-clock                #    3,642 CPUs utilized            ( +-  0,02% )
             6.524      context-switches          #    0,286 K/sec                    ( +-  1,34% )
               108      cpu-migrations            #    0,005 K/sec                    ( +- 13,07% )
           163.987      page-faults               #    0,007 M/sec                    ( +-  0,00% )
    74.115.979.362      cycles                    #    3,253 GHz                      ( +-  0,04% )
    74.542.368.883      instructions              #    1,01  insn per cycle           ( +-  0,01% )
     5.922.671.149      branches                  #  259,919 M/sec                    ( +-  0,03% )
        14.289.865      branch-misses             #    0,24% of all branches          ( +-  0,09% )

            6,2569 +- 0,0116 seconds time elapsed  ( +-  0,19% )


 Performance counter stats for './mandelbrot_pth 0.175 0.375 -0.1 0.1 8192 32' (10 runs):

         91.068,10 msec task-clock                #    3,659 CPUs utilized            ( +-  0,06% )
            26.058      context-switches          #    0,286 K/sec                    ( +-  0,83% )
               398      cpu-migrations            #    0,004 K/sec                    ( +- 15,63% )
           655.507      page-faults               #    0,007 M/sec                    ( +-  0,00% )
   296.421.146.286      cycles                    #    3,255 GHz                      ( +-  0,03% )
   298.151.445.444      instructions              #    1,01  insn per cycle           ( +-  0,00% )
    23.688.960.930      branches                  #  260,124 M/sec                    ( +-  0,01% )
        56.497.313      branch-misses             #    0,24% of all branches          ( +-  0,08% )

           24,8874 +- 0,0643 seconds time elapsed  ( +-  0,26% )

