
 Performance counter stats for './mandelbrot_pth -2.5 1.5 -2.0 2.0 16 32' (10 runs):

              1,83 msec task-clock                #    1,322 CPUs utilized            ( +-  4,01% )
                 8      context-switches          #    0,005 M/sec                    ( +- 12,19% )
                 2      cpu-migrations            #    0,927 K/sec                    ( +- 35,13% )
               148      page-faults               #    0,081 M/sec                    ( +-  0,42% )
         6.051.217      cycles                    #    3,299 GHz                      ( +-  3,37% )
         3.852.846      instructions              #    0,64  insn per cycle           ( +-  0,19% )
           763.901      branches                  #  416,403 M/sec                    ( +-  0,21% )
            20.492      branch-misses             #    2,68% of all branches          ( +-  0,71% )

         0,0013877 +- 0,0000772 seconds time elapsed  ( +-  5,56% )


 Performance counter stats for './mandelbrot_pth -2.5 1.5 -2.0 2.0 32 32' (10 runs):

              2,10 msec task-clock                #    1,265 CPUs utilized            ( +-  2,60% )
                14      context-switches          #    0,007 M/sec                    ( +- 15,21% )
                 2      cpu-migrations            #    0,001 M/sec                    ( +- 24,02% )
               157      page-faults               #    0,075 M/sec                    ( +-  0,43% )
         6.915.134      cycles                    #    3,296 GHz                      ( +-  2,32% )
         4.625.491      instructions              #    0,67  insn per cycle           ( +-  0,46% )
           844.419      branches                  #  402,502 M/sec                    ( +-  0,51% )
            21.532      branch-misses             #    2,55% of all branches          ( +-  1,28% )

          0,001658 +- 0,000238 seconds time elapsed  ( +- 14,34% )


 Performance counter stats for './mandelbrot_pth -2.5 1.5 -2.0 2.0 64 32' (10 runs):

              2,94 msec task-clock                #    1,829 CPUs utilized            ( +-  2,18% )
                26      context-switches          #    0,009 M/sec                    ( +-  3,62% )
                 2      cpu-migrations            #    0,748 K/sec                    ( +- 25,17% )
               187      page-faults               #    0,064 M/sec                    ( +-  0,20% )
         9.834.883      cycles                    #    3,345 GHz                      ( +-  2,34% )
         7.822.720      instructions              #    0,80  insn per cycle           ( +-  1,90% )
         1.187.148      branches                  #  403,816 M/sec                    ( +-  2,40% )
            24.334      branch-misses             #    2,05% of all branches          ( +-  4,24% )

         0,0016073 +- 0,0000739 seconds time elapsed  ( +-  4,60% )


 Performance counter stats for './mandelbrot_pth -2.5 1.5 -2.0 2.0 128 32' (10 runs):

              5,56 msec task-clock                #    1,984 CPUs utilized            ( +-  0,58% )
                37      context-switches          #    0,007 M/sec                    ( +-  1,88% )
                 3      cpu-migrations            #    0,539 K/sec                    ( +- 36,18% )
               308      page-faults               #    0,055 M/sec                    ( +-  0,24% )
        19.017.600      cycles                    #    3,419 GHz                      ( +-  0,57% )
        19.360.191      instructions              #    1,02  insn per cycle           ( +-  0,04% )
         2.319.041      branches                  #  416,885 M/sec                    ( +-  0,06% )
            28.626      branch-misses             #    1,23% of all branches          ( +-  0,97% )

         0,0028039 +- 0,0000496 seconds time elapsed  ( +-  1,77% )


 Performance counter stats for './mandelbrot_pth -2.5 1.5 -2.0 2.0 256 32' (10 runs):

             16,41 msec task-clock                #    2,305 CPUs utilized            ( +-  0,58% )
                44      context-switches          #    0,003 M/sec                    ( +-  4,15% )
                 8      cpu-migrations            #    0,494 K/sec                    ( +- 11,70% )
               789      page-faults               #    0,048 M/sec                    ( +-  0,07% )
        56.880.805      cycles                    #    3,466 GHz                      ( +-  0,58% )
        65.823.745      instructions              #    1,16  insn per cycle           ( +-  0,04% )
         6.893.479      branches                  #  419,997 M/sec                    ( +-  0,06% )
            40.011      branch-misses             #    0,58% of all branches          ( +-  0,80% )

         0,0071196 +- 0,0000982 seconds time elapsed  ( +-  1,38% )


 Performance counter stats for './mandelbrot_pth -2.5 1.5 -2.0 2.0 512 32' (10 runs):

             62,76 msec task-clock                #    2,621 CPUs utilized            ( +-  0,31% )
                53      context-switches          #    0,848 K/sec                    ( +-  6,54% )
                12      cpu-migrations            #    0,190 K/sec                    ( +- 15,42% )
             2.710      page-faults               #    0,043 M/sec                    ( +-  0,04% )
       212.141.071      cycles                    #    3,380 GHz                      ( +-  0,29% )
       251.355.710      instructions              #    1,18  insn per cycle           ( +-  0,01% )
        25.156.053      branches                  #  400,816 M/sec                    ( +-  0,03% )
            77.732      branch-misses             #    0,31% of all branches          ( +-  1,04% )

          0,023948 +- 0,000139 seconds time elapsed  ( +-  0,58% )


 Performance counter stats for './mandelbrot_pth -2.5 1.5 -2.0 2.0 1024 32' (10 runs):

            246,43 msec task-clock                #    2,672 CPUs utilized            ( +-  0,25% )
                82      context-switches          #    0,332 K/sec                    ( +-  2,23% )
                20      cpu-migrations            #    0,082 K/sec                    ( +-  4,82% )
            10.388      page-faults               #    0,042 M/sec                    ( +-  0,01% )
       829.651.570      cycles                    #    3,367 GHz                      ( +-  0,16% )
       993.112.124      instructions              #    1,20  insn per cycle           ( +-  0,00% )
        98.148.531      branches                  #  398,288 M/sec                    ( +-  0,00% )
           209.236      branch-misses             #    0,21% of all branches          ( +-  0,50% )

          0,092235 +- 0,000605 seconds time elapsed  ( +-  0,66% )


 Performance counter stats for './mandelbrot_pth -2.5 1.5 -2.0 2.0 2048 32' (10 runs):

            981,37 msec task-clock                #    2,734 CPUs utilized            ( +-  0,17% )
               218      context-switches          #    0,222 K/sec                    ( +-  1,50% )
                17      cpu-migrations            #    0,018 K/sec                    ( +-  8,26% )
            41.108      page-faults               #    0,042 M/sec                    ( +-  0,00% )
     3.296.315.854      cycles                    #    3,359 GHz                      ( +-  0,10% )
     3.960.274.331      instructions              #    1,20  insn per cycle           ( +-  0,00% )
       390.152.732      branches                  #  397,558 M/sec                    ( +-  0,00% )
           721.377      branch-misses             #    0,18% of all branches          ( +-  0,47% )

           0,35891 +- 0,00149 seconds time elapsed  ( +-  0,41% )


 Performance counter stats for './mandelbrot_pth -2.5 1.5 -2.0 2.0 4096 32' (10 runs):

          3.960,79 msec task-clock                #    2,765 CPUs utilized            ( +-  0,16% )
               709      context-switches          #    0,179 K/sec                    ( +-  2,64% )
                36      cpu-migrations            #    0,009 K/sec                    ( +-  7,48% )
           163.987      page-faults               #    0,041 M/sec                    ( +-  0,00% )
    13.163.336.258      cycles                    #    3,323 GHz                      ( +-  0,08% )
    15.832.839.224      instructions              #    1,20  insn per cycle           ( +-  0,00% )
     1.558.618.398      branches                  #  393,512 M/sec                    ( +-  0,00% )
         2.652.706      branch-misses             #    0,17% of all branches          ( +-  0,49% )

           1,43266 +- 0,00688 seconds time elapsed  ( +-  0,48% )


 Performance counter stats for './mandelbrot_pth -2.5 1.5 -2.0 2.0 8192 32' (10 runs):

         16.014,29 msec task-clock                #    2,803 CPUs utilized            ( +-  0,09% )
             2.665      context-switches          #    0,166 K/sec                    ( +-  1,42% )
               108      cpu-migrations            #    0,007 K/sec                    ( +-  5,18% )
           655.507      page-faults               #    0,041 M/sec                    ( +-  0,00% )
    52.531.638.378      cycles                    #    3,280 GHz                      ( +-  0,06% )
    63.335.490.254      instructions              #    1,21  insn per cycle           ( +-  0,01% )
     6.235.946.049      branches                  #  389,399 M/sec                    ( +-  0,03% )
        10.037.600      branch-misses             #    0,16% of all branches          ( +-  0,15% )

            5,7124 +- 0,0140 seconds time elapsed  ( +-  0,24% )

