
 Performance counter stats for './mandelbrot_pth -0.188 -0.012 0.554 0.754 16 32' (10 runs):

              2,13 msec task-clock                #    1,191 CPUs utilized            ( +-  1,42% )
                13      context-switches          #    0,006 M/sec                    ( +- 13,69% )
                 2      cpu-migrations            #    0,941 K/sec                    ( +- 21,08% )
               149      page-faults               #    0,070 M/sec                    ( +-  0,45% )
         7.082.651      cycles                    #    3,333 GHz                      ( +-  1,34% )
         5.012.412      instructions              #    0,71  insn per cycle           ( +-  0,56% )
           858.316      branches                  #  403,860 M/sec                    ( +-  0,67% )
            21.360      branch-misses             #    2,49% of all branches          ( +-  1,85% )

          0,001784 +- 0,000148 seconds time elapsed  ( +-  8,32% )


 Performance counter stats for './mandelbrot_pth -0.188 -0.012 0.554 0.754 32 32' (10 runs):

              3,56 msec task-clock                #    2,112 CPUs utilized            ( +-  1,41% )
                34      context-switches          #    0,010 M/sec                    ( +-  3,06% )
                 3      cpu-migrations            #    0,730 K/sec                    ( +- 38,97% )
               157      page-faults               #    0,044 M/sec                    ( +-  0,50% )
        11.977.819      cycles                    #    3,361 GHz                      ( +-  1,05% )
         9.272.782      instructions              #    0,77  insn per cycle           ( +-  0,11% )
         1.218.974      branches                  #  342,091 M/sec                    ( +-  0,18% )
            24.371      branch-misses             #    2,00% of all branches          ( +-  0,94% )

         0,0016871 +- 0,0000325 seconds time elapsed  ( +-  1,93% )


 Performance counter stats for './mandelbrot_pth -0.188 -0.012 0.554 0.754 64 32' (10 runs):

              7,95 msec task-clock                #    2,429 CPUs utilized            ( +-  0,32% )
                40      context-switches          #    0,005 M/sec                    ( +-  2,82% )
                 2      cpu-migrations            #    0,251 K/sec                    ( +- 60,55% )
               188      page-faults               #    0,024 M/sec                    ( +-  0,38% )
        27.341.548      cycles                    #    3,438 GHz                      ( +-  0,30% )
        25.603.167      instructions              #    0,94  insn per cycle           ( +-  0,06% )
         2.505.425      branches                  #  315,055 M/sec                    ( +-  0,12% )
            28.536      branch-misses             #    1,14% of all branches          ( +-  0,62% )

         0,0032741 +- 0,0000527 seconds time elapsed  ( +-  1,61% )


 Performance counter stats for './mandelbrot_pth -0.188 -0.012 0.554 0.754 128 32' (10 runs):

             26,28 msec task-clock                #    3,093 CPUs utilized            ( +-  0,44% )
                44      context-switches          #    0,002 M/sec                    ( +-  4,15% )
                12      cpu-migrations            #    0,445 K/sec                    ( +- 12,16% )
               307      page-faults               #    0,012 M/sec                    ( +-  0,21% )
        91.215.429      cycles                    #    3,471 GHz                      ( +-  0,43% )
        90.690.226      instructions              #    0,99  insn per cycle           ( +-  0,02% )
         7.623.799      branches                  #  290,075 M/sec                    ( +-  0,05% )
            42.668      branch-misses             #    0,56% of all branches          ( +-  0,65% )

          0,008497 +- 0,000153 seconds time elapsed  ( +-  1,80% )


 Performance counter stats for './mandelbrot_pth -0.188 -0.012 0.554 0.754 256 32' (10 runs):

            103,84 msec task-clock                #    3,529 CPUs utilized            ( +-  0,67% )
                57      context-switches          #    0,553 K/sec                    ( +-  5,14% )
                18      cpu-migrations            #    0,173 K/sec                    ( +-  8,96% )
               787      page-faults               #    0,008 M/sec                    ( +-  0,07% )
       352.130.498      cycles                    #    3,391 GHz                      ( +-  0,07% )
       350.813.332      instructions              #    1,00  insn per cycle           ( +-  0,01% )
        28.074.206      branches                  #  270,354 M/sec                    ( +-  0,02% )
            95.260      branch-misses             #    0,34% of all branches          ( +-  0,42% )

          0,029429 +- 0,000209 seconds time elapsed  ( +-  0,71% )


 Performance counter stats for './mandelbrot_pth -0.188 -0.012 0.554 0.754 512 32' (10 runs):

            425,33 msec task-clock                #    3,650 CPUs utilized            ( +-  0,37% )
               141      context-switches          #    0,331 K/sec                    ( +-  3,04% )
                27      cpu-migrations            #    0,064 K/sec                    ( +-  5,06% )
             2.706      page-faults               #    0,006 M/sec                    ( +-  0,02% )
     1.395.970.216      cycles                    #    3,282 GHz                      ( +-  0,07% )
     1.391.064.154      instructions              #    1,00  insn per cycle           ( +-  0,01% )
       109.846.717      branches                  #  258,261 M/sec                    ( +-  0,01% )
           301.537      branch-misses             #    0,27% of all branches          ( +-  0,22% )

          0,116515 +- 0,000559 seconds time elapsed  ( +-  0,48% )


 Performance counter stats for './mandelbrot_pth -0.188 -0.012 0.554 0.754 1024 32' (10 runs):

          1.700,68 msec task-clock                #    3,692 CPUs utilized            ( +-  0,23% )
               667      context-switches          #    0,392 K/sec                    ( +- 16,89% )
                34      cpu-migrations            #    0,020 K/sec                    ( +-  4,90% )
            10.386      page-faults               #    0,006 M/sec                    ( +-  0,01% )
     5.570.497.162      cycles                    #    3,275 GHz                      ( +-  0,06% )
     5.552.719.550      instructions              #    1,00  insn per cycle           ( +-  0,02% )
       437.147.613      branches                  #  257,043 M/sec                    ( +-  0,05% )
         1.120.016      branch-misses             #    0,26% of all branches          ( +-  0,52% )

           0,46067 +- 0,00205 seconds time elapsed  ( +-  0,45% )


 Performance counter stats for './mandelbrot_pth -0.188 -0.012 0.554 0.754 2048 32' (10 runs):

          6.830,84 msec task-clock                #    3,683 CPUs utilized            ( +-  0,04% )
             1.966      context-switches          #    0,288 K/sec                    ( +-  1,09% )
                63      cpu-migrations            #    0,009 K/sec                    ( +-  7,87% )
            41.107      page-faults               #    0,006 M/sec                    ( +-  0,00% )
    22.258.042.002      cycles                    #    3,258 GHz                      ( +-  0,06% )
    22.200.240.333      instructions              #    1,00  insn per cycle           ( +-  0,03% )
     1.747.100.082      branches                  #  255,767 M/sec                    ( +-  0,11% )
         4.319.097      branch-misses             #    0,25% of all branches          ( +-  0,12% )

           1,85458 +- 0,00308 seconds time elapsed  ( +-  0,17% )


 Performance counter stats for './mandelbrot_pth -0.188 -0.012 0.554 0.754 4096 32' (10 runs):

         27.378,18 msec task-clock                #    3,687 CPUs utilized            ( +-  0,01% )
             7.995      context-switches          #    0,292 K/sec                    ( +-  0,96% )
               170      cpu-migrations            #    0,006 K/sec                    ( +- 10,91% )
           163.986      page-faults               #    0,006 M/sec                    ( +-  0,00% )
    88.897.318.206      cycles                    #    3,247 GHz                      ( +-  0,02% )
    88.773.404.673      instructions              #    1,00  insn per cycle           ( +-  0,01% )
     6.980.489.655      branches                  #  254,965 M/sec                    ( +-  0,03% )
        16.966.184      branch-misses             #    0,24% of all branches          ( +-  0,05% )

            7,4256 +- 0,0102 seconds time elapsed  ( +-  0,14% )


 Performance counter stats for './mandelbrot_pth -0.188 -0.012 0.554 0.754 8192 32' (10 runs):

        109.431,93 msec task-clock                #    3,700 CPUs utilized            ( +-  0,06% )
            31.838      context-switches          #    0,291 K/sec                    ( +-  0,90% )
               421      cpu-migrations            #    0,004 K/sec                    ( +- 12,23% )
           655.506      page-faults               #    0,006 M/sec                    ( +-  0,00% )
   355.601.108.232      cycles                    #    3,250 GHz                      ( +-  0,04% )
   355.070.353.062      instructions              #    1,00  insn per cycle           ( +-  0,00% )
    27.919.148.693      branches                  #  255,128 M/sec                    ( +-  0,01% )
        67.387.739      branch-misses             #    0,24% of all branches          ( +-  0,07% )

           29,5731 +- 0,0949 seconds time elapsed  ( +-  0,32% )

