
 Performance counter stats for './mandelbrot_pth -0.188 -0.012 0.554 0.754 16 2' (10 runs):

              1,03 msec task-clock                #    0,871 CPUs utilized            ( +-  2,63% )
                 2      context-switches          #    0,002 M/sec                    ( +-  4,76% )
                 1      cpu-migrations            #    0,773 K/sec                    ( +- 31,18% )
                89      page-faults               #    0,086 M/sec                    ( +-  0,56% )
         3.574.439      cycles                    #    3,456 GHz                      ( +-  2,61% )
         2.775.434      instructions              #    0,78  insn per cycle           ( +-  0,21% )
           389.097      branches                  #  376,178 M/sec                    ( +-  0,26% )
            13.946      branch-misses             #    3,58% of all branches          ( +-  1,75% )

          0,001187 +- 0,000113 seconds time elapsed  ( +-  9,50% )


 Performance counter stats for './mandelbrot_pth -0.188 -0.012 0.554 0.754 32 2' (10 runs):

              2,15 msec task-clock                #    0,493 CPUs utilized            ( +-  2,70% )
                 3      context-switches          #    0,001 M/sec                    ( +-  9,64% )
                 0      cpu-migrations            #    0,186 K/sec                    ( +- 40,82% )
                97      page-faults               #    0,045 M/sec                    ( +-  0,43% )
         7.413.307      cycles                    #    3,456 GHz                      ( +-  2,64% )
         6.978.868      instructions              #    0,94  insn per cycle           ( +-  0,04% )
           735.973      branches                  #  343,053 M/sec                    ( +-  0,07% )
            15.556      branch-misses             #    2,11% of all branches          ( +-  1,08% )

           0,00435 +- 0,00142 seconds time elapsed  ( +- 32,68% )


 Performance counter stats for './mandelbrot_pth -0.188 -0.012 0.554 0.754 64 2' (10 runs):

              6,54 msec task-clock                #    1,652 CPUs utilized            ( +-  2,52% )
                 1      context-switches          #    0,214 K/sec                    ( +- 15,79% )
                 0      cpu-migrations            #    0,000 K/sec                  
               127      page-faults               #    0,019 M/sec                    ( +-  0,38% )
        22.670.501      cycles                    #    3,467 GHz                      ( +-  2,48% )
        23.821.883      instructions              #    1,05  insn per cycle           ( +-  0,03% )
         2.123.356      branches                  #  324,741 M/sec                    ( +-  0,06% )
            19.472      branch-misses             #    0,92% of all branches          ( +-  0,66% )

         0,0039568 +- 0,0000795 seconds time elapsed  ( +-  2,01% )


 Performance counter stats for './mandelbrot_pth -0.188 -0.012 0.554 0.754 128 2' (10 runs):

             24,90 msec task-clock                #    1,775 CPUs utilized            ( +-  2,39% )
                 1      context-switches          #    0,048 K/sec                    ( +- 11,11% )
                 0      cpu-migrations            #    0,000 K/sec                  
               246      page-faults               #    0,010 M/sec                    ( +-  0,18% )
        86.686.187      cycles                    #    3,482 GHz                      ( +-  2,40% )
        90.992.070      instructions              #    1,05  insn per cycle           ( +-  0,01% )
         7.657.822      branches                  #  307,597 M/sec                    ( +-  0,02% )
            32.829      branch-misses             #    0,43% of all branches          ( +-  0,28% )

          0,014026 +- 0,000317 seconds time elapsed  ( +-  2,26% )


 Performance counter stats for './mandelbrot_pth -0.188 -0.012 0.554 0.754 256 2' (10 runs):

             98,81 msec task-clock                #    1,814 CPUs utilized            ( +-  1,93% )
                 2      context-switches          #    0,024 K/sec                    ( +- 21,70% )
                 0      cpu-migrations            #    0,001 K/sec                    ( +-100,00% )
               728      page-faults               #    0,007 M/sec                    ( +-  0,07% )
       344.394.105      cycles                    #    3,486 GHz                      ( +-  1,93% )
       359.982.417      instructions              #    1,05  insn per cycle           ( +-  0,09% )
        29.864.511      branches                  #  302,255 M/sec                    ( +-  0,20% )
            89.128      branch-misses             #    0,30% of all branches          ( +-  2,53% )

          0,054478 +- 0,000998 seconds time elapsed  ( +-  1,83% )


 Performance counter stats for './mandelbrot_pth -0.188 -0.012 0.554 0.754 512 2' (10 runs):

            351,66 msec task-clock                #    1,800 CPUs utilized            ( +-  1,79% )
                 7      context-switches          #    0,019 K/sec                    ( +- 17,92% )
                 1      cpu-migrations            #    0,002 K/sec                    ( +- 40,82% )
             2.648      page-faults               #    0,008 M/sec                    ( +-  0,02% )
     1.226.331.472      cycles                    #    3,487 GHz                      ( +-  1,79% )
     1.434.187.858      instructions              #    1,17  insn per cycle           ( +-  0,00% )
       118.368.552      branches                  #  336,598 M/sec                    ( +-  0,01% )
           298.476      branch-misses             #    0,25% of all branches          ( +-  0,93% )

           0,19533 +- 0,00324 seconds time elapsed  ( +-  1,66% )


 Performance counter stats for './mandelbrot_pth -0.188 -0.012 0.554 0.754 1024 2' (10 runs):

          1.365,02 msec task-clock                #    1,806 CPUs utilized            ( +-  0,32% )
                16      context-switches          #    0,012 K/sec                    ( +- 10,46% )
                 2      cpu-migrations            #    0,001 K/sec                    ( +- 16,55% )
            10.328      page-faults               #    0,008 M/sec                    ( +-  0,01% )
     4.762.876.113      cycles                    #    3,489 GHz                      ( +-  0,32% )
     5.731.554.647      instructions              #    1,20  insn per cycle           ( +-  0,00% )
       472.547.598      branches                  #  346,183 M/sec                    ( +-  0,01% )
         1.106.931      branch-misses             #    0,23% of all branches          ( +-  0,14% )

           0,75593 +- 0,00251 seconds time elapsed  ( +-  0,33% )


 Performance counter stats for './mandelbrot_pth -0.188 -0.012 0.554 0.754 2048 2' (10 runs):

          5.440,14 msec task-clock                #    1,790 CPUs utilized            ( +-  1,03% )
                51      context-switches          #    0,009 K/sec                    ( +- 17,03% )
                 3      cpu-migrations            #    0,000 K/sec                    ( +- 13,58% )
            41.048      page-faults               #    0,008 M/sec                    ( +-  0,00% )
    18.899.707.379      cycles                    #    3,474 GHz                      ( +-  0,63% )
    22.921.988.821      instructions              #    1,21  insn per cycle           ( +-  0,01% )
     1.889.752.605      branches                  #  347,372 M/sec                    ( +-  0,04% )
         4.343.169      branch-misses             #    0,23% of all branches          ( +-  0,14% )

            3,0388 +- 0,0359 seconds time elapsed  ( +-  1,18% )


 Performance counter stats for './mandelbrot_pth -0.188 -0.012 0.554 0.754 4096 2' (10 runs):

         21.477,50 msec task-clock                #    1,792 CPUs utilized            ( +-  0,08% )
               157      context-switches          #    0,007 K/sec                    ( +-  6,41% )
                 6      cpu-migrations            #    0,000 K/sec                    ( +-  9,25% )
           163.928      page-faults               #    0,008 M/sec                    ( +-  0,00% )
    74.837.167.344      cycles                    #    3,484 GHz                      ( +-  0,02% )
    91.679.139.536      instructions              #    1,23  insn per cycle           ( +-  0,01% )
     7.557.323.142      branches                  #  351,872 M/sec                    ( +-  0,03% )
        17.065.102      branch-misses             #    0,23% of all branches          ( +-  0,07% )

           11,9845 +- 0,0189 seconds time elapsed  ( +-  0,16% )


 Performance counter stats for './mandelbrot_pth -0.188 -0.012 0.554 0.754 8192 2' (10 runs):

         87.534,70 msec task-clock                #    1,794 CPUs utilized            ( +-  0,07% )
             1.014      context-switches          #    0,012 K/sec                    ( +- 11,92% )
                14      cpu-migrations            #    0,000 K/sec                    ( +- 10,91% )
           655.447      page-faults               #    0,007 M/sec                    ( +-  0,00% )
   299.914.990.036      cycles                    #    3,426 GHz                      ( +-  0,03% )
   366.765.656.828      instructions              #    1,22  insn per cycle           ( +-  0,00% )
    30.239.202.746      branches                  #  345,454 M/sec                    ( +-  0,01% )
        68.245.407      branch-misses             #    0,23% of all branches          ( +-  0,08% )

           48,7923 +- 0,0406 seconds time elapsed  ( +-  0,08% )

