
 Performance counter stats for './mandelbrot_omp 0.175 0.375 -0.1 0.1 16' (10 runs):

              1,77 msec task-clock                #    1,288 CPUs utilized            ( +-  1,12% )
                57      context-switches          #    0,032 M/sec                    ( +-  2,52% )
                 8      cpu-migrations            #    0,005 M/sec                    ( +-  6,73% )
               112      page-faults               #    0,063 M/sec                    ( +-  0,18% )
         5.989.702      cycles                    #    3,382 GHz                      ( +-  0,85% )
         3.488.813      instructions              #    0,58  insn per cycle           ( +-  0,36% )
           617.618      branches                  #  348,771 M/sec                    ( +-  0,43% )
            20.586      branch-misses             #    3,33% of all branches          ( +-  1,50% )

         0,0013754 +- 0,0000238 seconds time elapsed  ( +-  1,73% )


 Performance counter stats for './mandelbrot_omp 0.175 0.375 -0.1 0.1 32' (10 runs):

              2,98 msec task-clock                #    1,392 CPUs utilized            ( +-  1,94% )
                59      context-switches          #    0,020 M/sec                    ( +-  2,60% )
                 6      cpu-migrations            #    0,002 M/sec                    ( +-  9,53% )
               122      page-faults               #    0,041 M/sec                    ( +-  0,28% )
        10.128.968      cycles                    #    3,404 GHz                      ( +-  1,74% )
         7.259.464      instructions              #    0,72  insn per cycle           ( +-  2,27% )
         1.095.227      branches                  #  368,085 M/sec                    ( +-  2,93% )
            23.304      branch-misses             #    2,13% of all branches          ( +-  2,99% )

          0,002138 +- 0,000381 seconds time elapsed  ( +- 17,84% )


 Performance counter stats for './mandelbrot_omp 0.175 0.375 -0.1 0.1 64' (10 runs):

              6,97 msec task-clock                #    1,179 CPUs utilized            ( +-  0,99% )
                61      context-switches          #    0,009 M/sec                    ( +-  4,69% )
                 6      cpu-migrations            #    0,933 K/sec                    ( +-  5,73% )
               150      page-faults               #    0,022 M/sec                    ( +-  0,14% )
        24.120.136      cycles                    #    3,462 GHz                      ( +-  0,97% )
        20.981.656      instructions              #    0,87  insn per cycle           ( +-  0,31% )
         2.751.510      branches                  #  394,972 M/sec                    ( +-  0,46% )
            26.272      branch-misses             #    0,95% of all branches          ( +-  2,10% )

           0,00591 +- 0,00138 seconds time elapsed  ( +- 23,39% )


 Performance counter stats for './mandelbrot_omp 0.175 0.375 -0.1 0.1 128' (10 runs):

             23,23 msec task-clock                #    2,803 CPUs utilized            ( +-  1,11% )
                59      context-switches          #    0,003 M/sec                    ( +-  3,72% )
                 8      cpu-migrations            #    0,331 K/sec                    ( +-  7,26% )
               271      page-faults               #    0,012 M/sec                    ( +-  0,13% )
        80.709.968      cycles                    #    3,474 GHz                      ( +-  1,07% )
        76.392.523      instructions              #    0,95  insn per cycle           ( +-  0,09% )
         9.488.185      branches                  #  408,456 M/sec                    ( +-  0,15% )
            39.758      branch-misses             #    0,42% of all branches          ( +-  1,36% )

          0,008287 +- 0,000258 seconds time elapsed  ( +-  3,11% )


 Performance counter stats for './mandelbrot_omp 0.175 0.375 -0.1 0.1 256' (10 runs):

             89,14 msec task-clock                #    3,011 CPUs utilized            ( +-  0,60% )
                93      context-switches          #    0,001 M/sec                    ( +- 25,64% )
                19      cpu-migrations            #    0,209 K/sec                    ( +- 23,30% )
               751      page-faults               #    0,008 M/sec                    ( +-  0,04% )
       310.306.079      cycles                    #    3,481 GHz                      ( +-  0,60% )
       298.429.372      instructions              #    0,96  insn per cycle           ( +-  0,08% )
        36.543.910      branches                  #  409,940 M/sec                    ( +-  0,15% )
            93.406      branch-misses             #    0,26% of all branches          ( +-  1,61% )

          0,029610 +- 0,000546 seconds time elapsed  ( +-  1,84% )


 Performance counter stats for './mandelbrot_omp 0.175 0.375 -0.1 0.1 512' (10 runs):

            355,90 msec task-clock                #    3,395 CPUs utilized            ( +-  0,27% )
               136      context-switches          #    0,381 K/sec                    ( +- 15,21% )
                24      cpu-migrations            #    0,068 K/sec                    ( +- 19,79% )
             2.671      page-faults               #    0,008 M/sec                    ( +-  0,01% )
     1.241.469.142      cycles                    #    3,488 GHz                      ( +-  0,26% )
     1.185.773.588      instructions              #    0,96  insn per cycle           ( +-  0,03% )
       144.685.429      branches                  #  406,531 M/sec                    ( +-  0,05% )
           291.133      branch-misses             #    0,20% of all branches          ( +-  0,65% )

          0,104831 +- 0,000975 seconds time elapsed  ( +-  0,93% )


 Performance counter stats for './mandelbrot_omp 0.175 0.375 -0.1 0.1 1024' (10 runs):

          1.515,03 msec task-clock                #    3,597 CPUs utilized            ( +-  0,16% )
               314      context-switches          #    0,207 K/sec                    ( +-  8,51% )
                35      cpu-migrations            #    0,023 K/sec                    ( +- 14,81% )
            10.351      page-faults               #    0,007 M/sec                    ( +-  0,00% )
     4.993.263.429      cycles                    #    3,296 GHz                      ( +-  0,12% )
     4.733.252.719      instructions              #    0,95  insn per cycle           ( +-  0,01% )
       576.861.517      branches                  #  380,759 M/sec                    ( +-  0,02% )
         1.040.681      branch-misses             #    0,18% of all branches          ( +-  0,26% )

           0,42117 +- 0,00181 seconds time elapsed  ( +-  0,43% )


 Performance counter stats for './mandelbrot_omp 0.175 0.375 -0.1 0.1 2048' (10 runs):

          6.061,35 msec task-clock                #    3,555 CPUs utilized            ( +-  0,21% )
               977      context-switches          #    0,161 K/sec                    ( +-  4,35% )
                87      cpu-migrations            #    0,014 K/sec                    ( +- 11,08% )
            41.071      page-faults               #    0,007 M/sec                    ( +-  0,00% )
    19.983.632.672      cycles                    #    3,297 GHz                      ( +-  0,21% )
    18.919.359.997      instructions              #    0,95  insn per cycle           ( +-  0,00% )
     2.304.577.130      branches                  #  380,208 M/sec                    ( +-  0,01% )
         4.029.417      branch-misses             #    0,17% of all branches          ( +-  0,25% )

           1,70493 +- 0,00923 seconds time elapsed  ( +-  0,54% )


 Performance counter stats for './mandelbrot_omp 0.175 0.375 -0.1 0.1 4096' (10 runs):

         24.126,27 msec task-clock                #    3,556 CPUs utilized            ( +-  0,24% )
             3.385      context-switches          #    0,140 K/sec                    ( +-  0,76% )
               206      cpu-migrations            #    0,009 K/sec                    ( +-  2,07% )
           163.951      page-faults               #    0,007 M/sec                    ( +-  0,00% )
    79.716.301.702      cycles                    #    3,304 GHz                      ( +-  0,11% )
    75.659.948.058      instructions              #    0,95  insn per cycle           ( +-  0,01% )
     9.216.066.964      branches                  #  381,993 M/sec                    ( +-  0,02% )
        15.803.174      branch-misses             #    0,17% of all branches          ( +-  0,17% )

            6,7848 +- 0,0520 seconds time elapsed  ( +-  0,77% )


 Performance counter stats for './mandelbrot_omp 0.175 0.375 -0.1 0.1 8192' (10 runs):

         96.814,46 msec task-clock                #    3,585 CPUs utilized            ( +-  0,06% )
            12.980      context-switches          #    0,134 K/sec                    ( +-  1,21% )
               720      cpu-migrations            #    0,007 K/sec                    ( +-  3,25% )
           655.471      page-faults               #    0,007 M/sec                    ( +-  0,00% )
   319.154.965.866      cycles                    #    3,297 GHz                      ( +-  0,03% )
   302.658.278.552      instructions              #    0,95  insn per cycle           ( +-  0,00% )
    36.871.161.758      branches                  #  380,844 M/sec                    ( +-  0,01% )
        61.903.088      branch-misses             #    0,17% of all branches          ( +-  0,07% )

           27,0077 +- 0,0874 seconds time elapsed  ( +-  0,32% )

