
 Performance counter stats for './mandelbrot_omp -0.188 -0.012 0.554 0.754 16' (10 runs):

              1,81 msec task-clock                #    0,975 CPUs utilized            ( +-  1,40% )
                55      context-switches          #    0,030 M/sec                    ( +-  1,29% )
                 7      cpu-migrations            #    0,004 M/sec                    ( +-  5,47% )
               112      page-faults               #    0,062 M/sec                    ( +-  0,28% )
         6.099.376      cycles                    #    3,361 GHz                      ( +-  1,01% )
         3.674.307      instructions              #    0,60  insn per cycle           ( +-  0,27% )
           639.081      branches                  #  352,160 M/sec                    ( +-  0,30% )
            19.928      branch-misses             #    3,12% of all branches          ( +-  1,44% )

          0,001861 +- 0,000405 seconds time elapsed  ( +- 21,76% )


 Performance counter stats for './mandelbrot_omp -0.188 -0.012 0.554 0.754 32' (10 runs):

              3,02 msec task-clock                #    1,830 CPUs utilized            ( +-  0,66% )
                58      context-switches          #    0,019 M/sec                    ( +-  4,68% )
                 7      cpu-migrations            #    0,002 M/sec                    ( +- 10,21% )
               122      page-faults               #    0,040 M/sec                    ( +-  0,25% )
        10.369.532      cycles                    #    3,431 GHz                      ( +-  0,60% )
         7.806.813      instructions              #    0,75  insn per cycle           ( +-  0,13% )
         1.139.912      branches                  #  377,132 M/sec                    ( +-  0,18% )
            21.554      branch-misses             #    1,89% of all branches          ( +-  1,96% )

         0,0016516 +- 0,0000479 seconds time elapsed  ( +-  2,90% )


 Performance counter stats for './mandelbrot_omp -0.188 -0.012 0.554 0.754 64' (10 runs):

              8,00 msec task-clock                #    2,279 CPUs utilized            ( +-  0,72% )
                61      context-switches          #    0,008 M/sec                    ( +-  4,57% )
                 6      cpu-migrations            #    0,788 K/sec                    ( +-  8,87% )
               150      page-faults               #    0,019 M/sec                    ( +-  0,23% )
        27.600.037      cycles                    #    3,451 GHz                      ( +-  0,62% )
        24.237.940      instructions              #    0,88  insn per cycle           ( +-  0,08% )
         3.125.394      branches                  #  390,804 M/sec                    ( +-  0,13% )
            26.008      branch-misses             #    0,83% of all branches          ( +-  1,33% )

         0,0035091 +- 0,0000902 seconds time elapsed  ( +-  2,57% )


 Performance counter stats for './mandelbrot_omp -0.188 -0.012 0.554 0.754 128' (10 runs):

             27,27 msec task-clock                #    2,705 CPUs utilized            ( +-  0,95% )
                62      context-switches          #    0,002 M/sec                    ( +-  2,29% )
                 9      cpu-migrations            #    0,323 K/sec                    ( +- 12,43% )
               271      page-faults               #    0,010 M/sec                    ( +-  0,14% )
        94.820.983      cycles                    #    3,477 GHz                      ( +-  0,98% )
        89.618.335      instructions              #    0,95  insn per cycle           ( +-  0,03% )
        11.014.596      branches                  #  403,875 M/sec                    ( +-  0,04% )
            41.500      branch-misses             #    0,38% of all branches          ( +-  1,13% )

          0,010083 +- 0,000322 seconds time elapsed  ( +-  3,19% )


 Performance counter stats for './mandelbrot_omp -0.188 -0.012 0.554 0.754 256' (10 runs):

            106,25 msec task-clock                #    3,293 CPUs utilized            ( +-  0,41% )
                82      context-switches          #    0,772 K/sec                    ( +- 10,30% )
                15      cpu-migrations            #    0,139 K/sec                    ( +- 13,62% )
               751      page-faults               #    0,007 M/sec                    ( +-  0,05% )
       369.947.270      cycles                    #    3,482 GHz                      ( +-  0,43% )
       351.570.584      instructions              #    0,95  insn per cycle           ( +-  0,05% )
        42.685.911      branches                  #  401,766 M/sec                    ( +-  0,08% )
           101.833      branch-misses             #    0,24% of all branches          ( +-  0,97% )

          0,032265 +- 0,000441 seconds time elapsed  ( +-  1,37% )


 Performance counter stats for './mandelbrot_omp -0.188 -0.012 0.554 0.754 512' (10 runs):

            432,09 msec task-clock                #    3,458 CPUs utilized            ( +-  0,71% )
               131      context-switches          #    0,304 K/sec                    ( +-  5,15% )
                19      cpu-migrations            #    0,044 K/sec                    ( +-  7,43% )
             2.672      page-faults               #    0,006 M/sec                    ( +-  0,01% )
     1.491.752.236      cycles                    #    3,452 GHz                      ( +-  0,19% )
     1.398.917.179      instructions              #    0,94  insn per cycle           ( +-  0,02% )
       169.304.209      branches                  #  391,829 M/sec                    ( +-  0,03% )
           326.949      branch-misses             #    0,19% of all branches          ( +-  0,63% )

           0,12495 +- 0,00372 seconds time elapsed  ( +-  2,98% )


 Performance counter stats for './mandelbrot_omp -0.188 -0.012 0.554 0.754 1024' (10 runs):

          1.822,35 msec task-clock                #    3,692 CPUs utilized            ( +-  0,31% )
               362      context-switches          #    0,198 K/sec                    ( +-  6,59% )
                42      cpu-migrations            #    0,023 K/sec                    ( +- 14,24% )
            10.351      page-faults               #    0,006 M/sec                    ( +-  0,00% )
     5.999.651.480      cycles                    #    3,292 GHz                      ( +-  0,29% )
     5.589.397.991      instructions              #    0,93  insn per cycle           ( +-  0,01% )
       676.019.642      branches                  #  370,960 M/sec                    ( +-  0,02% )
         1.200.586      branch-misses             #    0,18% of all branches          ( +-  0,20% )

           0,49364 +- 0,00172 seconds time elapsed  ( +-  0,35% )


 Performance counter stats for './mandelbrot_omp -0.188 -0.012 0.554 0.754 2048' (10 runs):

          7.226,58 msec task-clock                #    3,607 CPUs utilized            ( +-  0,36% )
             1.075      context-switches          #    0,149 K/sec                    ( +-  2,52% )
                75      cpu-migrations            #    0,010 K/sec                    ( +- 10,70% )
            41.071      page-faults               #    0,006 M/sec                    ( +-  0,00% )
    23.852.009.796      cycles                    #    3,301 GHz                      ( +-  0,06% )
    22.340.530.693      instructions              #    0,94  insn per cycle           ( +-  0,00% )
     2.700.199.498      branches                  #  373,648 M/sec                    ( +-  0,01% )
         4.669.679      branch-misses             #    0,17% of all branches          ( +-  0,11% )

            2,0033 +- 0,0261 seconds time elapsed  ( +-  1,30% )


 Performance counter stats for './mandelbrot_omp -0.188 -0.012 0.554 0.754 4096' (10 runs):

         28.979,21 msec task-clock                #    3,657 CPUs utilized            ( +-  0,09% )
             4.027      context-switches          #    0,139 K/sec                    ( +-  0,98% )
               222      cpu-migrations            #    0,008 K/sec                    ( +-  3,63% )
           163.951      page-faults               #    0,006 M/sec                    ( +-  0,00% )
    95.362.589.251      cycles                    #    3,291 GHz                      ( +-  0,09% )
    89.360.322.007      instructions              #    0,94  insn per cycle           ( +-  0,00% )
    10.800.684.442      branches                  #  372,705 M/sec                    ( +-  0,01% )
        18.405.179      branch-misses             #    0,17% of all branches          ( +-  0,11% )

            7,9248 +- 0,0207 seconds time elapsed  ( +-  0,26% )


 Performance counter stats for './mandelbrot_omp -0.188 -0.012 0.554 0.754 8192' (10 runs):

        116.179,85 msec task-clock                #    3,677 CPUs utilized            ( +-  0,06% )
            15.306      context-switches          #    0,132 K/sec                    ( +-  1,04% )
               698      cpu-migrations            #    0,006 K/sec                    ( +-  2,63% )
           655.471      page-faults               #    0,006 M/sec                    ( +-  0,00% )
   381.907.918.180      cycles                    #    3,287 GHz                      ( +-  0,05% )
   357.462.463.475      instructions              #    0,94  insn per cycle           ( +-  0,01% )
    43.211.659.710      branches                  #  371,938 M/sec                    ( +-  0,02% )
        73.063.223      branch-misses             #    0,17% of all branches          ( +-  0,07% )

           31,5963 +- 0,0370 seconds time elapsed  ( +-  0,12% )

