
 Performance counter stats for './mandelbrot_omp -0.188 -0.012 0.554 0.754 16' (10 runs):

              1,79 msec task-clock                #    1,456 CPUs utilized            ( +-  3,95% )
                55      context-switches          #    0,031 M/sec                    ( +-  4,52% )
                 5      cpu-migrations            #    0,003 M/sec                    ( +- 14,90% )
               109      page-faults               #    0,061 M/sec                    ( +-  0,25% )
         6.005.246      cycles                    #    3,359 GHz                      ( +-  3,46% )
         3.659.371      instructions              #    0,61  insn per cycle           ( +-  3,65% )
           635.484      branches                  #  355,419 M/sec                    ( +-  4,06% )
            18.133      branch-misses             #    2,85% of all branches          ( +-  4,63% )

         0,0012278 +- 0,0000658 seconds time elapsed  ( +-  5,36% )


 Performance counter stats for './mandelbrot_omp -0.188 -0.012 0.554 0.754 32' (10 runs):

              3,00 msec task-clock                #    1,642 CPUs utilized            ( +-  1,53% )
                58      context-switches          #    0,019 M/sec                    ( +-  1,92% )
                 8      cpu-migrations            #    0,003 M/sec                    ( +-  8,13% )
               119      page-faults               #    0,040 M/sec                    ( +-  0,23% )
        10.298.025      cycles                    #    3,434 GHz                      ( +-  1,55% )
         7.521.944      instructions              #    0,73  insn per cycle           ( +-  0,18% )
         1.083.984      branches                  #  361,463 M/sec                    ( +-  0,26% )
            19.249      branch-misses             #    1,78% of all branches          ( +-  2,07% )

          0,001826 +- 0,000101 seconds time elapsed  ( +-  5,54% )


 Performance counter stats for './mandelbrot_omp -0.188 -0.012 0.554 0.754 64' (10 runs):

              7,77 msec task-clock                #    1,875 CPUs utilized            ( +-  0,90% )
                62      context-switches          #    0,008 M/sec                    ( +-  4,81% )
                 7      cpu-migrations            #    0,875 K/sec                    ( +- 11,97% )
               148      page-faults               #    0,019 M/sec                    ( +-  0,20% )
        26.929.430      cycles                    #    3,467 GHz                      ( +-  0,89% )
        23.429.702      instructions              #    0,87  insn per cycle           ( +-  0,11% )
         2.966.372      branches                  #  381,902 M/sec                    ( +-  0,19% )
            24.498      branch-misses             #    0,83% of all branches          ( +-  1,40% )

          0,004143 +- 0,000335 seconds time elapsed  ( +-  8,08% )


 Performance counter stats for './mandelbrot_omp -0.188 -0.012 0.554 0.754 128' (10 runs):

             27,58 msec task-clock                #    2,817 CPUs utilized            ( +-  0,66% )
                70      context-switches          #    0,003 M/sec                    ( +-  5,29% )
                 9      cpu-migrations            #    0,330 K/sec                    ( +-  7,59% )
               269      page-faults               #    0,010 M/sec                    ( +-  0,14% )
        93.309.174      cycles                    #    3,383 GHz                      ( +-  0,65% )
        86.684.672      instructions              #    0,93  insn per cycle           ( +-  0,03% )
        10.434.637      branches                  #  378,320 M/sec                    ( +-  0,06% )
            41.138      branch-misses             #    0,39% of all branches          ( +-  1,24% )

          0,009792 +- 0,000300 seconds time elapsed  ( +-  3,06% )


 Performance counter stats for './mandelbrot_omp -0.188 -0.012 0.554 0.754 256' (10 runs):

            112,38 msec task-clock                #    3,276 CPUs utilized            ( +-  0,87% )
               154      context-switches          #    0,001 M/sec                    ( +- 15,79% )
                20      cpu-migrations            #    0,178 K/sec                    ( +- 20,17% )
               749      page-faults               #    0,007 M/sec                    ( +-  0,05% )
       364.534.348      cycles                    #    3,244 GHz                      ( +-  0,54% )
       340.353.357      instructions              #    0,93  insn per cycle           ( +-  0,08% )
        40.479.138      branches                  #  360,185 M/sec                    ( +-  0,15% )
           103.835      branch-misses             #    0,26% of all branches          ( +-  1,33% )

          0,034305 +- 0,000731 seconds time elapsed  ( +-  2,13% )


 Performance counter stats for './mandelbrot_omp -0.188 -0.012 0.554 0.754 512' (10 runs):

            456,66 msec task-clock                #    3,530 CPUs utilized            ( +-  0,35% )
               290      context-switches          #    0,635 K/sec                    ( +- 12,42% )
                27      cpu-migrations            #    0,060 K/sec                    ( +- 25,99% )
             2.668      page-faults               #    0,006 M/sec                    ( +-  0,01% )
     1.459.121.238      cycles                    #    3,195 GHz                      ( +-  0,25% )
     1.353.433.331      instructions              #    0,93  insn per cycle           ( +-  0,03% )
       160.306.898      branches                  #  351,041 M/sec                    ( +-  0,06% )
           338.107      branch-misses             #    0,21% of all branches          ( +-  0,61% )

           0,12936 +- 0,00161 seconds time elapsed  ( +-  1,25% )


 Performance counter stats for './mandelbrot_omp -0.188 -0.012 0.554 0.754 1024' (10 runs):

          1.832,84 msec task-clock                #    3,689 CPUs utilized            ( +-  0,17% )
               866      context-switches          #    0,472 K/sec                    ( +-  3,94% )
                54      cpu-migrations            #    0,029 K/sec                    ( +- 13,87% )
            10.348      page-faults               #    0,006 M/sec                    ( +-  0,00% )
     5.858.582.812      cycles                    #    3,196 GHz                      ( +-  0,08% )
     5.407.742.096      instructions              #    0,92  insn per cycle           ( +-  0,01% )
       640.023.205      branches                  #  349,197 M/sec                    ( +-  0,02% )
         1.273.222      branch-misses             #    0,20% of all branches          ( +-  0,29% )

           0,49678 +- 0,00247 seconds time elapsed  ( +-  0,50% )


 Performance counter stats for './mandelbrot_omp -0.188 -0.012 0.554 0.754 2048' (10 runs):

          7.320,40 msec task-clock                #    3,729 CPUs utilized            ( +-  0,12% )
             2.752      context-switches          #    0,376 K/sec                    ( +-  2,59% )
               125      cpu-migrations            #    0,017 K/sec                    ( +-  3,98% )
            41.068      page-faults               #    0,006 M/sec                    ( +-  0,00% )
    23.412.695.579      cycles                    #    3,198 GHz                      ( +-  0,08% )
    21.618.832.106      instructions              #    0,92  insn per cycle           ( +-  0,00% )
     2.557.338.503      branches                  #  349,344 M/sec                    ( +-  0,00% )
         4.946.620      branch-misses             #    0,19% of all branches          ( +-  0,09% )

           1,96320 +- 0,00722 seconds time elapsed  ( +-  0,37% )


 Performance counter stats for './mandelbrot_omp -0.188 -0.012 0.554 0.754 4096' (10 runs):

         29.382,94 msec task-clock                #    3,758 CPUs utilized            ( +-  0,20% )
            10.315      context-switches          #    0,351 K/sec                    ( +-  1,70% )
               444      cpu-migrations            #    0,015 K/sec                    ( +-  3,62% )
           163.948      page-faults               #    0,006 M/sec                    ( +-  0,00% )
    93.875.426.131      cycles                    #    3,195 GHz                      ( +-  0,20% )
    86.468.011.515      instructions              #    0,92  insn per cycle           ( +-  0,01% )
    10.228.047.267      branches                  #  348,095 M/sec                    ( +-  0,02% )
        19.625.443      branch-misses             #    0,19% of all branches          ( +-  0,12% )

            7,8188 +- 0,0260 seconds time elapsed  ( +-  0,33% )


 Performance counter stats for './mandelbrot_omp -0.188 -0.012 0.554 0.754 8192' (10 runs):

        116.812,70 msec task-clock                #    3,793 CPUs utilized            ( +-  0,12% )
            36.627      context-switches          #    0,314 K/sec                    ( +-  2,69% )
             1.489      cpu-migrations            #    0,013 K/sec                    ( +-  3,35% )
           655.469      page-faults               #    0,006 M/sec                    ( +-  0,00% )
   375.292.858.940      cycles                    #    3,213 GHz                      ( +-  0,07% )
   345.854.286.723      instructions              #    0,92  insn per cycle           ( +-  0,00% )
    40.907.855.720      branches                  #  350,200 M/sec                    ( +-  0,01% )
        76.773.422      branch-misses             #    0,19% of all branches          ( +-  0,25% )

            30,800 +- 0,180 seconds time elapsed  ( +-  0,58% )

