
 Performance counter stats for './mandelbrot_omp -2.5 1.5 -2.0 2.0 16' (10 runs):

              1,15 msec task-clock                #    1,091 CPUs utilized            ( +-  1,85% )
                35      context-switches          #    0,030 M/sec                    ( +-  2,58% )
                 6      cpu-migrations            #    0,006 M/sec                    ( +- 14,91% )
               102      page-faults               #    0,088 M/sec                    ( +-  0,26% )
         3.897.353      cycles                    #    3,380 GHz                      ( +-  1,86% )
         2.128.717      instructions              #    0,55  insn per cycle           ( +-  0,39% )
           416.439      branches                  #  361,111 M/sec                    ( +-  0,42% )
            16.308      branch-misses             #    3,92% of all branches          ( +-  1,48% )

         0,0010573 +- 0,0000513 seconds time elapsed  ( +-  4,85% )


 Performance counter stats for './mandelbrot_omp -2.5 1.5 -2.0 2.0 32' (10 runs):

              1,38 msec task-clock                #    1,143 CPUs utilized            ( +-  1,65% )
                36      context-switches          #    0,026 M/sec                    ( +-  3,97% )
                 7      cpu-migrations            #    0,005 M/sec                    ( +-  9,96% )
               109      page-faults               #    0,079 M/sec                    ( +-  0,31% )
         4.679.775      cycles                    #    3,397 GHz                      ( +-  1,68% )
         2.913.127      instructions              #    0,62  insn per cycle           ( +-  0,45% )
           518.829      branches                  #  376,621 M/sec                    ( +-  0,53% )
            17.312      branch-misses             #    3,34% of all branches          ( +-  1,28% )

          0,001205 +- 0,000114 seconds time elapsed  ( +-  9,43% )


 Performance counter stats for './mandelbrot_omp -2.5 1.5 -2.0 2.0 64' (10 runs):

              2,23 msec task-clock                #    0,919 CPUs utilized            ( +-  1,94% )
                37      context-switches          #    0,017 M/sec                    ( +-  4,75% )
                 6      cpu-migrations            #    0,003 M/sec                    ( +- 13,71% )
               138      page-faults               #    0,062 M/sec                    ( +-  0,31% )
         7.656.020      cycles                    #    3,427 GHz                      ( +-  1,93% )
         5.886.385      instructions              #    0,77  insn per cycle           ( +-  0,27% )
           900.185      branches                  #  402,918 M/sec                    ( +-  0,36% )
            19.585      branch-misses             #    2,18% of all branches          ( +-  2,60% )

          0,002432 +- 0,000758 seconds time elapsed  ( +- 31,15% )


 Performance counter stats for './mandelbrot_omp -2.5 1.5 -2.0 2.0 128' (10 runs):

              5,44 msec task-clock                #    1,596 CPUs utilized            ( +-  1,70% )
                41      context-switches          #    0,008 M/sec                    ( +-  6,38% )
                 7      cpu-migrations            #    0,001 M/sec                    ( +- 11,78% )
               258      page-faults               #    0,047 M/sec                    ( +-  0,12% )
        18.845.541      cycles                    #    3,464 GHz                      ( +-  1,69% )
        17.618.045      instructions              #    0,93  insn per cycle           ( +-  0,13% )
         2.406.801      branches                  #  442,441 M/sec                    ( +-  0,20% )
            23.696      branch-misses             #    0,98% of all branches          ( +-  1,14% )

          0,003409 +- 0,000271 seconds time elapsed  ( +-  7,95% )


 Performance counter stats for './mandelbrot_omp -2.5 1.5 -2.0 2.0 256' (10 runs):

             17,55 msec task-clock                #    1,924 CPUs utilized            ( +-  1,43% )
                45      context-switches          #    0,003 M/sec                    ( +- 12,16% )
                 8      cpu-migrations            #    0,479 K/sec                    ( +- 12,45% )
               738      page-faults               #    0,042 M/sec                    ( +-  0,04% )
        61.083.422      cycles                    #    3,481 GHz                      ( +-  1,41% )
        65.016.475      instructions              #    1,06  insn per cycle           ( +-  0,11% )
         8.531.407      branches                  #  486,237 M/sec                    ( +-  0,18% )
            40.846      branch-misses             #    0,48% of all branches          ( +-  2,46% )

           0,00912 +- 0,00118 seconds time elapsed  ( +- 12,90% )


 Performance counter stats for './mandelbrot_omp -2.5 1.5 -2.0 2.0 512' (10 runs):

             68,91 msec task-clock                #    2,275 CPUs utilized            ( +-  1,66% )
                90      context-switches          #    0,001 M/sec                    ( +- 21,34% )
                14      cpu-migrations            #    0,199 K/sec                    ( +- 16,89% )
             2.659      page-faults               #    0,039 M/sec                    ( +-  0,01% )
       240.016.284      cycles                    #    3,483 GHz                      ( +-  1,65% )
       254.584.911      instructions              #    1,06  insn per cycle           ( +-  0,10% )
        33.078.062      branches                  #  480,009 M/sec                    ( +-  0,17% )
           105.327      branch-misses             #    0,32% of all branches          ( +-  2,50% )

          0,030290 +- 0,000884 seconds time elapsed  ( +-  2,92% )


 Performance counter stats for './mandelbrot_omp -2.5 1.5 -2.0 2.0 1024' (10 runs):

            281,05 msec task-clock                #    2,413 CPUs utilized            ( +-  0,77% )
               204      context-switches          #    0,724 K/sec                    ( +-  8,21% )
                36      cpu-migrations            #    0,127 K/sec                    ( +- 15,74% )
            10.339      page-faults               #    0,037 M/sec                    ( +-  0,00% )
       917.170.503      cycles                    #    3,263 GHz                      ( +-  0,84% )
     1.012.766.351      instructions              #    1,10  insn per cycle           ( +-  0,03% )
       131.133.001      branches                  #  466,576 M/sec                    ( +-  0,05% )
           347.282      branch-misses             #    0,26% of all branches          ( +-  1,21% )

           0,11648 +- 0,00174 seconds time elapsed  ( +-  1,50% )


 Performance counter stats for './mandelbrot_omp -2.5 1.5 -2.0 2.0 2048' (10 runs):

          1.115,93 msec task-clock                #    2,476 CPUs utilized            ( +-  0,30% )
               651      context-switches          #    0,583 K/sec                    ( +-  3,29% )
                91      cpu-migrations            #    0,082 K/sec                    ( +-  7,87% )
            41.058      page-faults               #    0,037 M/sec                    ( +-  0,00% )
     3.625.563.176      cycles                    #    3,249 GHz                      ( +-  0,29% )
     4.044.604.958      instructions              #    1,12  insn per cycle           ( +-  0,02% )
       523.185.391      branches                  #  468,834 M/sec                    ( +-  0,03% )
         1.263.346      branch-misses             #    0,24% of all branches          ( +-  0,78% )

           0,45072 +- 0,00245 seconds time elapsed  ( +-  0,54% )


 Performance counter stats for './mandelbrot_omp -2.5 1.5 -2.0 2.0 4096' (10 runs):

          4.471,96 msec task-clock                #    2,523 CPUs utilized            ( +-  0,21% )
             2.595      context-switches          #    0,580 K/sec                    ( +-  2,52% )
               360      cpu-migrations            #    0,080 K/sec                    ( +-  4,84% )
           163.938      page-faults               #    0,037 M/sec                    ( +-  0,00% )
    14.411.718.967      cycles                    #    3,223 GHz                      ( +-  0,15% )
    16.174.587.628      instructions              #    1,12  insn per cycle           ( +-  0,01% )
     2.091.611.413      branches                  #  467,717 M/sec                    ( +-  0,01% )
         4.754.453      branch-misses             #    0,23% of all branches          ( +-  0,78% )

           1,77260 +- 0,00471 seconds time elapsed  ( +-  0,27% )


 Performance counter stats for './mandelbrot_omp -2.5 1.5 -2.0 2.0 8192' (10 runs):

         17.843,06 msec task-clock                #    2,585 CPUs utilized            ( +-  0,22% )
             8.609      context-switches          #    0,482 K/sec                    ( +-  2,80% )
             1.127      cpu-migrations            #    0,063 K/sec                    ( +-  2,02% )
           655.459      page-faults               #    0,037 M/sec                    ( +-  0,00% )
    57.639.164.339      cycles                    #    3,230 GHz                      ( +-  0,14% )
    64.680.438.808      instructions              #    1,12  insn per cycle           ( +-  0,01% )
     8.362.336.995      branches                  #  468,660 M/sec                    ( +-  0,01% )
        16.764.707      branch-misses             #    0,20% of all branches          ( +-  0,35% )

            6,9036 +- 0,0640 seconds time elapsed  ( +-  0,93% )

