
 Performance counter stats for './mandelbrot_pth 0.175 0.375 -0.1 0.1 16 2' (10 runs):

              0,80 msec task-clock                #    1,013 CPUs utilized            ( +-  1,63% )
                 2      context-switches          #    0,003 M/sec                    ( +-  6,06% )
                 0      cpu-migrations            #    0,251 K/sec                    ( +-100,00% )
                86      page-faults               #    0,108 M/sec                    ( +-  0,35% )
         2.735.539      cycles                    #    3,434 GHz                      ( +-  1,38% )
         2.431.723      instructions              #    0,89  insn per cycle           ( +-  0,28% )
           344.977      branches                  #  432,999 M/sec                    ( +-  0,37% )
            12.034      branch-misses             #    3,49% of all branches          ( +-  1,18% )

         0,0007868 +- 0,0000210 seconds time elapsed  ( +-  2,67% )


 Performance counter stats for './mandelbrot_pth 0.175 0.375 -0.1 0.1 32 2' (10 runs):

              1,66 msec task-clock                #    1,251 CPUs utilized            ( +-  1,97% )
                 2      context-switches          #    0,001 M/sec                    ( +-  4,76% )
                 0      cpu-migrations            #    0,000 K/sec                  
                94      page-faults               #    0,057 M/sec                    ( +-  0,58% )
         5.667.350      cycles                    #    3,423 GHz                      ( +-  2,02% )
         5.875.084      instructions              #    1,04  insn per cycle           ( +-  0,15% )
           617.799      branches                  #  373,160 M/sec                    ( +-  0,26% )
            13.242      branch-misses             #    2,14% of all branches          ( +-  1,09% )

         0,0013229 +- 0,0000646 seconds time elapsed  ( +-  4,88% )


 Performance counter stats for './mandelbrot_pth 0.175 0.375 -0.1 0.1 64 2' (10 runs):

              5,43 msec task-clock                #    1,680 CPUs utilized            ( +-  2,73% )
                 2      context-switches          #    0,387 K/sec                    ( +-  4,76% )
                 0      cpu-migrations            #    0,018 K/sec                    ( +-100,00% )
               125      page-faults               #    0,023 M/sec                    ( +-  0,46% )
        18.900.044      cycles                    #    3,480 GHz                      ( +-  2,70% )
        19.579.080      instructions              #    1,04  insn per cycle           ( +-  0,03% )
         1.708.180      branches                  #  314,554 M/sec                    ( +-  0,07% )
            16.917      branch-misses             #    0,99% of all branches          ( +-  0,84% )

         0,0032323 +- 0,0000834 seconds time elapsed  ( +-  2,58% )


 Performance counter stats for './mandelbrot_pth 0.175 0.375 -0.1 0.1 128 2' (10 runs):

             20,10 msec task-clock                #    1,861 CPUs utilized            ( +-  3,06% )
                 2      context-switches          #    0,119 K/sec                    ( +- 15,47% )
                 0      cpu-migrations            #    0,010 K/sec                    ( +- 66,67% )
               244      page-faults               #    0,012 M/sec                    ( +-  0,28% )
        69.912.161      cycles                    #    3,478 GHz                      ( +-  3,02% )
        74.374.439      instructions              #    1,06  insn per cycle           ( +-  0,18% )
         6.070.507      branches                  #  302,024 M/sec                    ( +-  0,43% )
            29.015      branch-misses             #    0,48% of all branches          ( +-  2,45% )

          0,010802 +- 0,000314 seconds time elapsed  ( +-  2,90% )


 Performance counter stats for './mandelbrot_pth 0.175 0.375 -0.1 0.1 256 2' (10 runs):

             79,63 msec task-clock                #    1,921 CPUs utilized            ( +-  2,80% )
                 3      context-switches          #    0,034 K/sec                    ( +- 18,35% )
                 0      cpu-migrations            #    0,001 K/sec                    ( +-100,00% )
               725      page-faults               #    0,009 M/sec                    ( +-  0,08% )
       277.639.988      cycles                    #    3,487 GHz                      ( +-  2,82% )
       292.849.574      instructions              #    1,05  insn per cycle           ( +-  0,01% )
        23.395.705      branches                  #  293,809 M/sec                    ( +-  0,01% )
            71.412      branch-misses             #    0,31% of all branches          ( +-  0,27% )

           0,04145 +- 0,00111 seconds time elapsed  ( +-  2,68% )


 Performance counter stats for './mandelbrot_pth 0.175 0.375 -0.1 0.1 512 2' (10 runs):

            294,45 msec task-clock                #    1,933 CPUs utilized            ( +-  0,98% )
                 9      context-switches          #    0,031 K/sec                    ( +-  7,76% )
                 1      cpu-migrations            #    0,005 K/sec                    ( +- 15,79% )
             2.645      page-faults               #    0,009 M/sec                    ( +-  0,01% )
     1.027.420.889      cycles                    #    3,489 GHz                      ( +-  0,98% )
     1.166.308.479      instructions              #    1,14  insn per cycle           ( +-  0,00% )
        92.727.455      branches                  #  314,919 M/sec                    ( +-  0,00% )
           240.999      branch-misses             #    0,26% of all branches          ( +-  0,07% )

           0,15235 +- 0,00147 seconds time elapsed  ( +-  0,96% )


 Performance counter stats for './mandelbrot_pth 0.175 0.375 -0.1 0.1 1024 2' (10 runs):

          1.108,90 msec task-clock                #    1,934 CPUs utilized            ( +-  0,27% )
                27      context-switches          #    0,024 K/sec                    ( +- 17,44% )
                 1      cpu-migrations            #    0,001 K/sec                    ( +- 11,66% )
            10.325      page-faults               #    0,009 M/sec                    ( +-  0,01% )
     3.870.857.472      cycles                    #    3,491 GHz                      ( +-  0,27% )
     4.659.212.244      instructions              #    1,20  insn per cycle           ( +-  0,00% )
       369.960.476      branches                  #  333,627 M/sec                    ( +-  0,00% )
           902.432      branch-misses             #    0,24% of all branches          ( +-  0,10% )

           0,57350 +- 0,00165 seconds time elapsed  ( +-  0,29% )


 Performance counter stats for './mandelbrot_pth 0.175 0.375 -0.1 0.1 2048 2' (10 runs):

          4.461,51 msec task-clock                #    1,937 CPUs utilized            ( +-  0,42% )
                72      context-switches          #    0,016 K/sec                    ( +- 23,96% )
                 3      cpu-migrations            #    0,001 K/sec                    ( +- 13,88% )
            41.045      page-faults               #    0,009 M/sec                    ( +-  0,00% )
    15.333.017.013      cycles                    #    3,437 GHz                      ( +-  0,05% )
    18.628.420.585      instructions              #    1,21  insn per cycle           ( +-  0,00% )
     1.478.663.922      branches                  #  331,427 M/sec                    ( +-  0,00% )
         3.516.784      branch-misses             #    0,24% of all branches          ( +-  0,07% )

           2,30352 +- 0,00929 seconds time elapsed  ( +-  0,40% )


 Performance counter stats for './mandelbrot_pth 0.175 0.375 -0.1 0.1 4096 2' (10 runs):

         17.989,00 msec task-clock                #    1,938 CPUs utilized            ( +-  0,23% )
               309      context-switches          #    0,017 K/sec                    ( +- 15,66% )
                 6      cpu-migrations            #    0,000 K/sec                    ( +- 15,34% )
           163.925      page-faults               #    0,009 M/sec                    ( +-  0,00% )
    61.177.990.017      cycles                    #    3,401 GHz                      ( +-  0,04% )
    74.504.942.475      instructions              #    1,22  insn per cycle           ( +-  0,00% )
     5.914.407.107      branches                  #  328,779 M/sec                    ( +-  0,01% )
        13.838.045      branch-misses             #    0,23% of all branches          ( +-  0,04% )

            9,2816 +- 0,0227 seconds time elapsed  ( +-  0,24% )


 Performance counter stats for './mandelbrot_pth 0.175 0.375 -0.1 0.1 8192 2' (10 runs):

         71.871,13 msec task-clock                #    1,939 CPUs utilized            ( +-  0,20% )
             1.219      context-switches          #    0,017 K/sec                    ( +-  8,14% )
                21      cpu-migrations            #    0,000 K/sec                    ( +-  8,28% )
           655.445      page-faults               #    0,009 M/sec                    ( +-  0,00% )
   244.463.438.955      cycles                    #    3,401 GHz                      ( +-  0,06% )
   298.024.292.416      instructions              #    1,22  insn per cycle           ( +-  0,00% )
    23.661.934.576      branches                  #  329,227 M/sec                    ( +-  0,01% )
        54.809.008      branch-misses             #    0,23% of all branches          ( +-  0,11% )

           37,0606 +- 0,0730 seconds time elapsed  ( +-  0,20% )

