
 Performance counter stats for './mandelbrot_pth -0.188 -0.012 0.554 0.754 16 2' (10 runs):

              0,85 msec task-clock                #    1,071 CPUs utilized            ( +-  2,33% )
                 2      context-switches          #    0,002 M/sec                    ( +-  4,76% )
                 0      cpu-migrations            #    0,000 K/sec                  
                87      page-faults               #    0,103 M/sec                    ( +-  0,49% )
         2.918.632      cycles                    #    3,452 GHz                      ( +-  2,34% )
         2.673.422      instructions              #    0,92  insn per cycle           ( +-  1,91% )
           368.871      branches                  #  436,322 M/sec                    ( +-  2,64% )
            12.392      branch-misses             #    3,36% of all branches          ( +-  2,91% )

         0,0007894 +- 0,0000129 seconds time elapsed  ( +-  1,63% )


 Performance counter stats for './mandelbrot_pth -0.188 -0.012 0.554 0.754 32 2' (10 runs):

              1,92 msec task-clock                #    1,401 CPUs utilized            ( +-  3,41% )
                 1      context-switches          #    0,626 K/sec                    ( +- 11,11% )
                 0      cpu-migrations            #    0,052 K/sec                    ( +-100,00% )
                95      page-faults               #    0,049 M/sec                    ( +-  0,58% )
         6.620.180      cycles                    #    3,454 GHz                      ( +-  3,45% )
         6.858.037      instructions              #    1,04  insn per cycle           ( +-  2,53% )
           711.271      branches                  #  371,109 M/sec                    ( +-  4,72% )
            14.033      branch-misses             #    1,97% of all branches          ( +-  5,74% )

         0,0013684 +- 0,0000592 seconds time elapsed  ( +-  4,33% )


 Performance counter stats for './mandelbrot_pth -0.188 -0.012 0.554 0.754 64 2' (10 runs):

              6,05 msec task-clock                #    1,631 CPUs utilized            ( +-  2,42% )
                 2      context-switches          #    0,264 K/sec                    ( +- 19,09% )
                 0      cpu-migrations            #    0,033 K/sec                    ( +- 66,67% )
               125      page-faults               #    0,021 M/sec                    ( +-  0,34% )
        21.063.845      cycles                    #    3,480 GHz                      ( +-  2,45% )
        23.017.584      instructions              #    1,09  insn per cycle           ( +-  0,06% )
         1.963.422      branches                  #  324,388 M/sec                    ( +-  0,13% )
            17.387      branch-misses             #    0,89% of all branches          ( +-  1,11% )

          0,003711 +- 0,000103 seconds time elapsed  ( +-  2,77% )


 Performance counter stats for './mandelbrot_pth -0.188 -0.012 0.554 0.754 128 2' (10 runs):

             23,66 msec task-clock                #    1,801 CPUs utilized            ( +-  2,80% )
                 1      context-switches          #    0,046 K/sec                    ( +-  9,09% )
                 0      cpu-migrations            #    0,004 K/sec                    ( +-100,00% )
               243      page-faults               #    0,010 M/sec                    ( +-  0,19% )
        82.412.840      cycles                    #    3,483 GHz                      ( +-  2,81% )
        88.014.217      instructions              #    1,07  insn per cycle           ( +-  0,02% )
         7.066.988      branches                  #  298,667 M/sec                    ( +-  0,05% )
            30.255      branch-misses             #    0,43% of all branches          ( +-  0,53% )

          0,013137 +- 0,000326 seconds time elapsed  ( +-  2,49% )


 Performance counter stats for './mandelbrot_pth -0.188 -0.012 0.554 0.754 256 2' (10 runs):

             97,75 msec task-clock                #    1,847 CPUs utilized            ( +-  1,68% )
                 3      context-switches          #    0,029 K/sec                    ( +- 17,50% )
                 0      cpu-migrations            #    0,002 K/sec                    ( +-100,00% )
               726      page-faults               #    0,007 M/sec                    ( +-  0,05% )
       340.891.347      cycles                    #    3,487 GHz                      ( +-  1,69% )
       348.014.904      instructions              #    1,02  insn per cycle           ( +-  0,01% )
        27.492.271      branches                  #  281,237 M/sec                    ( +-  0,01% )
            81.135      branch-misses             #    0,30% of all branches          ( +-  0,22% )

          0,052920 +- 0,000818 seconds time elapsed  ( +-  1,54% )


 Performance counter stats for './mandelbrot_pth -0.188 -0.012 0.554 0.754 512 2' (10 runs):

            346,45 msec task-clock                #    1,836 CPUs utilized            ( +-  0,99% )
                11      context-switches          #    0,031 K/sec                    ( +-  9,93% )
                 1      cpu-migrations            #    0,003 K/sec                    ( +- 20,79% )
             2.644      page-faults               #    0,008 M/sec                    ( +-  0,01% )
     1.209.078.329      cycles                    #    3,490 GHz                      ( +-  0,98% )
     1.387.843.905      instructions              #    1,15  insn per cycle           ( +-  0,00% )
       109.176.431      branches                  #  315,125 M/sec                    ( +-  0,00% )
           281.891      branch-misses             #    0,26% of all branches          ( +-  0,10% )

           0,18867 +- 0,00169 seconds time elapsed  ( +-  0,90% )


 Performance counter stats for './mandelbrot_pth -0.188 -0.012 0.554 0.754 1024 2' (10 runs):

          1.332,11 msec task-clock                #    1,838 CPUs utilized            ( +-  0,19% )
                23      context-switches          #    0,017 K/sec                    ( +- 20,66% )
                 2      cpu-migrations            #    0,001 K/sec                    ( +- 12,28% )
            10.324      page-faults               #    0,008 M/sec                    ( +-  0,00% )
     4.650.215.572      cycles                    #    3,491 GHz                      ( +-  0,20% )
     5.546.301.686      instructions              #    1,19  insn per cycle           ( +-  0,00% )
       435.799.666      branches                  #  327,149 M/sec                    ( +-  0,00% )
         1.067.841      branch-misses             #    0,25% of all branches          ( +-  0,12% )

           0,72466 +- 0,00167 seconds time elapsed  ( +-  0,23% )


 Performance counter stats for './mandelbrot_pth -0.188 -0.012 0.554 0.754 2048 2' (10 runs):

          5.300,84 msec task-clock                #    1,840 CPUs utilized            ( +-  0,16% )
                48      context-switches          #    0,009 K/sec                    ( +- 21,91% )
                 3      cpu-migrations            #    0,001 K/sec                    ( +-  9,08% )
            41.045      page-faults               #    0,008 M/sec                    ( +-  0,00% )
    18.347.830.013      cycles                    #    3,461 GHz                      ( +-  0,03% )
    22.183.167.945      instructions              #    1,21  insn per cycle           ( +-  0,01% )
     1.743.078.347      branches                  #  328,830 M/sec                    ( +-  0,04% )
         4.180.494      branch-misses             #    0,24% of all branches          ( +-  0,06% )

           2,88110 +- 0,00476 seconds time elapsed  ( +-  0,17% )


 Performance counter stats for './mandelbrot_pth -0.188 -0.012 0.554 0.754 4096 2' (10 runs):

         21.343,42 msec task-clock                #    1,840 CPUs utilized            ( +-  0,16% )
               319      context-switches          #    0,015 K/sec                    ( +- 17,68% )
                 7      cpu-migrations            #    0,000 K/sec                    ( +-  6,43% )
           163.926      page-faults               #    0,008 M/sec                    ( +-  0,00% )
    73.363.968.241      cycles                    #    3,437 GHz                      ( +-  0,04% )
    88.729.010.545      instructions              #    1,21  insn per cycle           ( +-  0,01% )
     6.971.432.024      branches                  #  326,631 M/sec                    ( +-  0,02% )
        16.527.101      branch-misses             #    0,24% of all branches          ( +-  0,08% )

           11,5974 +- 0,0188 seconds time elapsed  ( +-  0,16% )


 Performance counter stats for './mandelbrot_pth -0.188 -0.012 0.554 0.754 8192 2' (10 runs):

         85.086,31 msec task-clock                #    1,842 CPUs utilized            ( +-  0,28% )
             1.031      context-switches          #    0,012 K/sec                    ( +- 14,31% )
                24      cpu-migrations            #    0,000 K/sec                    ( +-  6,86% )
           655.444      page-faults               #    0,008 M/sec                    ( +-  0,00% )
   292.863.154.336      cycles                    #    3,442 GHz                      ( +-  0,06% )
   354.918.120.229      instructions              #    1,21  insn per cycle           ( +-  0,00% )
    27.886.788.145      branches                  #  327,747 M/sec                    ( +-  0,01% )
        65.404.922      branch-misses             #    0,23% of all branches          ( +-  0,09% )

            46,188 +- 0,124 seconds time elapsed  ( +-  0,27% )

