
 Performance counter stats for './mandelbrot_omp 0.175 0.375 -0.1 0.1 16' (10 runs):

              2,20 msec task-clock                #    1,048 CPUs utilized            ( +- 51,06% )
                 0      context-switches          #    0,091 K/sec                    ( +-100,00% )
                 0      cpu-migrations            #    0,000 K/sec                  
                89      page-faults               #    0,040 M/sec                    ( +-  0,20% )
         7.658.512      cycles                    #    3,483 GHz                      ( +- 51,17% )
         2.946.420      instructions              #    0,38  insn per cycle           ( +- 10,58% )
           512.785      branches                  #  233,219 M/sec                    ( +- 14,80% )
            14.374      branch-misses             #    2,80% of all branches          ( +-  7,10% )

           0,00210 +- 0,00113 seconds time elapsed  ( +- 53,94% )


 Performance counter stats for './mandelbrot_omp 0.175 0.375 -0.1 0.1 32' (10 runs):

              3,98 msec task-clock                #    1,164 CPUs utilized            ( +- 23,58% )
                 1      context-switches          #    0,201 K/sec                    ( +- 31,18% )
                 0      cpu-migrations            #    0,000 K/sec                  
                96      page-faults               #    0,024 M/sec                    ( +-  0,31% )
        13.823.796      cycles                    #    3,472 GHz                      ( +- 23,63% )
         6.386.074      instructions              #    0,46  insn per cycle           ( +-  2,46% )
           941.178      branches                  #  236,373 M/sec                    ( +-  4,74% )
            14.842      branch-misses             #    1,58% of all branches          ( +-  1,33% )

          0,003421 +- 0,000940 seconds time elapsed  ( +- 27,47% )


 Performance counter stats for './mandelbrot_omp 0.175 0.375 -0.1 0.1 64' (10 runs):

              5,45 msec task-clock                #    1,731 CPUs utilized            ( +-  0,65% )
                 0      context-switches          #    0,037 K/sec                    ( +- 66,67% )
                 0      cpu-migrations            #    0,000 K/sec                  
               125      page-faults               #    0,023 M/sec                    ( +-  0,24% )
        18.913.827      cycles                    #    3,472 GHz                      ( +-  0,49% )
        19.945.941      instructions              #    1,05  insn per cycle           ( +-  0,03% )
         2.538.690      branches                  #  466,045 M/sec                    ( +-  0,05% )
            18.053      branch-misses             #    0,71% of all branches          ( +-  1,34% )

         0,0031474 +- 0,0000262 seconds time elapsed  ( +-  0,83% )


 Performance counter stats for './mandelbrot_omp 0.175 0.375 -0.1 0.1 128' (10 runs):

             19,49 msec task-clock                #    1,899 CPUs utilized            ( +-  0,31% )
                 1      context-switches          #    0,031 K/sec                    ( +- 44,44% )
                 0      cpu-migrations            #    0,000 K/sec                  
               246      page-faults               #    0,013 M/sec                    ( +-  0,13% )
        67.863.489      cycles                    #    3,483 GHz                      ( +-  0,29% )
        75.444.181      instructions              #    1,11  insn per cycle           ( +-  0,01% )
         9.302.349      branches                  #  477,365 M/sec                    ( +-  0,02% )
            31.390      branch-misses             #    0,34% of all branches          ( +-  0,39% )

         0,0102592 +- 0,0000315 seconds time elapsed  ( +-  0,31% )


 Performance counter stats for './mandelbrot_omp 0.175 0.375 -0.1 0.1 256' (10 runs):

             75,59 msec task-clock                #    1,961 CPUs utilized            ( +-  0,32% )
                 2      context-switches          #    0,026 K/sec                    ( +- 19,72% )
                 0      cpu-migrations            #    0,000 K/sec                  
               726      page-faults               #    0,010 M/sec                    ( +-  0,03% )
       263.260.861      cycles                    #    3,483 GHz                      ( +-  0,31% )
       297.238.628      instructions              #    1,13  insn per cycle           ( +-  0,01% )
        36.338.447      branches                  #  480,727 M/sec                    ( +-  0,03% )
            80.150      branch-misses             #    0,22% of all branches          ( +-  0,21% )

          0,038547 +- 0,000243 seconds time elapsed  ( +-  0,63% )


 Performance counter stats for './mandelbrot_omp 0.175 0.375 -0.1 0.1 512' (10 runs):

            296,34 msec task-clock                #    1,989 CPUs utilized            ( +-  0,09% )
                 6      context-switches          #    0,021 K/sec                    ( +- 24,00% )
                 0      cpu-migrations            #    0,000 K/sec                    ( +-100,00% )
             2.646      page-faults               #    0,009 M/sec                    ( +-  0,01% )
     1.034.050.818      cycles                    #    3,489 GHz                      ( +-  0,09% )
     1.182.687.977      instructions              #    1,14  insn per cycle           ( +-  0,00% )
       144.198.185      branches                  #  486,599 M/sec                    ( +-  0,01% )
           265.145      branch-misses             #    0,18% of all branches          ( +-  0,34% )

          0,148996 +- 0,000158 seconds time elapsed  ( +-  0,11% )


 Performance counter stats for './mandelbrot_omp 0.175 0.375 -0.1 0.1 1024' (10 runs):

          1.165,06 msec task-clock                #    1,968 CPUs utilized            ( +-  0,07% )
                18      context-switches          #    0,015 K/sec                    ( +- 26,18% )
                 1      cpu-migrations            #    0,000 K/sec                    ( +- 33,33% )
            10.326      page-faults               #    0,009 M/sec                    ( +-  0,00% )
     4.066.829.630      cycles                    #    3,491 GHz                      ( +-  0,07% )
     4.720.685.993      instructions              #    1,16  insn per cycle           ( +-  0,00% )
       574.732.609      branches                  #  493,309 M/sec                    ( +-  0,01% )
           981.548      branch-misses             #    0,17% of all branches          ( +-  0,16% )

          0,591914 +- 0,000533 seconds time elapsed  ( +-  0,09% )


 Performance counter stats for './mandelbrot_omp 0.175 0.375 -0.1 0.1 2048' (10 runs):

          4.754,13 msec task-clock                #    1,939 CPUs utilized            ( +-  0,24% )
                92      context-switches          #    0,019 K/sec                    ( +- 22,39% )
                 1      cpu-migrations            #    0,000 K/sec                    ( +- 23,08% )
            41.046      page-faults               #    0,009 M/sec                    ( +-  0,00% )
    16.114.282.650      cycles                    #    3,390 GHz                      ( +-  0,03% )
    18.865.080.415      instructions              #    1,17  insn per cycle           ( +-  0,01% )
     2.295.534.135      branches                  #  482,851 M/sec                    ( +-  0,03% )
         3.813.799      branch-misses             #    0,17% of all branches          ( +-  0,08% )

           2,45236 +- 0,00661 seconds time elapsed  ( +-  0,27% )


 Performance counter stats for './mandelbrot_omp 0.175 0.375 -0.1 0.1 4096' (10 runs):

         18.931,44 msec task-clock                #    1,928 CPUs utilized            ( +-  0,20% )
               315      context-switches          #    0,017 K/sec                    ( +- 16,71% )
                 5      cpu-migrations            #    0,000 K/sec                    ( +- 16,60% )
           163.925      page-faults               #    0,009 M/sec                    ( +-  0,00% )
    64.146.406.824      cycles                    #    3,388 GHz                      ( +-  0,02% )
    75.426.662.911      instructions              #    1,18  insn per cycle           ( +-  0,01% )
     9.174.926.265      branches                  #  484,640 M/sec                    ( +-  0,02% )
        14.960.986      branch-misses             #    0,16% of all branches          ( +-  0,07% )

            9,8195 +- 0,0197 seconds time elapsed  ( +-  0,20% )


 Performance counter stats for './mandelbrot_omp 0.175 0.375 -0.1 0.1 8192' (10 runs):

         75.558,12 msec task-clock                #    1,925 CPUs utilized            ( +-  0,21% )
             1.117      context-switches          #    0,015 K/sec                    ( +-  5,57% )
                20      cpu-migrations            #    0,000 K/sec                    ( +-  6,78% )
           655.446      page-faults               #    0,009 M/sec                    ( +-  0,00% )
   256.043.653.589      cycles                    #    3,389 GHz                      ( +-  0,05% )
   301.672.624.908      instructions              #    1,18  insn per cycle           ( +-  0,00% )
    36.692.449.551      branches                  #  485,619 M/sec                    ( +-  0,01% )
        59.114.278      branch-misses             #    0,16% of all branches          ( +-  0,04% )

           39,2538 +- 0,0829 seconds time elapsed  ( +-  0,21% )

