
 Performance counter stats for './mandelbrot_pth -0.8 -0.7 0.05 0.15 16 16' (10 runs):

              1,80 msec task-clock                #    0,493 CPUs utilized            ( +-  1,67% )
                17      context-switches          #    0,009 M/sec                    ( +-  6,91% )
                 2      cpu-migrations            #    0,001 M/sec                    ( +- 23,41% )
               119      page-faults               #    0,066 M/sec                    ( +-  0,54% )
         6.076.608      cycles                    #    3,372 GHz                      ( +-  1,80% )
         3.784.017      instructions              #    0,62  insn per cycle           ( +-  0,30% )
           623.199      branches                  #  345,840 M/sec                    ( +-  0,35% )
            20.707      branch-misses             #    3,32% of all branches          ( +-  1,64% )

           0,00366 +- 0,00141 seconds time elapsed  ( +- 38,61% )


 Performance counter stats for './mandelbrot_pth -0.8 -0.7 0.05 0.15 32 16' (10 runs):

              2,95 msec task-clock                #    1,322 CPUs utilized            ( +-  2,34% )
                22      context-switches          #    0,007 M/sec                    ( +-  5,70% )
                 1      cpu-migrations            #    0,271 K/sec                    ( +- 40,82% )
               127      page-faults               #    0,043 M/sec                    ( +-  0,41% )
        10.072.653      cycles                    #    3,417 GHz                      ( +-  2,38% )
         7.752.051      instructions              #    0,77  insn per cycle           ( +-  1,68% )
           979.565      branches                  #  332,286 M/sec                    ( +-  2,58% )
            23.040      branch-misses             #    2,35% of all branches          ( +-  3,45% )

          0,002230 +- 0,000154 seconds time elapsed  ( +-  6,93% )


 Performance counter stats for './mandelbrot_pth -0.8 -0.7 0.05 0.15 64 16' (10 runs):

              6,54 msec task-clock                #    2,048 CPUs utilized            ( +-  1,32% )
                20      context-switches          #    0,003 M/sec                    ( +-  3,89% )
                 3      cpu-migrations            #    0,443 K/sec                    ( +- 20,21% )
               157      page-faults               #    0,024 M/sec                    ( +-  0,43% )
        22.607.874      cycles                    #    3,457 GHz                      ( +-  1,32% )
        22.524.454      instructions              #    1,00  insn per cycle           ( +-  0,04% )
         2.191.622      branches                  #  335,145 M/sec                    ( +-  0,09% )
            25.322      branch-misses             #    1,16% of all branches          ( +-  1,00% )

          0,003193 +- 0,000117 seconds time elapsed  ( +-  3,66% )


 Performance counter stats for './mandelbrot_pth -0.8 -0.7 0.05 0.15 128 16' (10 runs):

             22,90 msec task-clock                #    2,632 CPUs utilized            ( +-  0,60% )
                21      context-switches          #    0,912 K/sec                    ( +-  6,20% )
                 7      cpu-migrations            #    0,310 K/sec                    ( +- 18,83% )
               275      page-faults               #    0,012 M/sec                    ( +-  0,21% )
        79.595.320      cycles                    #    3,475 GHz                      ( +-  0,53% )
        82.237.230      instructions              #    1,03  insn per cycle           ( +-  0,04% )
         7.176.205      branches                  #  313,312 M/sec                    ( +-  0,08% )
            39.811      branch-misses             #    0,55% of all branches          ( +-  1,22% )

          0,008704 +- 0,000208 seconds time elapsed  ( +-  2,39% )


 Performance counter stats for './mandelbrot_pth -0.8 -0.7 0.05 0.15 256 16' (10 runs):

             89,54 msec task-clock                #    2,899 CPUs utilized            ( +-  0,42% )
                45      context-switches          #    0,499 K/sec                    ( +-  3,73% )
                12      cpu-migrations            #    0,132 K/sec                    ( +-  8,17% )
               756      page-faults               #    0,008 M/sec                    ( +-  0,06% )
       311.651.939      cycles                    #    3,481 GHz                      ( +-  0,40% )
       321.532.346      instructions              #    1,03  insn per cycle           ( +-  0,07% )
        27.185.080      branches                  #  303,617 M/sec                    ( +-  0,15% )
            96.309      branch-misses             #    0,35% of all branches          ( +-  1,09% )

           0,03088 +- 0,00105 seconds time elapsed  ( +-  3,40% )


 Performance counter stats for './mandelbrot_pth -0.8 -0.7 0.05 0.15 512 16' (10 runs):

            362,26 msec task-clock                #    3,222 CPUs utilized            ( +-  0,67% )
               136      context-switches          #    0,375 K/sec                    ( +-  3,80% )
                16      cpu-migrations            #    0,043 K/sec                    ( +-  3,16% )
             2.677      page-faults               #    0,007 M/sec                    ( +-  0,02% )
     1.252.577.966      cycles                    #    3,458 GHz                      ( +-  0,18% )
     1.277.372.800      instructions              #    1,02  insn per cycle           ( +-  0,02% )
       107.003.885      branches                  #  295,379 M/sec                    ( +-  0,04% )
           305.451      branch-misses             #    0,29% of all branches          ( +-  0,51% )

           0,11242 +- 0,00117 seconds time elapsed  ( +-  1,04% )


 Performance counter stats for './mandelbrot_pth -0.8 -0.7 0.05 0.15 1024 16' (10 runs):

          1.528,89 msec task-clock                #    3,327 CPUs utilized            ( +-  0,17% )
               481      context-switches          #    0,315 K/sec                    ( +-  4,29% )
                21      cpu-migrations            #    0,014 K/sec                    ( +-  3,78% )
            10.356      page-faults               #    0,007 M/sec                    ( +-  0,00% )
     4.986.864.134      cycles                    #    3,262 GHz                      ( +-  0,06% )
     5.099.593.444      instructions              #    1,02  insn per cycle           ( +-  0,00% )
       426.186.976      branches                  #  278,755 M/sec                    ( +-  0,01% )
         1.117.378      branch-misses             #    0,26% of all branches          ( +-  0,37% )

           0,45950 +- 0,00145 seconds time elapsed  ( +-  0,32% )


 Performance counter stats for './mandelbrot_pth -0.8 -0.7 0.05 0.15 2048 16' (10 runs):

          6.085,65 msec task-clock                #    3,388 CPUs utilized            ( +-  0,32% )
             1.427      context-switches          #    0,235 K/sec                    ( +-  1,36% )
                28      cpu-migrations            #    0,005 K/sec                    ( +-  7,84% )
            41.077      page-faults               #    0,007 M/sec                    ( +-  0,00% )
    20.005.191.609      cycles                    #    3,287 GHz                      ( +-  0,06% )
    20.386.060.407      instructions              #    1,02  insn per cycle           ( +-  0,01% )
     1.702.860.381      branches                  #  279,816 M/sec                    ( +-  0,04% )
         4.318.557      branch-misses             #    0,25% of all branches          ( +-  0,11% )

           1,79641 +- 0,00848 seconds time elapsed  ( +-  0,47% )


 Performance counter stats for './mandelbrot_pth -0.8 -0.7 0.05 0.15 4096 16' (10 runs):

         24.414,31 msec task-clock                #    3,419 CPUs utilized            ( +-  0,07% )
             5.564      context-switches          #    0,228 K/sec                    ( +-  1,51% )
                60      cpu-migrations            #    0,002 K/sec                    ( +-  5,56% )
           163.957      page-faults               #    0,007 M/sec                    ( +-  0,00% )
    79.949.617.923      cycles                    #    3,275 GHz                      ( +-  0,03% )
    81.534.095.533      instructions              #    1,02  insn per cycle           ( +-  0,01% )
     6.809.307.136      branches                  #  278,906 M/sec                    ( +-  0,04% )
        17.007.772      branch-misses             #    0,25% of all branches          ( +-  0,21% )

            7,1412 +- 0,0147 seconds time elapsed  ( +-  0,21% )


 Performance counter stats for './mandelbrot_pth -0.8 -0.7 0.05 0.15 8192 16' (10 runs):

         98.224,92 msec task-clock                #    3,398 CPUs utilized            ( +-  0,02% )
            31.460      context-switches          #    0,320 K/sec                    ( +-  2,77% )
               202      cpu-migrations            #    0,002 K/sec                    ( +-  4,78% )
           655.476      page-faults               #    0,007 M/sec                    ( +-  0,00% )
   319.798.414.287      cycles                    #    3,256 GHz                      ( +-  0,01% )
   326.202.474.440      instructions              #    1,02  insn per cycle           ( +-  0,00% )
    27.249.914.353      branches                  #  277,424 M/sec                    ( +-  0,01% )
        70.562.104      branch-misses             #    0,26% of all branches          ( +-  0,16% )

           28,9025 +- 0,0231 seconds time elapsed  ( +-  0,08% )

