
 Performance counter stats for './mandelbrot_pth -0.188 -0.012 0.554 0.754 16 16' (10 runs):

              1,81 msec task-clock                #    1,567 CPUs utilized            ( +-  1,99% )
                16      context-switches          #    0,009 M/sec                    ( +-  6,28% )
                 2      cpu-migrations            #    0,885 K/sec                    ( +- 31,18% )
               119      page-faults               #    0,066 M/sec                    ( +-  0,59% )
         6.103.129      cycles                    #    3,376 GHz                      ( +-  2,03% )
         3.993.864      instructions              #    0,65  insn per cycle           ( +-  0,28% )
           643.976      branches                  #  356,193 M/sec                    ( +-  0,38% )
            20.719      branch-misses             #    3,22% of all branches          ( +-  1,59% )

         0,0011541 +- 0,0000376 seconds time elapsed  ( +-  3,26% )


 Performance counter stats for './mandelbrot_pth -0.188 -0.012 0.554 0.754 32 16' (10 runs):

              2,90 msec task-clock                #    1,062 CPUs utilized            ( +-  0,92% )
                17      context-switches          #    0,006 M/sec                    ( +-  6,33% )
                 2      cpu-migrations            #    0,586 K/sec                    ( +- 31,68% )
               127      page-faults               #    0,044 M/sec                    ( +-  0,52% )
         9.920.300      cycles                    #    3,421 GHz                      ( +-  0,91% )
         8.134.174      instructions              #    0,82  insn per cycle           ( +-  0,15% )
           977.019      branches                  #  336,972 M/sec                    ( +-  0,25% )
            21.320      branch-misses             #    2,18% of all branches          ( +-  0,91% )

          0,002729 +- 0,000358 seconds time elapsed  ( +- 13,11% )


 Performance counter stats for './mandelbrot_pth -0.188 -0.012 0.554 0.754 64 16' (10 runs):

              7,59 msec task-clock                #    1,550 CPUs utilized            ( +-  0,56% )
                20      context-switches          #    0,003 M/sec                    ( +-  5,41% )
                 6      cpu-migrations            #    0,738 K/sec                    ( +- 22,78% )
               156      page-faults               #    0,021 M/sec                    ( +-  0,36% )
        26.232.266      cycles                    #    3,456 GHz                      ( +-  0,45% )
        25.044.760      instructions              #    0,95  insn per cycle           ( +-  0,07% )
         2.377.641      branches                  #  313,269 M/sec                    ( +-  0,13% )
            25.985      branch-misses             #    1,09% of all branches          ( +-  1,26% )

          0,004896 +- 0,000647 seconds time elapsed  ( +- 13,21% )


 Performance counter stats for './mandelbrot_pth -0.188 -0.012 0.554 0.754 128 16' (10 runs):

             26,10 msec task-clock                #    2,545 CPUs utilized            ( +-  0,43% )
                27      context-switches          #    0,001 M/sec                    ( +-  4,81% )
                 7      cpu-migrations            #    0,276 K/sec                    ( +-  9,67% )
               276      page-faults               #    0,011 M/sec                    ( +-  0,15% )
        90.848.395      cycles                    #    3,481 GHz                      ( +-  0,44% )
        92.283.111      instructions              #    1,02  insn per cycle           ( +-  0,02% )
         7.925.326      branches                  #  303,637 M/sec                    ( +-  0,05% )
            41.864      branch-misses             #    0,53% of all branches          ( +-  1,33% )

          0,010257 +- 0,000433 seconds time elapsed  ( +-  4,22% )


 Performance counter stats for './mandelbrot_pth -0.188 -0.012 0.554 0.754 256 16' (10 runs):

            101,48 msec task-clock                #    2,990 CPUs utilized            ( +-  0,34% )
                49      context-switches          #    0,482 K/sec                    ( +-  5,73% )
                11      cpu-migrations            #    0,105 K/sec                    ( +-  6,24% )
               757      page-faults               #    0,007 M/sec                    ( +-  0,05% )
       352.883.146      cycles                    #    3,477 GHz                      ( +-  0,31% )
       361.111.619      instructions              #    1,02  insn per cycle           ( +-  0,01% )
        30.104.457      branches                  #  296,661 M/sec                    ( +-  0,02% )
            97.752      branch-misses             #    0,32% of all branches          ( +-  0,60% )

          0,033942 +- 0,000896 seconds time elapsed  ( +-  2,64% )


 Performance counter stats for './mandelbrot_pth -0.188 -0.012 0.554 0.754 512 16' (10 runs):

            433,62 msec task-clock                #    3,183 CPUs utilized            ( +-  0,47% )
               172      context-switches          #    0,397 K/sec                    ( +-  3,77% )
                16      cpu-migrations            #    0,036 K/sec                    ( +-  5,86% )
             2.677      page-faults               #    0,006 M/sec                    ( +-  0,02% )
     1.406.096.214      cycles                    #    3,243 GHz                      ( +-  0,11% )
     1.436.330.540      instructions              #    1,02  insn per cycle           ( +-  0,00% )
       118.818.499      branches                  #  274,015 M/sec                    ( +-  0,01% )
           320.679      branch-misses             #    0,27% of all branches          ( +-  0,46% )

           0,13622 +- 0,00115 seconds time elapsed  ( +-  0,84% )


 Performance counter stats for './mandelbrot_pth -0.188 -0.012 0.554 0.754 1024 16' (10 runs):

          1.731,62 msec task-clock                #    3,387 CPUs utilized            ( +-  0,19% )
               525      context-switches          #    0,303 K/sec                    ( +-  3,02% )
                22      cpu-migrations            #    0,013 K/sec                    ( +-  5,19% )
            10.356      page-faults               #    0,006 M/sec                    ( +-  0,00% )
     5.649.600.846      cycles                    #    3,263 GHz                      ( +-  0,09% )
     5.736.150.472      instructions              #    1,02  insn per cycle           ( +-  0,00% )
       473.515.553      branches                  #  273,452 M/sec                    ( +-  0,00% )
         1.186.271      branch-misses             #    0,25% of all branches          ( +-  0,23% )

          0,511203 +- 0,000935 seconds time elapsed  ( +-  0,18% )


 Performance counter stats for './mandelbrot_pth -0.188 -0.012 0.554 0.754 2048 16' (10 runs):

          6.942,43 msec task-clock                #    3,457 CPUs utilized            ( +-  0,05% )
             1.796      context-switches          #    0,259 K/sec                    ( +-  2,60% )
                33      cpu-migrations            #    0,005 K/sec                    ( +-  9,26% )
            41.077      page-faults               #    0,006 M/sec                    ( +-  0,00% )
    22.637.742.472      cycles                    #    3,261 GHz                      ( +-  0,03% )
    22.932.972.453      instructions              #    1,01  insn per cycle           ( +-  0,00% )
     1.891.793.062      branches                  #  272,497 M/sec                    ( +-  0,00% )
         4.600.556      branch-misses             #    0,24% of all branches          ( +-  0,20% )

           2,00848 +- 0,00290 seconds time elapsed  ( +-  0,14% )


 Performance counter stats for './mandelbrot_pth -0.188 -0.012 0.554 0.754 4096 16' (10 runs):

         27.652,58 msec task-clock                #    3,489 CPUs utilized            ( +-  0,04% )
             6.669      context-switches          #    0,241 K/sec                    ( +-  1,74% )
                70      cpu-migrations            #    0,003 K/sec                    ( +-  9,50% )
           163.957      page-faults               #    0,006 M/sec                    ( +-  0,00% )
    90.575.394.527      cycles                    #    3,275 GHz                      ( +-  0,01% )
    91.725.497.267      instructions              #    1,01  insn per cycle           ( +-  0,01% )
     7.566.586.330      branches                  #  273,630 M/sec                    ( +-  0,02% )
        18.247.266      branch-misses             #    0,24% of all branches          ( +-  0,17% )

            7,9256 +- 0,0134 seconds time elapsed  ( +-  0,17% )


 Performance counter stats for './mandelbrot_pth -0.188 -0.012 0.554 0.754 8192 16' (10 runs):

        111.375,23 msec task-clock                #    3,420 CPUs utilized            ( +-  0,08% )
            39.418      context-switches          #    0,354 K/sec                    ( +-  2,65% )
               302      cpu-migrations            #    0,003 K/sec                    ( +- 16,48% )
           655.477      page-faults               #    0,006 M/sec                    ( +-  0,00% )
   361.957.510.634      cycles                    #    3,250 GHz                      ( +-  0,05% )
   367.006.960.539      instructions              #    1,01  insn per cycle           ( +-  0,00% )
    30.289.782.161      branches                  #  271,962 M/sec                    ( +-  0,01% )
        75.388.674      branch-misses             #    0,25% of all branches          ( +-  0,25% )

            32,565 +- 0,280 seconds time elapsed  ( +-  0,86% )

