
 Performance counter stats for './mandelbrot_pth -0.8 -0.7 0.05 0.15 16 1' (10 runs):

              0,87 msec task-clock                #    0,800 CPUs utilized            ( +-  1,12% )
                 1      context-switches          #    0,001 M/sec                  
                 0      cpu-migrations            #    0,577 K/sec                    ( +- 44,72% )
                86      page-faults               #    0,099 M/sec                    ( +-  0,35% )
         3.004.255      cycles                    #    3,467 GHz                      ( +-  1,12% )
         2.516.540      instructions              #    0,84  insn per cycle           ( +-  0,20% )
           358.249      branches                  #  413,441 M/sec                    ( +-  0,24% )
            13.314      branch-misses             #    3,72% of all branches          ( +-  1,40% )

         0,0010828 +- 0,0000501 seconds time elapsed  ( +-  4,62% )


 Performance counter stats for './mandelbrot_pth -0.8 -0.7 0.05 0.15 32 1' (10 runs):

              1,75 msec task-clock                #    0,898 CPUs utilized            ( +-  1,29% )
                 1      context-switches          #    0,571 K/sec                  
                 0      cpu-migrations            #    0,171 K/sec                    ( +- 71,15% )
                95      page-faults               #    0,054 M/sec                    ( +-  0,55% )
         6.066.206      cycles                    #    3,465 GHz                      ( +-  1,19% )
         6.268.522      instructions              #    1,03  insn per cycle           ( +-  0,10% )
           672.030      branches                  #  383,911 M/sec                    ( +-  0,16% )
            14.434      branch-misses             #    2,15% of all branches          ( +-  1,55% )

         0,0019496 +- 0,0000312 seconds time elapsed  ( +-  1,60% )


 Performance counter stats for './mandelbrot_pth -0.8 -0.7 0.05 0.15 64 1' (10 runs):

              5,42 msec task-clock                #    0,962 CPUs utilized            ( +-  1,27% )
                 1      context-switches          #    0,185 K/sec                  
                 0      cpu-migrations            #    0,000 K/sec                  
               124      page-faults               #    0,023 M/sec                    ( +-  0,24% )
        18.861.906      cycles                    #    3,481 GHz                      ( +-  1,32% )
        21.207.358      instructions              #    1,12  insn per cycle           ( +-  0,03% )
         1.918.820      branches                  #  354,156 M/sec                    ( +-  0,05% )
            18.569      branch-misses             #    0,97% of all branches          ( +-  1,00% )

         0,0056304 +- 0,0000747 seconds time elapsed  ( +-  1,33% )


 Performance counter stats for './mandelbrot_pth -0.8 -0.7 0.05 0.15 128 1' (10 runs):

             19,63 msec task-clock                #    0,987 CPUs utilized            ( +-  1,01% )
                 1      context-switches          #    0,061 K/sec                    ( +- 16,67% )
                 0      cpu-migrations            #    0,000 K/sec                  
               244      page-faults               #    0,012 M/sec                    ( +-  0,14% )
        68.228.194      cycles                    #    3,476 GHz                      ( +-  0,98% )
        80.874.584      instructions              #    1,19  insn per cycle           ( +-  0,01% )
         6.895.910      branches                  #  351,361 M/sec                    ( +-  0,02% )
            31.029      branch-misses             #    0,45% of all branches          ( +-  0,54% )

          0,019888 +- 0,000190 seconds time elapsed  ( +-  0,95% )


 Performance counter stats for './mandelbrot_pth -0.8 -0.7 0.05 0.15 256 1' (10 runs):

             75,81 msec task-clock                #    0,996 CPUs utilized            ( +-  0,26% )
                 2      context-switches          #    0,024 K/sec                    ( +- 23,13% )
                 0      cpu-migrations            #    0,000 K/sec                  
               726      page-faults               #    0,010 M/sec                    ( +-  0,06% )
       264.084.273      cycles                    #    3,483 GHz                      ( +-  0,28% )
       319.798.117      instructions              #    1,21  insn per cycle           ( +-  0,01% )
        26.829.791      branches                  #  353,899 M/sec                    ( +-  0,01% )
            79.927      branch-misses             #    0,30% of all branches          ( +-  0,33% )

          0,076097 +- 0,000197 seconds time elapsed  ( +-  0,26% )


 Performance counter stats for './mandelbrot_pth -0.8 -0.7 0.05 0.15 512 1' (10 runs):

            298,71 msec task-clock                #    0,997 CPUs utilized            ( +-  0,11% )
                 6      context-switches          #    0,020 K/sec                    ( +- 25,94% )
                 0      cpu-migrations            #    0,000 K/sec                  
             2.646      page-faults               #    0,009 M/sec                    ( +-  0,02% )
     1.041.690.573      cycles                    #    3,487 GHz                      ( +-  0,10% )
     1.275.052.387      instructions              #    1,22  insn per cycle           ( +-  0,00% )
       106.525.267      branches                  #  356,615 M/sec                    ( +-  0,00% )
           268.666      branch-misses             #    0,25% of all branches          ( +-  0,30% )

          0,299673 +- 0,000391 seconds time elapsed  ( +-  0,13% )


 Performance counter stats for './mandelbrot_pth -0.8 -0.7 0.05 0.15 1024 1' (10 runs):

          1.187,40 msec task-clock                #    1,000 CPUs utilized            ( +-  0,03% )
                 9      context-switches          #    0,008 K/sec                    ( +- 18,17% )
                 0      cpu-migrations            #    0,000 K/sec                    ( +- 50,92% )
            10.326      page-faults               #    0,009 M/sec                    ( +-  0,01% )
     4.143.124.522      cycles                    #    3,489 GHz                      ( +-  0,03% )
     5.094.952.096      instructions              #    1,23  insn per cycle           ( +-  0,00% )
       425.214.812      branches                  #  358,107 M/sec                    ( +-  0,00% )
           993.027      branch-misses             #    0,23% of all branches          ( +-  0,20% )

          1,187941 +- 0,000401 seconds time elapsed  ( +-  0,03% )


 Performance counter stats for './mandelbrot_pth -0.8 -0.7 0.05 0.15 2048 1' (10 runs):

          4.744,87 msec task-clock                #    0,996 CPUs utilized            ( +-  0,09% )
                41      context-switches          #    0,009 K/sec                    ( +- 24,15% )
                 0      cpu-migrations            #    0,000 K/sec                    ( +- 44,72% )
            41.045      page-faults               #    0,009 M/sec                    ( +-  0,00% )
    16.561.911.309      cycles                    #    3,490 GHz                      ( +-  0,09% )
    20.372.685.433      instructions              #    1,23  insn per cycle           ( +-  0,00% )
     1.699.774.017      branches                  #  358,234 M/sec                    ( +-  0,00% )
         3.857.688      branch-misses             #    0,23% of all branches          ( +-  0,22% )

           4,76499 +- 0,00480 seconds time elapsed  ( +-  0,10% )


 Performance counter stats for './mandelbrot_pth -0.8 -0.7 0.05 0.15 4096 1' (10 runs):

         18.970,20 msec task-clock                #    0,995 CPUs utilized            ( +-  0,04% )
               111      context-switches          #    0,006 K/sec                    ( +- 11,83% )
                 2      cpu-migrations            #    0,000 K/sec                    ( +- 31,31% )
           163.926      page-faults               #    0,009 M/sec                    ( +-  0,00% )
    66.132.831.542      cycles                    #    3,486 GHz                      ( +-  0,04% )
    81.494.309.528      instructions              #    1,23  insn per cycle           ( +-  0,00% )
     6.800.568.055      branches                  #  358,487 M/sec                    ( +-  0,02% )
        15.184.550      branch-misses             #    0,22% of all branches          ( +-  0,25% )

          19,06989 +- 0,00911 seconds time elapsed  ( +-  0,05% )


 Performance counter stats for './mandelbrot_pth -0.8 -0.7 0.05 0.15 8192 1' (10 runs):

         75.837,78 msec task-clock                #    0,994 CPUs utilized            ( +-  0,05% )
               642      context-switches          #    0,008 K/sec                    ( +- 40,49% )
                13      cpu-migrations            #    0,000 K/sec                    ( +-  9,39% )
           655.446      page-faults               #    0,009 M/sec                    ( +-  0,00% )
   264.519.022.151      cycles                    #    3,488 GHz                      ( +-  0,04% )
   326.058.679.010      instructions              #    1,23  insn per cycle           ( +-  0,00% )
    27.218.282.352      branches                  #  358,901 M/sec                    ( +-  0,01% )
        60.158.661      branch-misses             #    0,22% of all branches          ( +-  0,31% )

           76,3209 +- 0,0496 seconds time elapsed  ( +-  0,06% )

