
 Performance counter stats for './mandelbrot_pth -0.8 -0.7 0.05 0.15 16 4' (10 runs):

              1,23 msec task-clock                #    0,616 CPUs utilized            ( +-  1,69% )
                 4      context-switches          #    0,004 M/sec                    ( +-  5,03% )
                 2      cpu-migrations            #    0,001 M/sec                    ( +- 16,14% )
                94      page-faults               #    0,076 M/sec                    ( +-  0,49% )
         4.245.270      cycles                    #    3,441 GHz                      ( +-  1,72% )
         2.787.280      instructions              #    0,66  insn per cycle           ( +-  0,29% )
           413.736      branches                  #  335,380 M/sec                    ( +-  0,36% )
            15.665      branch-misses             #    3,79% of all branches          ( +-  1,52% )

          0,002003 +- 0,000531 seconds time elapsed  ( +- 26,48% )


 Performance counter stats for './mandelbrot_pth -0.8 -0.7 0.05 0.15 32 4' (10 runs):

              2,10 msec task-clock                #    1,104 CPUs utilized            ( +-  1,74% )
                 5      context-switches          #    0,003 M/sec                    ( +- 13,30% )
                 1      cpu-migrations            #    0,619 K/sec                    ( +- 11,75% )
               102      page-faults               #    0,048 M/sec                    ( +-  0,45% )
         7.252.373      cycles                    #    3,454 GHz                      ( +-  1,65% )
         6.530.331      instructions              #    0,90  insn per cycle           ( +-  0,20% )
           726.286      branches                  #  345,922 M/sec                    ( +-  0,34% )
            16.670      branch-misses             #    2,30% of all branches          ( +-  0,49% )

          0,001901 +- 0,000331 seconds time elapsed  ( +- 17,39% )


 Performance counter stats for './mandelbrot_pth -0.8 -0.7 0.05 0.15 64 4' (10 runs):

              6,19 msec task-clock                #    1,671 CPUs utilized            ( +-  1,31% )
                 4      context-switches          #    0,663 K/sec                    ( +- 16,04% )
                 1      cpu-migrations            #    0,194 K/sec                    ( +- 16,67% )
               130      page-faults               #    0,021 M/sec                    ( +-  0,39% )
        21.532.970      cycles                    #    3,481 GHz                      ( +-  1,31% )
        21.457.354      instructions              #    1,00  insn per cycle           ( +-  0,04% )
         1.969.750      branches                  #  318,396 M/sec                    ( +-  0,09% )
            20.413      branch-misses             #    1,04% of all branches          ( +-  0,88% )

          0,003703 +- 0,000238 seconds time elapsed  ( +-  6,43% )


 Performance counter stats for './mandelbrot_pth -0.8 -0.7 0.05 0.15 128 4' (10 runs):

             22,70 msec task-clock                #    2,327 CPUs utilized            ( +-  0,67% )
                 9      context-switches          #    0,405 K/sec                    ( +- 19,36% )
                 2      cpu-migrations            #    0,084 K/sec                    ( +- 14,57% )
               251      page-faults               #    0,011 M/sec                    ( +-  0,25% )
        78.970.604      cycles                    #    3,480 GHz                      ( +-  0,64% )
        81.197.266      instructions              #    1,03  insn per cycle           ( +-  0,03% )
         6.961.274      branches                  #  306,722 M/sec                    ( +-  0,06% )
            34.279      branch-misses             #    0,49% of all branches          ( +-  0,93% )

          0,009754 +- 0,000578 seconds time elapsed  ( +-  5,92% )


 Performance counter stats for './mandelbrot_pth -0.8 -0.7 0.05 0.15 256 4' (10 runs):

             88,73 msec task-clock                #    2,830 CPUs utilized            ( +-  0,34% )
                30      context-switches          #    0,334 K/sec                    ( +- 10,92% )
                 2      cpu-migrations            #    0,021 K/sec                    ( +- 16,55% )
               731      page-faults               #    0,008 M/sec                    ( +-  0,05% )
       309.052.940      cycles                    #    3,483 GHz                      ( +-  0,36% )
       320.259.432      instructions              #    1,04  insn per cycle           ( +-  0,00% )
        26.924.239      branches                  #  303,425 M/sec                    ( +-  0,01% )
            87.365      branch-misses             #    0,32% of all branches          ( +-  0,78% )

          0,031351 +- 0,000862 seconds time elapsed  ( +-  2,75% )


 Performance counter stats for './mandelbrot_pth -0.8 -0.7 0.05 0.15 512 4' (10 runs):

            354,50 msec task-clock                #    2,961 CPUs utilized            ( +-  0,25% )
                90      context-switches          #    0,254 K/sec                    ( +-  8,48% )
                 2      cpu-migrations            #    0,006 K/sec                    ( +- 11,11% )
             2.653      page-faults               #    0,007 M/sec                    ( +-  0,02% )
     1.235.424.572      cycles                    #    3,485 GHz                      ( +-  0,24% )
     1.275.928.441      instructions              #    1,03  insn per cycle           ( +-  0,01% )
       106.708.822      branches                  #  301,012 M/sec                    ( +-  0,01% )
           292.904      branch-misses             #    0,27% of all branches          ( +-  0,71% )

           0,11972 +- 0,00276 seconds time elapsed  ( +-  2,30% )


 Performance counter stats for './mandelbrot_pth -0.8 -0.7 0.05 0.15 1024 4' (10 runs):

          1.452,69 msec task-clock                #    3,020 CPUs utilized            ( +-  0,76% )
               290      context-switches          #    0,200 K/sec                    ( +-  5,71% )
                 2      cpu-migrations            #    0,002 K/sec                    ( +- 14,85% )
            10.331      page-faults               #    0,007 M/sec                    ( +-  0,00% )
     4.916.750.061      cycles                    #    3,385 GHz                      ( +-  0,19% )
     5.097.717.898      instructions              #    1,04  insn per cycle           ( +-  0,00% )
       425.793.691      branches                  #  293,107 M/sec                    ( +-  0,00% )
         1.082.594      branch-misses             #    0,25% of all branches          ( +-  0,52% )

           0,48106 +- 0,00506 seconds time elapsed  ( +-  1,05% )


 Performance counter stats for './mandelbrot_pth -0.8 -0.7 0.05 0.15 2048 4' (10 runs):

          5.910,83 msec task-clock                #    3,038 CPUs utilized            ( +-  0,42% )
               966      context-switches          #    0,163 K/sec                    ( +-  6,18% )
                 3      cpu-migrations            #    0,000 K/sec                    ( +- 10,26% )
            41.051      page-faults               #    0,007 M/sec                    ( +-  0,00% )
    19.633.090.020      cycles                    #    3,322 GHz                      ( +-  0,39% )
    20.381.059.762      instructions              #    1,04  insn per cycle           ( +-  0,00% )
     1.701.551.310      branches                  #  287,870 M/sec                    ( +-  0,00% )
         4.175.304      branch-misses             #    0,25% of all branches          ( +-  0,61% )

            1,9455 +- 0,0152 seconds time elapsed  ( +-  0,78% )


 Performance counter stats for './mandelbrot_pth -0.8 -0.7 0.05 0.15 4096 4' (10 runs):

         23.550,23 msec task-clock                #    3,070 CPUs utilized            ( +-  0,21% )
             3.376      context-switches          #    0,143 K/sec                    ( +-  2,44% )
                 3      cpu-migrations            #    0,000 K/sec                    ( +- 13,59% )
           163.932      page-faults               #    0,007 M/sec                    ( +-  0,00% )
    78.077.511.875      cycles                    #    3,315 GHz                      ( +-  0,09% )
    81.522.796.543      instructions              #    1,04  insn per cycle           ( +-  0,01% )
     6.806.697.926      branches                  #  289,029 M/sec                    ( +-  0,03% )
        16.490.079      branch-misses             #    0,24% of all branches          ( +-  0,65% )

            7,6720 +- 0,0306 seconds time elapsed  ( +-  0,40% )


 Performance counter stats for './mandelbrot_pth -0.8 -0.7 0.05 0.15 8192 4' (10 runs):

         94.512,02 msec task-clock                #    3,071 CPUs utilized            ( +-  0,16% )
            13.225      context-switches          #    0,140 K/sec                    ( +-  3,37% )
                10      cpu-migrations            #    0,000 K/sec                    ( +- 29,28% )
           655.451      page-faults               #    0,007 M/sec                    ( +-  0,00% )
   312.210.928.575      cycles                    #    3,303 GHz                      ( +-  0,05% )
   326.108.686.331      instructions              #    1,04  insn per cycle           ( +-  0,00% )
    27.228.786.327      branches                  #  288,099 M/sec                    ( +-  0,01% )
        64.994.625      branch-misses             #    0,24% of all branches          ( +-  0,45% )

            30,774 +- 0,101 seconds time elapsed  ( +-  0,33% )

