
 Performance counter stats for './mandelbrot_seq -0.188 -0.012 0.554 0.754 16' (10 runs):

              0,58 msec task-clock                #    0,796 CPUs utilized            ( +-  1,95% )
                 0      context-switches          #    0,000 K/sec                  
                 0      cpu-migrations            #    0,000 K/sec                  
                57      page-faults               #    0,098 M/sec                    ( +-  0,69% )
         2.009.591      cycles                    #    3,446 GHz                      ( +-  1,02% )
         2.094.107      instructions              #    1,04  insn per cycle           ( +-  0,12% )
           255.471      branches                  #  438,074 M/sec                    ( +-  0,22% )
             6.713      branch-misses             #    2,63% of all branches          ( +-  1,85% )

         0,0007326 +- 0,0000208 seconds time elapsed  ( +-  2,84% )


 Performance counter stats for './mandelbrot_seq -0.188 -0.012 0.554 0.754 32' (10 runs):

              1,62 msec task-clock                #    0,905 CPUs utilized            ( +-  3,43% )
                 0      context-switches          #    0,062 K/sec                    ( +-100,00% )
                 0      cpu-migrations            #    0,000 K/sec                  
                66      page-faults               #    0,041 M/sec                    ( +-  0,57% )
         5.618.874      cycles                    #    3,474 GHz                      ( +-  3,48% )
         6.362.444      instructions              #    1,13  insn per cycle           ( +-  2,48% )
           613.966      branches                  #  379,588 M/sec                    ( +-  4,98% )
             8.806      branch-misses             #    1,43% of all branches          ( +-  8,86% )

         0,0017866 +- 0,0000523 seconds time elapsed  ( +-  2,93% )


 Performance counter stats for './mandelbrot_seq -0.188 -0.012 0.554 0.754 64' (10 runs):

              5,52 msec task-clock                #    0,965 CPUs utilized            ( +-  1,10% )
                 0      context-switches          #    0,018 K/sec                    ( +-100,00% )
                 0      cpu-migrations            #    0,000 K/sec                  
                95      page-faults               #    0,017 M/sec                    ( +-  0,44% )
        19.195.626      cycles                    #    3,477 GHz                      ( +-  1,15% )
        22.461.777      instructions              #    1,17  insn per cycle           ( +-  0,02% )
         1.854.817      branches                  #  335,980 M/sec                    ( +-  0,05% )
            11.583      branch-misses             #    0,62% of all branches          ( +-  1,24% )

         0,0057199 +- 0,0000660 seconds time elapsed  ( +-  1,15% )


 Performance counter stats for './mandelbrot_seq -0.188 -0.012 0.554 0.754 128' (10 runs):

             20,99 msec task-clock                #    0,990 CPUs utilized            ( +-  0,45% )
                 0      context-switches          #    0,010 K/sec                    ( +- 66,67% )
                 0      cpu-migrations            #    0,000 K/sec                  
               215      page-faults               #    0,010 M/sec                    ( +-  0,14% )
        73.177.869      cycles                    #    3,487 GHz                      ( +-  0,45% )
        87.465.113      instructions              #    1,20  insn per cycle           ( +-  0,00% )
         6.959.607      branches                  #  331,617 M/sec                    ( +-  0,01% )
            24.481      branch-misses             #    0,35% of all branches          ( +-  0,35% )

          0,021209 +- 0,000102 seconds time elapsed  ( +-  0,48% )


 Performance counter stats for './mandelbrot_seq -0.188 -0.012 0.554 0.754 256' (10 runs):

             82,35 msec task-clock                #    0,997 CPUs utilized            ( +-  0,04% )
                 1      context-switches          #    0,007 K/sec                    ( +- 50,92% )
                 0      cpu-migrations            #    0,000 K/sec                  
               696      page-faults               #    0,008 M/sec                    ( +-  0,05% )
       287.228.222      cycles                    #    3,488 GHz                      ( +-  0,04% )
       347.435.108      instructions              #    1,21  insn per cycle           ( +-  0,00% )
        27.378.425      branches                  #  332,448 M/sec                    ( +-  0,00% )
            75.317      branch-misses             #    0,28% of all branches          ( +-  0,22% )

         0,0826051 +- 0,0000379 seconds time elapsed  ( +-  0,05% )


 Performance counter stats for './mandelbrot_seq -0.188 -0.012 0.554 0.754 512' (10 runs):

            374,65 msec task-clock                #    0,977 CPUs utilized            ( +-  0,52% )
                24      context-switches          #    0,064 K/sec                    ( +- 14,42% )
                 0      cpu-migrations            #    0,001 K/sec                    ( +- 55,28% )
             2.617      page-faults               #    0,007 M/sec                    ( +-  0,02% )
     1.307.344.224      cycles                    #    3,489 GHz                      ( +-  0,53% )
     1.389.332.233      instructions              #    1,06  insn per cycle           ( +-  0,03% )
       109.436.194      branches                  #  292,101 M/sec                    ( +-  0,08% )
           408.529      branch-misses             #    0,37% of all branches          ( +-  9,82% )

           0,38362 +- 0,00288 seconds time elapsed  ( +-  0,75% )


 Performance counter stats for './mandelbrot_seq -0.188 -0.012 0.554 0.754 1024' (10 runs):

          1.323,88 msec task-clock                #    0,999 CPUs utilized            ( +-  0,10% )
                28      context-switches          #    0,021 K/sec                    ( +- 31,89% )
                 0      cpu-migrations            #    0,000 K/sec                    ( +-100,00% )
            10.296      page-faults               #    0,008 M/sec                    ( +-  0,00% )
     4.617.105.431      cycles                    #    3,488 GHz                      ( +-  0,08% )
     5.546.472.894      instructions              #    1,20  insn per cycle           ( +-  0,01% )
       435.817.089      branches                  #  329,196 M/sec                    ( +-  0,01% )
         1.092.961      branch-misses             #    0,25% of all branches          ( +-  0,84% )

           1,32584 +- 0,00177 seconds time elapsed  ( +-  0,13% )


 Performance counter stats for './mandelbrot_seq -0.188 -0.012 0.554 0.754 2048' (10 runs):

          5.308,40 msec task-clock                #    1,000 CPUs utilized            ( +-  0,54% )
                42      context-switches          #    0,008 K/sec                    ( +- 39,38% )
                 0      cpu-migrations            #    0,000 K/sec                    ( +-100,00% )
            41.016      page-faults               #    0,008 M/sec                    ( +-  0,00% )
    18.521.755.156      cycles                    #    3,489 GHz                      ( +-  0,54% )
    22.184.101.988      instructions              #    1,20  insn per cycle           ( +-  0,01% )
     1.743.241.447      branches                  #  328,393 M/sec                    ( +-  0,04% )
         4.406.426      branch-misses             #    0,25% of all branches          ( +-  2,39% )

            5,3080 +- 0,0293 seconds time elapsed  ( +-  0,55% )


 Performance counter stats for './mandelbrot_seq -0.188 -0.012 0.554 0.754 4096' (10 runs):

         20.973,74 msec task-clock                #    1,000 CPUs utilized            ( +-  0,04% )
               120      context-switches          #    0,006 K/sec                    ( +- 16,85% )
                 2      cpu-migrations            #    0,000 K/sec                    ( +- 33,06% )
           163.897      page-faults               #    0,008 M/sec                    ( +-  0,00% )
    73.211.656.135      cycles                    #    3,491 GHz                      ( +-  0,04% )
    88.725.110.185      instructions              #    1,21  insn per cycle           ( +-  0,00% )
     6.970.606.098      branches                  #  332,349 M/sec                    ( +-  0,02% )
        16.635.392      branch-misses             #    0,24% of all branches          ( +-  0,06% )

          20,97900 +- 0,00925 seconds time elapsed  ( +-  0,04% )


 Performance counter stats for './mandelbrot_seq -0.188 -0.012 0.554 0.754 8192' (10 runs):

         83.996,44 msec task-clock                #    1,000 CPUs utilized            ( +-  0,03% )
               602      context-switches          #    0,007 K/sec                    ( +- 29,29% )
                12      cpu-migrations            #    0,000 K/sec                    ( +- 18,96% )
           655.416      page-faults               #    0,008 M/sec                    ( +-  0,00% )
   293.172.239.458      cycles                    #    3,490 GHz                      ( +-  0,03% )
   354.987.153.666      instructions              #    1,21  insn per cycle           ( +-  0,00% )
    27.900.596.094      branches                  #  332,164 M/sec                    ( +-  0,01% )
        66.452.285      branch-misses             #    0,24% of all branches          ( +-  0,10% )

           84,0234 +- 0,0279 seconds time elapsed  ( +-  0,03% )

