
 Performance counter stats for './mandelbrot_omp -0.188 -0.012 0.554 0.754 16' (10 runs):

              0,93 msec task-clock                #    1,026 CPUs utilized            ( +-  2,07% )
                 0      context-switches          #    0,108 K/sec                    ( +-100,00% )
                 0      cpu-migrations            #    0,000 K/sec                  
                87      page-faults               #    0,094 M/sec                    ( +-  0,45% )
         3.216.820      cycles                    #    3,473 GHz                      ( +-  2,08% )
         2.575.168      instructions              #    0,80  insn per cycle           ( +-  0,47% )
           409.153      branches                  #  441,689 M/sec                    ( +-  0,55% )
            11.771      branch-misses             #    2,88% of all branches          ( +-  1,01% )

         0,0009030 +- 0,0000452 seconds time elapsed  ( +-  5,01% )


 Performance counter stats for './mandelbrot_omp -0.188 -0.012 0.554 0.754 32' (10 runs):

              2,15 msec task-clock                #    1,371 CPUs utilized            ( +-  5,78% )
                 0      context-switches          #    0,000 K/sec                  
                 0      cpu-migrations            #    0,000 K/sec                  
                94      page-faults               #    0,044 M/sec                    ( +-  0,33% )
         7.456.406      cycles                    #    3,472 GHz                      ( +-  5,83% )
         6.568.811      instructions              #    0,88  insn per cycle           ( +-  0,24% )
           885.221      branches                  #  412,152 M/sec                    ( +-  0,48% )
            12.984      branch-misses             #    1,47% of all branches          ( +-  0,74% )

          0,001567 +- 0,000120 seconds time elapsed  ( +-  7,63% )


 Performance counter stats for './mandelbrot_omp -0.188 -0.012 0.554 0.754 64' (10 runs):

              6,89 msec task-clock                #    1,685 CPUs utilized            ( +-  3,43% )
                 1      context-switches          #    0,203 K/sec                    ( +- 45,43% )
                 0      cpu-migrations            #    0,000 K/sec                  
               124      page-faults               #    0,018 M/sec                    ( +-  0,36% )
        24.027.932      cycles                    #    3,487 GHz                      ( +-  3,43% )
        22.522.848      instructions              #    0,94  insn per cycle           ( +-  0,16% )
         2.782.145      branches                  #  403,785 M/sec                    ( +-  0,37% )
            16.911      branch-misses             #    0,61% of all branches          ( +-  0,72% )

          0,004090 +- 0,000206 seconds time elapsed  ( +-  5,03% )


 Performance counter stats for './mandelbrot_omp -0.188 -0.012 0.554 0.754 128' (10 runs):

             23,59 msec task-clock                #    1,900 CPUs utilized            ( +-  1,29% )
                 4      context-switches          #    0,157 K/sec                    ( +-  9,91% )
                 0      cpu-migrations            #    0,000 K/sec                  
               244      page-faults               #    0,010 M/sec                    ( +-  0,16% )
        81.902.129      cycles                    #    3,472 GHz                      ( +-  1,34% )
        85.879.709      instructions              #    1,05  insn per cycle           ( +-  0,03% )
        10.287.203      branches                  #  436,120 M/sec                    ( +-  0,06% )
            31.743      branch-misses             #    0,31% of all branches          ( +-  1,26% )

          0,012416 +- 0,000164 seconds time elapsed  ( +-  1,32% )


 Performance counter stats for './mandelbrot_omp -0.188 -0.012 0.554 0.754 256' (10 runs):

             90,27 msec task-clock                #    1,962 CPUs utilized            ( +-  0,29% )
                18      context-switches          #    0,195 K/sec                    ( +- 11,71% )
                 0      cpu-migrations            #    0,001 K/sec                    ( +-100,00% )
               725      page-faults               #    0,008 M/sec                    ( +-  0,07% )
       314.522.435      cycles                    #    3,484 GHz                      ( +-  0,28% )
       339.296.746      instructions              #    1,08  insn per cycle           ( +-  0,01% )
        40.326.046      branches                  #  446,732 M/sec                    ( +-  0,02% )
            88.050      branch-misses             #    0,22% of all branches          ( +-  0,63% )

          0,046005 +- 0,000152 seconds time elapsed  ( +-  0,33% )


 Performance counter stats for './mandelbrot_omp -0.188 -0.012 0.554 0.754 512' (10 runs):

            349,28 msec task-clock                #    1,937 CPUs utilized            ( +-  0,17% )
                51      context-switches          #    0,147 K/sec                    ( +- 13,75% )
                 0      cpu-migrations            #    0,001 K/sec                    ( +- 55,28% )
             2.645      page-faults               #    0,008 M/sec                    ( +-  0,01% )
     1.218.711.426      cycles                    #    3,489 GHz                      ( +-  0,17% )
     1.350.982.224      instructions              #    1,11  insn per cycle           ( +-  0,01% )
       160.000.420      branches                  #  458,090 M/sec                    ( +-  0,01% )
           304.135      branch-misses             #    0,19% of all branches          ( +-  0,44% )

          0,180324 +- 0,000494 seconds time elapsed  ( +-  0,27% )


 Performance counter stats for './mandelbrot_omp -0.188 -0.012 0.554 0.754 1024' (10 runs):

          1.355,47 msec task-clock                #    1,887 CPUs utilized            ( +-  0,19% )
               199      context-switches          #    0,147 K/sec                    ( +- 11,13% )
                 1      cpu-migrations            #    0,001 K/sec                    ( +- 36,32% )
            10.324      page-faults               #    0,008 M/sec                    ( +-  0,00% )
     4.728.924.567      cycles                    #    3,489 GHz                      ( +-  0,18% )
     5.390.458.135      instructions              #    1,14  insn per cycle           ( +-  0,00% )
       636.885.750      branches                  #  469,863 M/sec                    ( +-  0,01% )
         1.160.945      branch-misses             #    0,18% of all branches          ( +-  0,29% )

           0,71837 +- 0,00110 seconds time elapsed  ( +-  0,15% )


 Performance counter stats for './mandelbrot_omp -0.188 -0.012 0.554 0.754 2048' (10 runs):

          5.507,06 msec task-clock                #    1,884 CPUs utilized            ( +-  0,23% )
               820      context-switches          #    0,149 K/sec                    ( +- 10,12% )
                 2      cpu-migrations            #    0,000 K/sec                    ( +- 18,14% )
            41.045      page-faults               #    0,007 M/sec                    ( +-  0,00% )
    18.740.596.247      cycles                    #    3,403 GHz                      ( +-  0,07% )
    21.549.293.437      instructions              #    1,15  insn per cycle           ( +-  0,00% )
     2.544.615.879      branches                  #  462,064 M/sec                    ( +-  0,01% )
         4.567.641      branch-misses             #    0,18% of all branches          ( +-  0,35% )

           2,92302 +- 0,00622 seconds time elapsed  ( +-  0,21% )


 Performance counter stats for './mandelbrot_omp -0.188 -0.012 0.554 0.754 4096' (10 runs):

         21.845,23 msec task-clock                #    1,877 CPUs utilized            ( +-  0,33% )
             3.101      context-switches          #    0,142 K/sec                    ( +-  2,96% )
                10      cpu-migrations            #    0,000 K/sec                    ( +- 11,30% )
           163.925      page-faults               #    0,008 M/sec                    ( +-  0,00% )
    74.660.608.842      cycles                    #    3,418 GHz                      ( +-  0,15% )
    86.163.652.874      instructions              #    1,15  insn per cycle           ( +-  0,00% )
    10.172.096.831      branches                  #  465,644 M/sec                    ( +-  0,01% )
        17.827.841      branch-misses             #    0,18% of all branches          ( +-  0,12% )

           11,6402 +- 0,0439 seconds time elapsed  ( +-  0,38% )


 Performance counter stats for './mandelbrot_omp -0.188 -0.012 0.554 0.754 8192' (10 runs):

         87.363,38 msec task-clock                #    1,877 CPUs utilized            ( +-  0,12% )
            10.946      context-switches          #    0,125 K/sec                    ( +-  2,67% )
                35      cpu-migrations            #    0,000 K/sec                    ( +-  9,00% )
           655.445      page-faults               #    0,008 M/sec                    ( +-  0,00% )
   298.303.530.157      cycles                    #    3,415 GHz                      ( +-  0,04% )
   344.769.895.032      instructions              #    1,16  insn per cycle           ( +-  0,00% )
    40.707.874.730      branches                  #  465,960 M/sec                    ( +-  0,01% )
        71.145.349      branch-misses             #    0,17% of all branches          ( +-  0,11% )

           46,5387 +- 0,0908 seconds time elapsed  ( +-  0,20% )

