
 Performance counter stats for './mandelbrot_omp -2.5 1.5 -2.0 2.0 16' (10 runs):

              1,23 msec task-clock                #    1,208 CPUs utilized            ( +-  1,53% )
                38      context-switches          #    0,031 M/sec                    ( +-  3,54% )
                 7      cpu-migrations            #    0,006 M/sec                    ( +- 10,24% )
               104      page-faults               #    0,084 M/sec                    ( +-  0,28% )
         4.156.357      cycles                    #    3,367 GHz                      ( +-  1,30% )
         2.295.090      instructions              #    0,55  insn per cycle           ( +-  0,38% )
           449.875      branches                  #  364,485 M/sec                    ( +-  0,40% )
            18.333      branch-misses             #    4,08% of all branches          ( +-  1,87% )

         0,0010220 +- 0,0000262 seconds time elapsed  ( +-  2,57% )


 Performance counter stats for './mandelbrot_omp -2.5 1.5 -2.0 2.0 32' (10 runs):

              1,53 msec task-clock                #    0,527 CPUs utilized            ( +-  2,13% )
                41      context-switches          #    0,027 M/sec                    ( +-  4,56% )
                 8      cpu-migrations            #    0,005 M/sec                    ( +-  6,57% )
               112      page-faults               #    0,073 M/sec                    ( +-  0,27% )
         5.176.319      cycles                    #    3,391 GHz                      ( +-  2,14% )
         3.242.056      instructions              #    0,63  insn per cycle           ( +-  0,84% )
           584.035      branches                  #  382,590 M/sec                    ( +-  0,95% )
            20.494      branch-misses             #    3,51% of all branches          ( +-  2,55% )

          0,002898 +- 0,000279 seconds time elapsed  ( +-  9,64% )


 Performance counter stats for './mandelbrot_omp -2.5 1.5 -2.0 2.0 64' (10 runs):

              2,31 msec task-clock                #    1,274 CPUs utilized            ( +-  0,90% )
                41      context-switches          #    0,018 M/sec                    ( +-  5,45% )
                 8      cpu-migrations            #    0,004 M/sec                    ( +- 10,38% )
               140      page-faults               #    0,061 M/sec                    ( +-  0,21% )
         7.896.599      cycles                    #    3,415 GHz                      ( +-  0,88% )
         6.749.921      instructions              #    0,85  insn per cycle           ( +-  0,29% )
         1.072.676      branches                  #  463,960 M/sec                    ( +-  0,41% )
            20.890      branch-misses             #    1,95% of all branches          ( +-  2,21% )

          0,001815 +- 0,000118 seconds time elapsed  ( +-  6,49% )


 Performance counter stats for './mandelbrot_omp -2.5 1.5 -2.0 2.0 128' (10 runs):

              5,75 msec task-clock                #    1,631 CPUs utilized            ( +-  2,74% )
                35      context-switches          #    0,006 M/sec                    ( +-  2,86% )
                 7      cpu-migrations            #    0,001 M/sec                    ( +-  8,52% )
               261      page-faults               #    0,045 M/sec                    ( +-  0,13% )
        19.870.844      cycles                    #    3,457 GHz                      ( +-  2,56% )
        20.757.760      instructions              #    1,04  insn per cycle           ( +-  0,94% )
         3.028.011      branches                  #  526,808 M/sec                    ( +-  1,25% )
            26.728      branch-misses             #    0,88% of all branches          ( +-  4,61% )

          0,003525 +- 0,000129 seconds time elapsed  ( +-  3,67% )


 Performance counter stats for './mandelbrot_omp -2.5 1.5 -2.0 2.0 256' (10 runs):

             19,59 msec task-clock                #    2,096 CPUs utilized            ( +-  1,47% )
                39      context-switches          #    0,002 M/sec                    ( +-  5,66% )
                11      cpu-migrations            #    0,562 K/sec                    ( +-  8,35% )
               741      page-faults               #    0,038 M/sec                    ( +-  0,04% )
        68.188.669      cycles                    #    3,481 GHz                      ( +-  1,48% )
        76.633.826      instructions              #    1,12  insn per cycle           ( +-  0,05% )
        10.835.281      branches                  #  553,111 M/sec                    ( +-  0,08% )
            41.592      branch-misses             #    0,38% of all branches          ( +-  1,03% )

          0,009346 +- 0,000158 seconds time elapsed  ( +-  1,69% )


 Performance counter stats for './mandelbrot_omp -2.5 1.5 -2.0 2.0 512' (10 runs):

             74,68 msec task-clock                #    2,147 CPUs utilized            ( +-  1,36% )
                65      context-switches          #    0,870 K/sec                    ( +- 18,24% )
                15      cpu-migrations            #    0,206 K/sec                    ( +- 15,06% )
             2.661      page-faults               #    0,036 M/sec                    ( +-  0,02% )
       260.167.635      cycles                    #    3,484 GHz                      ( +-  1,37% )
       300.844.995      instructions              #    1,16  insn per cycle           ( +-  0,07% )
        42.243.782      branches                  #  565,696 M/sec                    ( +-  0,11% )
           100.769      branch-misses             #    0,24% of all branches          ( +-  2,09% )

          0,034779 +- 0,000572 seconds time elapsed  ( +-  1,65% )


 Performance counter stats for './mandelbrot_omp -2.5 1.5 -2.0 2.0 1024' (10 runs):

            301,29 msec task-clock                #    2,212 CPUs utilized            ( +-  0,40% )
               124      context-switches          #    0,412 K/sec                    ( +- 13,46% )
                28      cpu-migrations            #    0,094 K/sec                    ( +- 17,50% )
            10.341      page-faults               #    0,034 M/sec                    ( +-  0,00% )
     1.007.526.692      cycles                    #    3,344 GHz                      ( +-  0,39% )
     1.197.325.258      instructions              #    1,19  insn per cycle           ( +-  0,04% )
       167.748.064      branches                  #  556,767 M/sec                    ( +-  0,06% )
           305.137      branch-misses             #    0,18% of all branches          ( +-  1,12% )

           0,13619 +- 0,00101 seconds time elapsed  ( +-  0,74% )


 Performance counter stats for './mandelbrot_omp -2.5 1.5 -2.0 2.0 2048' (10 runs):

          1.241,89 msec task-clock                #    2,102 CPUs utilized            ( +-  2,55% )
               410      context-switches          #    0,330 K/sec                    ( +- 11,59% )
                79      cpu-migrations            #    0,063 K/sec                    ( +- 13,51% )
            41.061      page-faults               #    0,033 M/sec                    ( +-  0,00% )
     4.009.568.761      cycles                    #    3,229 GHz                      ( +-  0,25% )
     4.780.651.983      instructions              #    1,19  insn per cycle           ( +-  0,02% )
       669.088.592      branches                  #  538,765 M/sec                    ( +-  0,03% )
         1.092.015      branch-misses             #    0,16% of all branches          ( +-  0,52% )

            0,5909 +- 0,0144 seconds time elapsed  ( +-  2,44% )


 Performance counter stats for './mandelbrot_omp -2.5 1.5 -2.0 2.0 4096' (10 runs):

          4.711,93 msec task-clock                #    2,141 CPUs utilized            ( +-  0,43% )
               981      context-switches          #    0,208 K/sec                    ( +-  5,05% )
               168      cpu-migrations            #    0,036 K/sec                    ( +-  6,24% )
           163.941      page-faults               #    0,035 M/sec                    ( +-  0,00% )
    15.990.917.731      cycles                    #    3,394 GHz                      ( +-  0,08% )
    19.105.881.826      instructions              #    1,19  insn per cycle           ( +-  0,01% )
     2.672.568.053      branches                  #  567,191 M/sec                    ( +-  0,01% )
         4.104.041      branch-misses             #    0,15% of all branches          ( +-  0,63% )

            2,2012 +- 0,0123 seconds time elapsed  ( +-  0,56% )


 Performance counter stats for './mandelbrot_omp -2.5 1.5 -2.0 2.0 8192' (10 runs):

         18.864,93 msec task-clock                #    2,149 CPUs utilized            ( +-  0,46% )
             3.377      context-switches          #    0,179 K/sec                    ( +-  2,13% )
               538      cpu-migrations            #    0,029 K/sec                    ( +-  3,54% )
           655.462      page-faults               #    0,035 M/sec                    ( +-  0,00% )
    63.954.071.008      cycles                    #    3,390 GHz                      ( +-  0,09% )
    76.434.429.865      instructions              #    1,20  insn per cycle           ( +-  0,02% )
    10.693.840.977      branches                  #  566,864 M/sec                    ( +-  0,02% )
        15.553.866      branch-misses             #    0,15% of all branches          ( +-  0,22% )

            8,7783 +- 0,0654 seconds time elapsed  ( +-  0,74% )

