
 Performance counter stats for './mandelbrot_omp -0.8 -0.7 0.05 0.15 16' (10 runs):

              1,58 msec task-clock                #    1,113 CPUs utilized            ( +-  3,04% )
                38      context-switches          #    0,024 M/sec                    ( +-  2,33% )
                 8      cpu-migrations            #    0,005 M/sec                    ( +-  6,92% )
               104      page-faults               #    0,066 M/sec                    ( +-  0,27% )
         5.361.880      cycles                    #    3,389 GHz                      ( +-  2,97% )
         3.329.400      instructions              #    0,62  insn per cycle           ( +-  3,60% )
           578.519      branches                  #  365,693 M/sec                    ( +-  3,99% )
            19.261      branch-misses             #    3,33% of all branches          ( +-  3,81% )

          0,001422 +- 0,000119 seconds time elapsed  ( +-  8,38% )


 Performance counter stats for './mandelbrot_omp -0.8 -0.7 0.05 0.15 32' (10 runs):

              3,19 msec task-clock                #    1,017 CPUs utilized            ( +- 10,23% )
                38      context-switches          #    0,012 M/sec                    ( +-  4,04% )
                 8      cpu-migrations            #    0,002 M/sec                    ( +- 11,29% )
               111      page-faults               #    0,035 M/sec                    ( +-  0,30% )
         8.777.794      cycles                    #    2,755 GHz                      ( +-  0,88% )
         6.872.907      instructions              #    0,78  insn per cycle           ( +-  0,19% )
         1.000.884      branches                  #  314,098 M/sec                    ( +-  0,28% )
            20.166      branch-misses             #    2,01% of all branches          ( +-  1,70% )

          0,003134 +- 0,000311 seconds time elapsed  ( +-  9,92% )


 Performance counter stats for './mandelbrot_omp -0.8 -0.7 0.05 0.15 64' (10 runs):

              6,81 msec task-clock                #    2,217 CPUs utilized            ( +-  0,74% )
                38      context-switches          #    0,006 M/sec                    ( +-  3,26% )
                 8      cpu-migrations            #    0,001 M/sec                    ( +- 12,10% )
               140      page-faults               #    0,021 M/sec                    ( +-  0,21% )
        23.563.677      cycles                    #    3,462 GHz                      ( +-  0,57% )
        21.437.924      instructions              #    0,91  insn per cycle           ( +-  0,06% )
         2.767.278      branches                  #  406,537 M/sec                    ( +-  0,10% )
            24.089      branch-misses             #    0,87% of all branches          ( +-  1,14% )

         0,0030707 +- 0,0000341 seconds time elapsed  ( +-  1,11% )


 Performance counter stats for './mandelbrot_omp -0.8 -0.7 0.05 0.15 128' (10 runs):

             23,83 msec task-clock                #    2,591 CPUs utilized            ( +-  1,02% )
                42      context-switches          #    0,002 M/sec                    ( +-  5,46% )
                 9      cpu-migrations            #    0,374 K/sec                    ( +-  8,11% )
               261      page-faults               #    0,011 M/sec                    ( +-  0,12% )
        82.889.279      cycles                    #    3,479 GHz                      ( +-  0,99% )
        79.617.496      instructions              #    0,96  insn per cycle           ( +-  0,03% )
         9.826.407      branches                  #  412,388 M/sec                    ( +-  0,05% )
            38.578      branch-misses             #    0,39% of all branches          ( +-  0,44% )

          0,009196 +- 0,000185 seconds time elapsed  ( +-  2,02% )


 Performance counter stats for './mandelbrot_omp -0.8 -0.7 0.05 0.15 256' (10 runs):

             92,15 msec task-clock                #    3,027 CPUs utilized            ( +-  0,41% )
                48      context-switches          #    0,520 K/sec                    ( +-  4,63% )
                12      cpu-migrations            #    0,133 K/sec                    ( +-  7,57% )
               741      page-faults               #    0,008 M/sec                    ( +-  0,05% )
       320.833.395      cycles                    #    3,482 GHz                      ( +-  0,41% )
       312.959.563      instructions              #    0,98  insn per cycle           ( +-  0,09% )
        38.185.258      branches                  #  414,399 M/sec                    ( +-  0,15% )
            93.500      branch-misses             #    0,24% of all branches          ( +-  1,45% )

          0,030442 +- 0,000574 seconds time elapsed  ( +-  1,88% )


 Performance counter stats for './mandelbrot_omp -0.8 -0.7 0.05 0.15 512' (10 runs):

            369,62 msec task-clock                #    3,371 CPUs utilized            ( +-  0,29% )
                86      context-switches          #    0,233 K/sec                    ( +-  8,18% )
                15      cpu-migrations            #    0,040 K/sec                    ( +-  7,10% )
             2.661      page-faults               #    0,007 M/sec                    ( +-  0,01% )
     1.289.539.552      cycles                    #    3,489 GHz                      ( +-  0,30% )
     1.244.850.419      instructions              #    0,97  insn per cycle           ( +-  0,01% )
       151.392.403      branches                  #  409,584 M/sec                    ( +-  0,02% )
           296.729      branch-misses             #    0,20% of all branches          ( +-  0,54% )

           0,10965 +- 0,00133 seconds time elapsed  ( +-  1,21% )


 Performance counter stats for './mandelbrot_omp -0.8 -0.7 0.05 0.15 1024' (10 runs):

          1.556,85 msec task-clock                #    3,434 CPUs utilized            ( +-  0,32% )
               255      context-switches          #    0,164 K/sec                    ( +-  7,13% )
                37      cpu-migrations            #    0,024 K/sec                    ( +- 10,43% )
            10.341      page-faults               #    0,007 M/sec                    ( +-  0,00% )
     5.161.782.352      cycles                    #    3,316 GHz                      ( +-  0,35% )
     4.972.520.455      instructions              #    0,96  insn per cycle           ( +-  0,01% )
       604.283.174      branches                  #  388,145 M/sec                    ( +-  0,02% )
         1.090.647      branch-misses             #    0,18% of all branches          ( +-  0,32% )

           0,45330 +- 0,00262 seconds time elapsed  ( +-  0,58% )


 Performance counter stats for './mandelbrot_omp -0.8 -0.7 0.05 0.15 2048' (10 runs):

          6.222,47 msec task-clock                #    3,466 CPUs utilized            ( +-  0,67% )
               789      context-switches          #    0,127 K/sec                    ( +-  3,62% )
                88      cpu-migrations            #    0,014 K/sec                    ( +-  8,04% )
            41.061      page-faults               #    0,007 M/sec                    ( +-  0,00% )
    20.653.333.144      cycles                    #    3,319 GHz                      ( +-  0,17% )
    19.877.579.395      instructions              #    0,96  insn per cycle           ( +-  0,01% )
     2.414.532.970      branches                  #  388,035 M/sec                    ( +-  0,01% )
         4.236.890      branch-misses             #    0,18% of all branches          ( +-  0,17% )

            1,7951 +- 0,0187 seconds time elapsed  ( +-  1,04% )


 Performance counter stats for './mandelbrot_omp -0.8 -0.7 0.05 0.15 4096' (10 runs):

         25.175,75 msec task-clock                #    3,556 CPUs utilized            ( +-  0,18% )
             2.871      context-switches          #    0,114 K/sec                    ( +-  4,62% )
               271      cpu-migrations            #    0,011 K/sec                    ( +-  3,52% )
           163.941      page-faults               #    0,007 M/sec                    ( +-  0,00% )
    82.897.690.300      cycles                    #    3,293 GHz                      ( +-  0,18% )
    79.509.565.318      instructions              #    0,96  insn per cycle           ( +-  0,01% )
     9.658.497.853      branches                  #  383,643 M/sec                    ( +-  0,01% )
        16.650.359      branch-misses             #    0,17% of all branches          ( +-  0,05% )

            7,0799 +- 0,0246 seconds time elapsed  ( +-  0,35% )


 Performance counter stats for './mandelbrot_omp -0.8 -0.7 0.05 0.15 8192' (10 runs):

        100.754,38 msec task-clock                #    3,581 CPUs utilized            ( +-  0,11% )
            10.646      context-switches          #    0,106 K/sec                    ( +-  1,76% )
               931      cpu-migrations            #    0,009 K/sec                    ( +-  2,78% )
           655.462      page-faults               #    0,007 M/sec                    ( +-  0,00% )
   330.933.242.466      cycles                    #    3,285 GHz                      ( +-  0,07% )
   318.055.945.952      instructions              #    0,96  insn per cycle           ( +-  0,00% )
    38.639.374.226      branches                  #  383,501 M/sec                    ( +-  0,01% )
        65.874.431      branch-misses             #    0,17% of all branches          ( +-  0,04% )

            28,135 +- 0,111 seconds time elapsed  ( +-  0,39% )

