
 Performance counter stats for './mandelbrot_omp -0.188 -0.012 0.554 0.754 16' (10 runs):

              1,61 msec task-clock                #    0,746 CPUs utilized            ( +-  1,72% )
                39      context-switches          #    0,024 M/sec                    ( +-  4,86% )
                 8      cpu-migrations            #    0,005 M/sec                    ( +-  9,59% )
               104      page-faults               #    0,065 M/sec                    ( +-  0,38% )
         5.478.860      cycles                    #    3,395 GHz                      ( +-  1,59% )
         3.379.633      instructions              #    0,62  insn per cycle           ( +-  0,39% )
           576.136      branches                  #  356,981 M/sec                    ( +-  0,51% )
            18.850      branch-misses             #    3,27% of all branches          ( +-  2,21% )

          0,002165 +- 0,000322 seconds time elapsed  ( +- 14,89% )


 Performance counter stats for './mandelbrot_omp -0.188 -0.012 0.554 0.754 32' (10 runs):

              2,78 msec task-clock                #    1,749 CPUs utilized            ( +-  1,57% )
                37      context-switches          #    0,013 M/sec                    ( +-  4,22% )
                 7      cpu-migrations            #    0,002 M/sec                    ( +- 10,68% )
               112      page-faults               #    0,040 M/sec                    ( +-  0,48% )
         9.514.910      cycles                    #    3,423 GHz                      ( +-  1,09% )
         7.457.847      instructions              #    0,78  insn per cycle           ( +-  0,19% )
         1.066.664      branches                  #  383,711 M/sec                    ( +-  0,27% )
            19.802      branch-misses             #    1,86% of all branches          ( +-  1,49% )

         0,0015897 +- 0,0000497 seconds time elapsed  ( +-  3,13% )


 Performance counter stats for './mandelbrot_omp -0.188 -0.012 0.554 0.754 64' (10 runs):

              7,64 msec task-clock                #    2,315 CPUs utilized            ( +-  1,19% )
                39      context-switches          #    0,005 M/sec                    ( +-  6,76% )
                 8      cpu-migrations            #    0,001 M/sec                    ( +-  7,78% )
               140      page-faults               #    0,018 M/sec                    ( +-  0,19% )
        26.478.443      cycles                    #    3,467 GHz                      ( +-  1,15% )
        24.026.453      instructions              #    0,91  insn per cycle           ( +-  0,60% )
         3.079.453      branches                  #  403,245 M/sec                    ( +-  0,90% )
            25.008      branch-misses             #    0,81% of all branches          ( +-  3,28% )

         0,0032990 +- 0,0000503 seconds time elapsed  ( +-  1,52% )


 Performance counter stats for './mandelbrot_omp -0.188 -0.012 0.554 0.754 128' (10 runs):

             26,22 msec task-clock                #    2,667 CPUs utilized            ( +-  1,04% )
                39      context-switches          #    0,001 M/sec                    ( +-  4,53% )
                 9      cpu-migrations            #    0,336 K/sec                    ( +-  7,54% )
               261      page-faults               #    0,010 M/sec                    ( +-  0,11% )
        91.271.241      cycles                    #    3,481 GHz                      ( +-  1,02% )
        89.257.104      instructions              #    0,98  insn per cycle           ( +-  0,02% )
        10.939.601      branches                  #  417,193 M/sec                    ( +-  0,03% )
            39.450      branch-misses             #    0,36% of all branches          ( +-  0,70% )

          0,009832 +- 0,000179 seconds time elapsed  ( +-  1,82% )


 Performance counter stats for './mandelbrot_omp -0.188 -0.012 0.554 0.754 256' (10 runs):

            104,10 msec task-clock                #    3,094 CPUs utilized            ( +-  0,74% )
                49      context-switches          #    0,471 K/sec                    ( +-  7,96% )
                12      cpu-migrations            #    0,120 K/sec                    ( +-  9,33% )
               741      page-faults               #    0,007 M/sec                    ( +-  0,03% )
       362.586.883      cycles                    #    3,483 GHz                      ( +-  0,73% )
       351.075.722      instructions              #    0,97  insn per cycle           ( +-  0,04% )
        42.582.874      branches                  #  409,045 M/sec                    ( +-  0,06% )
            97.623      branch-misses             #    0,23% of all branches          ( +-  0,74% )

          0,033651 +- 0,000514 seconds time elapsed  ( +-  1,53% )


 Performance counter stats for './mandelbrot_omp -0.188 -0.012 0.554 0.754 512' (10 runs):

            439,48 msec task-clock                #    3,476 CPUs utilized            ( +-  0,60% )
               128      context-switches          #    0,292 K/sec                    ( +- 16,73% )
                23      cpu-migrations            #    0,051 K/sec                    ( +- 21,66% )
             2.661      page-faults               #    0,006 M/sec                    ( +-  0,01% )
     1.458.601.876      cycles                    #    3,319 GHz                      ( +-  0,28% )
     1.398.465.040      instructions              #    0,96  insn per cycle           ( +-  0,03% )
       169.229.026      branches                  #  385,068 M/sec                    ( +-  0,05% )
           321.833      branch-misses             #    0,19% of all branches          ( +-  0,58% )

           0,12643 +- 0,00109 seconds time elapsed  ( +-  0,86% )


 Performance counter stats for './mandelbrot_omp -0.188 -0.012 0.554 0.754 1024' (10 runs):

          1.766,09 msec task-clock                #    3,543 CPUs utilized            ( +-  0,18% )
               230      context-switches          #    0,130 K/sec                    ( +-  5,36% )
                28      cpu-migrations            #    0,016 K/sec                    ( +- 11,90% )
            10.342      page-faults               #    0,006 M/sec                    ( +-  0,00% )
     5.840.095.435      cycles                    #    3,307 GHz                      ( +-  0,16% )
     5.585.594.424      instructions              #    0,96  insn per cycle           ( +-  0,01% )
       675.237.653      branches                  #  382,335 M/sec                    ( +-  0,01% )
         1.189.820      branch-misses             #    0,18% of all branches          ( +-  0,16% )

           0,49841 +- 0,00252 seconds time elapsed  ( +-  0,51% )


 Performance counter stats for './mandelbrot_omp -0.188 -0.012 0.554 0.754 2048' (10 runs):

          7.113,10 msec task-clock                #    3,564 CPUs utilized            ( +-  0,22% )
               847      context-switches          #    0,119 K/sec                    ( +-  4,38% )
                94      cpu-migrations            #    0,013 K/sec                    ( +-  5,89% )
            41.061      page-faults               #    0,006 M/sec                    ( +-  0,00% )
    23.404.429.269      cycles                    #    3,290 GHz                      ( +-  0,16% )
    22.331.377.469      instructions              #    0,95  insn per cycle           ( +-  0,00% )
     2.698.501.050      branches                  #  379,371 M/sec                    ( +-  0,00% )
         4.645.638      branch-misses             #    0,17% of all branches          ( +-  0,13% )

            1,9960 +- 0,0156 seconds time elapsed  ( +-  0,78% )


 Performance counter stats for './mandelbrot_omp -0.188 -0.012 0.554 0.754 4096' (10 runs):

         28.595,94 msec task-clock                #    3,600 CPUs utilized            ( +-  0,18% )
             3.561      context-switches          #    0,125 K/sec                    ( +-  2,46% )
               324      cpu-migrations            #    0,011 K/sec                    ( +-  3,26% )
           163.941      page-faults               #    0,006 M/sec                    ( +-  0,00% )
    93.787.111.805      cycles                    #    3,280 GHz                      ( +-  0,07% )
    89.330.225.016      instructions              #    0,95  insn per cycle           ( +-  0,01% )
    10.795.699.785      branches                  #  377,526 M/sec                    ( +-  0,02% )
        18.463.230      branch-misses             #    0,17% of all branches          ( +-  0,09% )

            7,9433 +- 0,0421 seconds time elapsed  ( +-  0,53% )


 Performance counter stats for './mandelbrot_omp -0.188 -0.012 0.554 0.754 8192' (10 runs):

        114.415,33 msec task-clock                #    3,623 CPUs utilized            ( +-  0,10% )
            12.222      context-switches          #    0,107 K/sec                    ( +-  2,36% )
             1.111      cpu-migrations            #    0,010 K/sec                    ( +-  1,76% )
           655.461      page-faults               #    0,006 M/sec                    ( +-  0,00% )
   375.445.981.945      cycles                    #    3,281 GHz                      ( +-  0,09% )
   357.310.688.483      instructions              #    0,95  insn per cycle           ( +-  0,00% )
    43.183.384.746      branches                  #  377,427 M/sec                    ( +-  0,01% )
        72.989.548      branch-misses             #    0,17% of all branches          ( +-  0,09% )

            31,580 +- 0,134 seconds time elapsed  ( +-  0,42% )

